{"C:\\Users\\TM-HP\\Desktop\\politico-app\\src\\app.js":{"path":"C:\\Users\\TM-HP\\Desktop\\politico-app\\src\\app.js","statementMap":{"0":{"start":{"line":3,"column":0},"end":{"line":5,"column":3}},"1":{"start":{"line":6,"column":0},"end":{"line":6,"column":25}},"2":{"start":{"line":8,"column":15},"end":{"line":8,"column":57}},"3":{"start":{"line":10,"column":18},"end":{"line":10,"column":64}},"4":{"start":{"line":12,"column":24},"end":{"line":12,"column":76}},"5":{"start":{"line":14,"column":19},"end":{"line":14,"column":74}},"6":{"start":{"line":16,"column":20},"end":{"line":16,"column":76}},"7":{"start":{"line":18,"column":18},"end":{"line":18,"column":72}},"8":{"start":{"line":20,"column":23},"end":{"line":20,"column":82}},"9":{"start":{"line":22,"column":18},"end":{"line":22,"column":72}},"10":{"start":{"line":24,"column":20},"end":{"line":24,"column":76}},"11":{"start":{"line":26,"column":39},"end":{"line":26,"column":93}},"12":{"start":{"line":28,"column":10},"end":{"line":28,"column":33}},"13":{"start":{"line":29,"column":11},"end":{"line":29,"column":35}},"14":{"start":{"line":30,"column":0},"end":{"line":30,"column":36}},"15":{"start":{"line":31,"column":0},"end":{"line":33,"column":4}},"16":{"start":{"line":34,"column":0},"end":{"line":34,"column":42}},"17":{"start":{"line":35,"column":0},"end":{"line":35,"column":30}},"18":{"start":{"line":36,"column":0},"end":{"line":36,"column":31}},"19":{"start":{"line":37,"column":0},"end":{"line":37,"column":29}},"20":{"start":{"line":38,"column":0},"end":{"line":38,"column":34}},"21":{"start":{"line":39,"column":0},"end":{"line":39,"column":29}},"22":{"start":{"line":40,"column":0},"end":{"line":40,"column":31}},"23":{"start":{"line":41,"column":0},"end":{"line":43,"column":3}},"24":{"start":{"line":42,"column":2},"end":{"line":42,"column":38}},"25":{"start":{"line":44,"column":0},"end":{"line":46,"column":3}},"26":{"start":{"line":45,"column":2},"end":{"line":45,"column":23}},"27":{"start":{"line":47,"column":15},"end":{"line":47,"column":18}},"28":{"start":{"line":48,"column":0},"end":{"line":48,"column":27}}},"fnMap":{"0":{"name":"_interopRequireDefault","decl":{"start":{"line":26,"column":9},"end":{"line":26,"column":31}},"loc":{"start":{"line":26,"column":37},"end":{"line":26,"column":95}},"line":26},"1":{"name":"(anonymous_1)","decl":{"start":{"line":41,"column":13},"end":{"line":41,"column":14}},"loc":{"start":{"line":41,"column":39},"end":{"line":43,"column":1}},"line":41},"2":{"name":"(anonymous_2)","decl":{"start":{"line":44,"column":17},"end":{"line":44,"column":18}},"loc":{"start":{"line":44,"column":29},"end":{"line":46,"column":1}},"line":44}},"branchMap":{"0":{"loc":{"start":{"line":26,"column":46},"end":{"line":26,"column":92}},"type":"cond-expr","locations":[{"start":{"line":26,"column":70},"end":{"line":26,"column":73}},{"start":{"line":26,"column":76},"end":{"line":26,"column":92}}],"line":26},"1":{"loc":{"start":{"line":26,"column":46},"end":{"line":26,"column":67}},"type":"binary-expr","locations":[{"start":{"line":26,"column":46},"end":{"line":26,"column":49}},{"start":{"line":26,"column":53},"end":{"line":26,"column":67}}],"line":26},"2":{"loc":{"start":{"line":29,"column":11},"end":{"line":29,"column":35}},"type":"binary-expr","locations":[{"start":{"line":29,"column":11},"end":{"line":29,"column":27}},{"start":{"line":29,"column":31},"end":{"line":29,"column":35}}],"line":29}},"s":{"0":1,"1":1,"2":1,"3":1,"4":1,"5":1,"6":1,"7":1,"8":1,"9":1,"10":1,"11":9,"12":1,"13":1,"14":1,"15":1,"16":1,"17":1,"18":1,"19":1,"20":1,"21":1,"22":1,"23":1,"24":0,"25":1,"26":1,"27":1,"28":1},"f":{"0":9,"1":0,"2":1},"b":{"0":[6,3],"1":[9,9],"2":[1,1]},"_coverageSchema":"43e27e138ebf9cfc5966b082cf9a028302ed4184","hash":"940fa19217ed1baf003fd395e8317ad6d62dda96","contentHash":"f1f8fe2f9689439ac89fbf284ea8cf04bcbcfe57b89ab89cd18f5aab6b18ec32"},"C:\\Users\\TM-HP\\Desktop\\politico-app\\src\\routes\\partyRouter.js":{"path":"C:\\Users\\TM-HP\\Desktop\\politico-app\\src\\routes\\partyRouter.js","statementMap":{"0":{"start":{"line":3,"column":0},"end":{"line":5,"column":3}},"1":{"start":{"line":6,"column":0},"end":{"line":6,"column":25}},"2":{"start":{"line":8,"column":15},"end":{"line":8,"column":57}},"3":{"start":{"line":10,"column":23},"end":{"line":10,"column":88}},"4":{"start":{"line":12,"column":23},"end":{"line":12,"column":88}},"5":{"start":{"line":14,"column":22},"end":{"line":14,"column":82}},"6":{"start":{"line":16,"column":39},"end":{"line":16,"column":93}},"7":{"start":{"line":18,"column":13},"end":{"line":18,"column":38}},"8":{"start":{"line":20,"column":24},"end":{"line":20,"column":41}},"9":{"start":{"line":21,"column":0},"end":{"line":21,"column":107}},"10":{"start":{"line":22,"column":0},"end":{"line":22,"column":70}},"11":{"start":{"line":23,"column":0},"end":{"line":23,"column":93}},"12":{"start":{"line":24,"column":0},"end":{"line":24,"column":125}},"13":{"start":{"line":25,"column":0},"end":{"line":25,"column":91}},"14":{"start":{"line":26,"column":15},"end":{"line":26,"column":21}},"15":{"start":{"line":27,"column":0},"end":{"line":27,"column":27}}},"fnMap":{"0":{"name":"_interopRequireDefault","decl":{"start":{"line":16,"column":9},"end":{"line":16,"column":31}},"loc":{"start":{"line":16,"column":37},"end":{"line":16,"column":95}},"line":16}},"branchMap":{"0":{"loc":{"start":{"line":16,"column":46},"end":{"line":16,"column":92}},"type":"cond-expr","locations":[{"start":{"line":16,"column":70},"end":{"line":16,"column":73}},{"start":{"line":16,"column":76},"end":{"line":16,"column":92}}],"line":16},"1":{"loc":{"start":{"line":16,"column":46},"end":{"line":16,"column":67}},"type":"binary-expr","locations":[{"start":{"line":16,"column":46},"end":{"line":16,"column":49}},{"start":{"line":16,"column":53},"end":{"line":16,"column":67}}],"line":16}},"s":{"0":1,"1":1,"2":1,"3":1,"4":1,"5":1,"6":4,"7":1,"8":1,"9":1,"10":1,"11":1,"12":1,"13":1,"14":1,"15":1},"f":{"0":4},"b":{"0":[3,1],"1":[4,4]},"_coverageSchema":"43e27e138ebf9cfc5966b082cf9a028302ed4184","hash":"a0494879a0d127d9e289a94b41924871bb365ad2","contentHash":"663dd88544ccaf1655b0d0e65be16f380cd8c94d30f34cf13df6dabaf0d9ff27"},"C:\\Users\\TM-HP\\Desktop\\politico-app\\src\\controllers\\partyController.js":{"path":"C:\\Users\\TM-HP\\Desktop\\politico-app\\src\\controllers\\partyController.js","statementMap":{"0":{"start":{"line":3,"column":0},"end":{"line":5,"column":3}},"1":{"start":{"line":6,"column":0},"end":{"line":6,"column":25}},"2":{"start":{"line":8,"column":10},"end":{"line":8,"column":57}},"3":{"start":{"line":10,"column":39},"end":{"line":10,"column":93}},"4":{"start":{"line":12,"column":50},"end":{"line":12,"column":151}},"5":{"start":{"line":12,"column":92},"end":{"line":12,"column":149}},"6":{"start":{"line":14,"column":44},"end":{"line":14,"column":315}},"7":{"start":{"line":14,"column":57},"end":{"line":14,"column":58}},"8":{"start":{"line":14,"column":102},"end":{"line":14,"column":110}},"9":{"start":{"line":14,"column":112},"end":{"line":14,"column":167}},"10":{"start":{"line":14,"column":168},"end":{"line":14,"column":199}},"11":{"start":{"line":14,"column":200},"end":{"line":14,"column":254}},"12":{"start":{"line":14,"column":227},"end":{"line":14,"column":254}},"13":{"start":{"line":14,"column":255},"end":{"line":14,"column":313}},"14":{"start":{"line":16,"column":62},"end":{"line":16,"column":131}},"15":{"start":{"line":16,"column":78},"end":{"line":16,"column":131}},"16":{"start":{"line":16,"column":132},"end":{"line":16,"column":193}},"17":{"start":{"line":16,"column":149},"end":{"line":16,"column":193}},"18":{"start":{"line":16,"column":194},"end":{"line":16,"column":213}},"19":{"start":{"line":20,"column":0},"end":{"line":130,"column":3}},"20":{"start":{"line":22,"column":4},"end":{"line":22,"column":43}},"21":{"start":{"line":25,"column":2},"end":{"line":127,"column":6}},"22":{"start":{"line":28,"column":22},"end":{"line":28,"column":30}},"23":{"start":{"line":29,"column":17},"end":{"line":29,"column":31}},"24":{"start":{"line":30,"column":22},"end":{"line":30,"column":41}},"25":{"start":{"line":31,"column":20},"end":{"line":31,"column":37}},"26":{"start":{"line":32,"column":17},"end":{"line":32,"column":91}},"27":{"start":{"line":33,"column":19},"end":{"line":33,"column":45}},"28":{"start":{"line":35,"column":6},"end":{"line":47,"column":9}},"29":{"start":{"line":36,"column":8},"end":{"line":40,"column":11}},"30":{"start":{"line":42,"column":8},"end":{"line":46,"column":11}},"31":{"start":{"line":52,"column":17},"end":{"line":52,"column":39}},"32":{"start":{"line":54,"column":6},"end":{"line":64,"column":9}},"33":{"start":{"line":55,"column":8},"end":{"line":58,"column":11}},"34":{"start":{"line":60,"column":8},"end":{"line":63,"column":11}},"35":{"start":{"line":69,"column":15},"end":{"line":69,"column":28}},"36":{"start":{"line":70,"column":15},"end":{"line":70,"column":27}},"37":{"start":{"line":71,"column":17},"end":{"line":71,"column":53}},"38":{"start":{"line":72,"column":19},"end":{"line":72,"column":23}},"39":{"start":{"line":74,"column":6},"end":{"line":84,"column":9}},"40":{"start":{"line":75,"column":8},"end":{"line":78,"column":11}},"41":{"start":{"line":80,"column":8},"end":{"line":83,"column":11}},"42":{"start":{"line":89,"column":15},"end":{"line":89,"column":28}},"43":{"start":{"line":90,"column":15},"end":{"line":90,"column":27}},"44":{"start":{"line":91,"column":17},"end":{"line":91,"column":30}},"45":{"start":{"line":92,"column":17},"end":{"line":92,"column":71}},"46":{"start":{"line":93,"column":19},"end":{"line":93,"column":29}},"47":{"start":{"line":95,"column":6},"end":{"line":105,"column":9}},"48":{"start":{"line":96,"column":8},"end":{"line":99,"column":11}},"49":{"start":{"line":101,"column":8},"end":{"line":104,"column":11}},"50":{"start":{"line":110,"column":15},"end":{"line":110,"column":38}},"51":{"start":{"line":111,"column":17},"end":{"line":111,"column":63}},"52":{"start":{"line":112,"column":19},"end":{"line":112,"column":23}},"53":{"start":{"line":114,"column":6},"end":{"line":125,"column":9}},"54":{"start":{"line":115,"column":8},"end":{"line":119,"column":11}},"55":{"start":{"line":121,"column":8},"end":{"line":124,"column":11}},"56":{"start":{"line":129,"column":2},"end":{"line":129,"column":25}},"57":{"start":{"line":132,"column":15},"end":{"line":132,"column":30}},"58":{"start":{"line":133,"column":0},"end":{"line":133,"column":27}}},"fnMap":{"0":{"name":"_interopRequireDefault","decl":{"start":{"line":10,"column":9},"end":{"line":10,"column":31}},"loc":{"start":{"line":10,"column":37},"end":{"line":10,"column":95}},"line":10},"1":{"name":"_classCallCheck","decl":{"start":{"line":12,"column":9},"end":{"line":12,"column":24}},"loc":{"start":{"line":12,"column":48},"end":{"line":12,"column":153}},"line":12},"2":{"name":"_defineProperties","decl":{"start":{"line":14,"column":9},"end":{"line":14,"column":26}},"loc":{"start":{"line":14,"column":42},"end":{"line":14,"column":317}},"line":14},"3":{"name":"_createClass","decl":{"start":{"line":16,"column":9},"end":{"line":16,"column":21}},"loc":{"start":{"line":16,"column":60},"end":{"line":16,"column":215}},"line":16},"4":{"name":"(anonymous_4)","decl":{"start":{"line":20,"column":0},"end":{"line":20,"column":1}},"loc":{"start":{"line":20,"column":12},"end":{"line":130,"column":1}},"line":20},"5":{"name":"PartyController","decl":{"start":{"line":21,"column":11},"end":{"line":21,"column":26}},"loc":{"start":{"line":21,"column":29},"end":{"line":23,"column":3}},"line":21},"6":{"name":"createParty","decl":{"start":{"line":27,"column":20},"end":{"line":27,"column":31}},"loc":{"start":{"line":27,"column":42},"end":{"line":48,"column":5}},"line":27},"7":{"name":"(anonymous_7)","decl":{"start":{"line":35,"column":43},"end":{"line":35,"column":44}},"loc":{"start":{"line":35,"column":63},"end":{"line":41,"column":7}},"line":35},"8":{"name":"(anonymous_8)","decl":{"start":{"line":41,"column":15},"end":{"line":41,"column":16}},"loc":{"start":{"line":41,"column":30},"end":{"line":47,"column":7}},"line":41},"9":{"name":"getAllParties","decl":{"start":{"line":51,"column":20},"end":{"line":51,"column":33}},"loc":{"start":{"line":51,"column":44},"end":{"line":65,"column":5}},"line":51},"10":{"name":"(anonymous_10)","decl":{"start":{"line":54,"column":35},"end":{"line":54,"column":36}},"loc":{"start":{"line":54,"column":52},"end":{"line":59,"column":7}},"line":54},"11":{"name":"(anonymous_11)","decl":{"start":{"line":59,"column":15},"end":{"line":59,"column":16}},"loc":{"start":{"line":59,"column":30},"end":{"line":64,"column":7}},"line":59},"12":{"name":"getASpecificParty","decl":{"start":{"line":68,"column":20},"end":{"line":68,"column":37}},"loc":{"start":{"line":68,"column":48},"end":{"line":85,"column":5}},"line":68},"13":{"name":"(anonymous_13)","decl":{"start":{"line":74,"column":43},"end":{"line":74,"column":44}},"loc":{"start":{"line":74,"column":60},"end":{"line":79,"column":7}},"line":74},"14":{"name":"(anonymous_14)","decl":{"start":{"line":79,"column":15},"end":{"line":79,"column":16}},"loc":{"start":{"line":79,"column":30},"end":{"line":84,"column":7}},"line":79},"15":{"name":"editAParty","decl":{"start":{"line":88,"column":20},"end":{"line":88,"column":30}},"loc":{"start":{"line":88,"column":41},"end":{"line":106,"column":5}},"line":88},"16":{"name":"(anonymous_16)","decl":{"start":{"line":95,"column":43},"end":{"line":95,"column":44}},"loc":{"start":{"line":95,"column":60},"end":{"line":100,"column":7}},"line":95},"17":{"name":"(anonymous_17)","decl":{"start":{"line":100,"column":15},"end":{"line":100,"column":16}},"loc":{"start":{"line":100,"column":30},"end":{"line":105,"column":7}},"line":100},"18":{"name":"deleteAParty","decl":{"start":{"line":109,"column":20},"end":{"line":109,"column":32}},"loc":{"start":{"line":109,"column":43},"end":{"line":126,"column":5}},"line":109},"19":{"name":"(anonymous_19)","decl":{"start":{"line":114,"column":43},"end":{"line":114,"column":44}},"loc":{"start":{"line":114,"column":60},"end":{"line":120,"column":7}},"line":114},"20":{"name":"(anonymous_20)","decl":{"start":{"line":120,"column":15},"end":{"line":120,"column":16}},"loc":{"start":{"line":120,"column":32},"end":{"line":125,"column":7}},"line":120}},"branchMap":{"0":{"loc":{"start":{"line":10,"column":46},"end":{"line":10,"column":92}},"type":"cond-expr","locations":[{"start":{"line":10,"column":70},"end":{"line":10,"column":73}},{"start":{"line":10,"column":76},"end":{"line":10,"column":92}}],"line":10},"1":{"loc":{"start":{"line":10,"column":46},"end":{"line":10,"column":67}},"type":"binary-expr","locations":[{"start":{"line":10,"column":46},"end":{"line":10,"column":49}},{"start":{"line":10,"column":53},"end":{"line":10,"column":67}}],"line":10},"2":{"loc":{"start":{"line":12,"column":50},"end":{"line":12,"column":151}},"type":"if","locations":[{"start":{"line":12,"column":50},"end":{"line":12,"column":151}},{"start":{"line":12,"column":50},"end":{"line":12,"column":151}}],"line":12},"3":{"loc":{"start":{"line":14,"column":136},"end":{"line":14,"column":166}},"type":"binary-expr","locations":[{"start":{"line":14,"column":136},"end":{"line":14,"column":157}},{"start":{"line":14,"column":161},"end":{"line":14,"column":166}}],"line":14},"4":{"loc":{"start":{"line":14,"column":200},"end":{"line":14,"column":254}},"type":"if","locations":[{"start":{"line":14,"column":200},"end":{"line":14,"column":254}},{"start":{"line":14,"column":200},"end":{"line":14,"column":254}}],"line":14},"5":{"loc":{"start":{"line":16,"column":62},"end":{"line":16,"column":131}},"type":"if","locations":[{"start":{"line":16,"column":62},"end":{"line":16,"column":131}},{"start":{"line":16,"column":62},"end":{"line":16,"column":131}}],"line":16},"6":{"loc":{"start":{"line":16,"column":132},"end":{"line":16,"column":193}},"type":"if","locations":[{"start":{"line":16,"column":132},"end":{"line":16,"column":193}},{"start":{"line":16,"column":132},"end":{"line":16,"column":193}}],"line":16}},"s":{"0":1,"1":1,"2":1,"3":1,"4":0,"5":0,"6":1,"7":1,"8":5,"9":5,"10":5,"11":5,"12":5,"13":5,"14":1,"15":0,"16":1,"17":1,"18":1,"19":1,"20":0,"21":1,"22":1,"23":1,"24":1,"25":1,"26":1,"27":1,"28":1,"29":0,"30":1,"31":0,"32":0,"33":0,"34":0,"35":0,"36":0,"37":0,"38":0,"39":0,"40":0,"41":0,"42":0,"43":0,"44":0,"45":0,"46":0,"47":0,"48":0,"49":0,"50":0,"51":0,"52":0,"53":0,"54":0,"55":0,"56":1,"57":1,"58":1},"f":{"0":1,"1":0,"2":1,"3":1,"4":1,"5":0,"6":1,"7":0,"8":1,"9":0,"10":0,"11":0,"12":0,"13":0,"14":0,"15":0,"16":0,"17":0,"18":0,"19":0,"20":0},"b":{"0":[1,0],"1":[1,1],"2":[0,0],"3":[5,5],"4":[5,0],"5":[0,1],"6":[1,0]},"_coverageSchema":"43e27e138ebf9cfc5966b082cf9a028302ed4184","hash":"576b63d1cfbdeb7340587262c93826d7444f48e2","contentHash":"d1cfd2005177d1c4b5ad76d492d3d754cd6605c1147d9488527c018a4865a55c"},"C:\\Users\\TM-HP\\Desktop\\politico-app\\src\\models\\db.js":{"path":"C:\\Users\\TM-HP\\Desktop\\politico-app\\src\\models\\db.js","statementMap":{"0":{"start":{"line":3,"column":0},"end":{"line":5,"column":3}},"1":{"start":{"line":6,"column":0},"end":{"line":6,"column":25}},"2":{"start":{"line":8,"column":10},"end":{"line":8,"column":23}},"3":{"start":{"line":10,"column":14},"end":{"line":10,"column":55}},"4":{"start":{"line":12,"column":39},"end":{"line":12,"column":93}},"5":{"start":{"line":14,"column":0},"end":{"line":14,"column":25}},"6":{"start":{"line":18,"column":0},"end":{"line":26,"column":1}},"7":{"start":{"line":19,"column":2},"end":{"line":21,"column":4}},"8":{"start":{"line":23,"column":2},"end":{"line":25,"column":4}},"9":{"start":{"line":28,"column":9},"end":{"line":28,"column":33}},"10":{"start":{"line":29,"column":15},"end":{"line":29,"column":17}},"11":{"start":{"line":30,"column":0},"end":{"line":30,"column":27}}},"fnMap":{"0":{"name":"_interopRequireDefault","decl":{"start":{"line":12,"column":9},"end":{"line":12,"column":31}},"loc":{"start":{"line":12,"column":37},"end":{"line":12,"column":95}},"line":12}},"branchMap":{"0":{"loc":{"start":{"line":12,"column":46},"end":{"line":12,"column":92}},"type":"cond-expr","locations":[{"start":{"line":12,"column":70},"end":{"line":12,"column":73}},{"start":{"line":12,"column":76},"end":{"line":12,"column":92}}],"line":12},"1":{"loc":{"start":{"line":12,"column":46},"end":{"line":12,"column":67}},"type":"binary-expr","locations":[{"start":{"line":12,"column":46},"end":{"line":12,"column":49}},{"start":{"line":12,"column":53},"end":{"line":12,"column":67}}],"line":12},"2":{"loc":{"start":{"line":18,"column":0},"end":{"line":26,"column":1}},"type":"if","locations":[{"start":{"line":18,"column":0},"end":{"line":26,"column":1}},{"start":{"line":18,"column":0},"end":{"line":26,"column":1}}],"line":18}},"s":{"0":1,"1":1,"2":1,"3":1,"4":1,"5":1,"6":1,"7":1,"8":0,"9":1,"10":1,"11":1},"f":{"0":1},"b":{"0":[0,1],"1":[1,1],"2":[1,0]},"_coverageSchema":"43e27e138ebf9cfc5966b082cf9a028302ed4184","hash":"0da685634a9a6f5db6bdcbb7b7d9e0f1693b3f52","contentHash":"baf5943e21e2501531169e5df2b4c7dc38660230ebc4311ffe2055a0278f1e3a"},"C:\\Users\\TM-HP\\Desktop\\politico-app\\src\\middlewares\\partyMiddleware.js":{"path":"C:\\Users\\TM-HP\\Desktop\\politico-app\\src\\middlewares\\partyMiddleware.js","statementMap":{"0":{"start":{"line":3,"column":0},"end":{"line":5,"column":3}},"1":{"start":{"line":6,"column":0},"end":{"line":6,"column":25}},"2":{"start":{"line":8,"column":15},"end":{"line":8,"column":63}},"3":{"start":{"line":10,"column":39},"end":{"line":10,"column":93}},"4":{"start":{"line":12,"column":50},"end":{"line":12,"column":151}},"5":{"start":{"line":12,"column":92},"end":{"line":12,"column":149}},"6":{"start":{"line":14,"column":44},"end":{"line":14,"column":315}},"7":{"start":{"line":14,"column":57},"end":{"line":14,"column":58}},"8":{"start":{"line":14,"column":102},"end":{"line":14,"column":110}},"9":{"start":{"line":14,"column":112},"end":{"line":14,"column":167}},"10":{"start":{"line":14,"column":168},"end":{"line":14,"column":199}},"11":{"start":{"line":14,"column":200},"end":{"line":14,"column":254}},"12":{"start":{"line":14,"column":227},"end":{"line":14,"column":254}},"13":{"start":{"line":14,"column":255},"end":{"line":14,"column":313}},"14":{"start":{"line":16,"column":62},"end":{"line":16,"column":131}},"15":{"start":{"line":16,"column":78},"end":{"line":16,"column":131}},"16":{"start":{"line":16,"column":132},"end":{"line":16,"column":193}},"17":{"start":{"line":16,"column":149},"end":{"line":16,"column":193}},"18":{"start":{"line":16,"column":194},"end":{"line":16,"column":213}},"19":{"start":{"line":20,"column":0},"end":{"line":77,"column":3}},"20":{"start":{"line":22,"column":4},"end":{"line":22,"column":42}},"21":{"start":{"line":25,"column":2},"end":{"line":74,"column":6}},"22":{"start":{"line":28,"column":6},"end":{"line":28,"column":66}},"23":{"start":{"line":29,"column":6},"end":{"line":29,"column":76}},"24":{"start":{"line":30,"column":6},"end":{"line":30,"column":72}},"25":{"start":{"line":31,"column":19},"end":{"line":31,"column":41}},"26":{"start":{"line":33,"column":6},"end":{"line":39,"column":7}},"27":{"start":{"line":34,"column":8},"end":{"line":38,"column":11}},"28":{"start":{"line":41,"column":6},"end":{"line":41,"column":13}},"29":{"start":{"line":46,"column":15},"end":{"line":46,"column":28}},"30":{"start":{"line":47,"column":15},"end":{"line":47,"column":27}},"31":{"start":{"line":49,"column":6},"end":{"line":57,"column":9}},"32":{"start":{"line":50,"column":8},"end":{"line":50,"column":26}},"33":{"start":{"line":52,"column":8},"end":{"line":56,"column":9}},"34":{"start":{"line":53,"column":10},"end":{"line":53,"column":32}},"35":{"start":{"line":55,"column":10},"end":{"line":55,"column":17}},"36":{"start":{"line":62,"column":6},"end":{"line":70,"column":7}},"37":{"start":{"line":63,"column":19},"end":{"line":63,"column":32}},"38":{"start":{"line":64,"column":8},"end":{"line":64,"column":52}},"39":{"start":{"line":64,"column":19},"end":{"line":64,"column":52}},"40":{"start":{"line":66,"column":8},"end":{"line":69,"column":11}},"41":{"start":{"line":72,"column":6},"end":{"line":72,"column":13}},"42":{"start":{"line":76,"column":2},"end":{"line":76,"column":24}},"43":{"start":{"line":79,"column":15},"end":{"line":79,"column":29}},"44":{"start":{"line":80,"column":0},"end":{"line":80,"column":27}}},"fnMap":{"0":{"name":"_interopRequireDefault","decl":{"start":{"line":10,"column":9},"end":{"line":10,"column":31}},"loc":{"start":{"line":10,"column":37},"end":{"line":10,"column":95}},"line":10},"1":{"name":"_classCallCheck","decl":{"start":{"line":12,"column":9},"end":{"line":12,"column":24}},"loc":{"start":{"line":12,"column":48},"end":{"line":12,"column":153}},"line":12},"2":{"name":"_defineProperties","decl":{"start":{"line":14,"column":9},"end":{"line":14,"column":26}},"loc":{"start":{"line":14,"column":42},"end":{"line":14,"column":317}},"line":14},"3":{"name":"_createClass","decl":{"start":{"line":16,"column":9},"end":{"line":16,"column":21}},"loc":{"start":{"line":16,"column":60},"end":{"line":16,"column":215}},"line":16},"4":{"name":"(anonymous_4)","decl":{"start":{"line":20,"column":0},"end":{"line":20,"column":1}},"loc":{"start":{"line":20,"column":12},"end":{"line":77,"column":1}},"line":20},"5":{"name":"partyValidator","decl":{"start":{"line":21,"column":11},"end":{"line":21,"column":25}},"loc":{"start":{"line":21,"column":28},"end":{"line":23,"column":3}},"line":21},"6":{"name":"createParty","decl":{"start":{"line":27,"column":20},"end":{"line":27,"column":31}},"loc":{"start":{"line":27,"column":48},"end":{"line":42,"column":5}},"line":27},"7":{"name":"getAPoliticalParty","decl":{"start":{"line":45,"column":20},"end":{"line":45,"column":38}},"loc":{"start":{"line":45,"column":55},"end":{"line":58,"column":5}},"line":45},"8":{"name":"(anonymous_8)","decl":{"start":{"line":49,"column":27},"end":{"line":49,"column":28}},"loc":{"start":{"line":49,"column":43},"end":{"line":57,"column":7}},"line":49},"9":{"name":"editAParty","decl":{"start":{"line":61,"column":20},"end":{"line":61,"column":30}},"loc":{"start":{"line":61,"column":47},"end":{"line":73,"column":5}},"line":61}},"branchMap":{"0":{"loc":{"start":{"line":10,"column":46},"end":{"line":10,"column":92}},"type":"cond-expr","locations":[{"start":{"line":10,"column":70},"end":{"line":10,"column":73}},{"start":{"line":10,"column":76},"end":{"line":10,"column":92}}],"line":10},"1":{"loc":{"start":{"line":10,"column":46},"end":{"line":10,"column":67}},"type":"binary-expr","locations":[{"start":{"line":10,"column":46},"end":{"line":10,"column":49}},{"start":{"line":10,"column":53},"end":{"line":10,"column":67}}],"line":10},"2":{"loc":{"start":{"line":12,"column":50},"end":{"line":12,"column":151}},"type":"if","locations":[{"start":{"line":12,"column":50},"end":{"line":12,"column":151}},{"start":{"line":12,"column":50},"end":{"line":12,"column":151}}],"line":12},"3":{"loc":{"start":{"line":14,"column":136},"end":{"line":14,"column":166}},"type":"binary-expr","locations":[{"start":{"line":14,"column":136},"end":{"line":14,"column":157}},{"start":{"line":14,"column":161},"end":{"line":14,"column":166}}],"line":14},"4":{"loc":{"start":{"line":14,"column":200},"end":{"line":14,"column":254}},"type":"if","locations":[{"start":{"line":14,"column":200},"end":{"line":14,"column":254}},{"start":{"line":14,"column":200},"end":{"line":14,"column":254}}],"line":14},"5":{"loc":{"start":{"line":16,"column":62},"end":{"line":16,"column":131}},"type":"if","locations":[{"start":{"line":16,"column":62},"end":{"line":16,"column":131}},{"start":{"line":16,"column":62},"end":{"line":16,"column":131}}],"line":16},"6":{"loc":{"start":{"line":16,"column":132},"end":{"line":16,"column":193}},"type":"if","locations":[{"start":{"line":16,"column":132},"end":{"line":16,"column":193}},{"start":{"line":16,"column":132},"end":{"line":16,"column":193}}],"line":16},"7":{"loc":{"start":{"line":33,"column":6},"end":{"line":39,"column":7}},"type":"if","locations":[{"start":{"line":33,"column":6},"end":{"line":39,"column":7}},{"start":{"line":33,"column":6},"end":{"line":39,"column":7}}],"line":33},"8":{"loc":{"start":{"line":52,"column":8},"end":{"line":56,"column":9}},"type":"if","locations":[{"start":{"line":52,"column":8},"end":{"line":56,"column":9}},{"start":{"line":52,"column":8},"end":{"line":56,"column":9}}],"line":52},"9":{"loc":{"start":{"line":64,"column":8},"end":{"line":64,"column":52}},"type":"if","locations":[{"start":{"line":64,"column":8},"end":{"line":64,"column":52}},{"start":{"line":64,"column":8},"end":{"line":64,"column":52}}],"line":64}},"s":{"0":1,"1":1,"2":1,"3":1,"4":0,"5":0,"6":1,"7":1,"8":3,"9":3,"10":3,"11":3,"12":3,"13":3,"14":1,"15":0,"16":1,"17":1,"18":1,"19":1,"20":0,"21":1,"22":1,"23":1,"24":1,"25":1,"26":1,"27":0,"28":1,"29":0,"30":0,"31":0,"32":0,"33":0,"34":0,"35":0,"36":0,"37":0,"38":0,"39":0,"40":0,"41":0,"42":1,"43":1,"44":1},"f":{"0":1,"1":0,"2":1,"3":1,"4":1,"5":0,"6":1,"7":0,"8":0,"9":0},"b":{"0":[1,0],"1":[1,1],"2":[0,0],"3":[3,3],"4":[3,0],"5":[0,1],"6":[1,0],"7":[0,1],"8":[0,0],"9":[0,0]},"_coverageSchema":"43e27e138ebf9cfc5966b082cf9a028302ed4184","hash":"3033cede296a3bf05f2180d871990c74d3f4961c","contentHash":"9f0e8dfaca83a1170f57d58c7bafe8119ec4f6862b98882fc2918f6de088d9cd"},"C:\\Users\\TM-HP\\Desktop\\politico-app\\src\\db\\partyDb.js":{"path":"C:\\Users\\TM-HP\\Desktop\\politico-app\\src\\db\\partyDb.js","statementMap":{"0":{"start":{"line":3,"column":0},"end":{"line":5,"column":3}},"1":{"start":{"line":6,"column":0},"end":{"line":6,"column":25}},"2":{"start":{"line":8,"column":10},"end":{"line":8,"column":23}},"3":{"start":{"line":10,"column":14},"end":{"line":10,"column":55}},"4":{"start":{"line":12,"column":39},"end":{"line":12,"column":93}},"5":{"start":{"line":14,"column":12},"end":{"line":24,"column":2}},"6":{"start":{"line":26,"column":0},"end":{"line":26,"column":25}},"7":{"start":{"line":28,"column":17},"end":{"line":30,"column":1}},"8":{"start":{"line":31,"column":9},"end":{"line":31,"column":33}},"9":{"start":{"line":32,"column":15},"end":{"line":32,"column":20}},"10":{"start":{"line":33,"column":0},"end":{"line":33,"column":27}}},"fnMap":{"0":{"name":"_interopRequireDefault","decl":{"start":{"line":12,"column":9},"end":{"line":12,"column":31}},"loc":{"start":{"line":12,"column":37},"end":{"line":12,"column":95}},"line":12}},"branchMap":{"0":{"loc":{"start":{"line":12,"column":46},"end":{"line":12,"column":92}},"type":"cond-expr","locations":[{"start":{"line":12,"column":70},"end":{"line":12,"column":73}},{"start":{"line":12,"column":76},"end":{"line":12,"column":92}}],"line":12},"1":{"loc":{"start":{"line":12,"column":46},"end":{"line":12,"column":67}},"type":"binary-expr","locations":[{"start":{"line":12,"column":46},"end":{"line":12,"column":49}},{"start":{"line":12,"column":53},"end":{"line":12,"column":67}}],"line":12}},"s":{"0":1,"1":1,"2":1,"3":1,"4":1,"5":1,"6":1,"7":1,"8":1,"9":1,"10":1},"f":{"0":1},"b":{"0":[0,1],"1":[1,1]},"_coverageSchema":"43e27e138ebf9cfc5966b082cf9a028302ed4184","hash":"e7075dbf7b7deaa18b580ff83cbe83b992aacbbd","contentHash":"be0b988116289f0b12f3ad5186e5d53ddb44c9f4c7af7696a3b46bf021992790"},"C:\\Users\\TM-HP\\Desktop\\politico-app\\src\\helpers\\authentication.js":{"path":"C:\\Users\\TM-HP\\Desktop\\politico-app\\src\\helpers\\authentication.js","statementMap":{"0":{"start":{"line":3,"column":0},"end":{"line":5,"column":3}},"1":{"start":{"line":6,"column":0},"end":{"line":6,"column":25}},"2":{"start":{"line":8,"column":20},"end":{"line":8,"column":67}},"3":{"start":{"line":10,"column":10},"end":{"line":10,"column":57}},"4":{"start":{"line":12,"column":39},"end":{"line":12,"column":93}},"5":{"start":{"line":14,"column":50},"end":{"line":14,"column":151}},"6":{"start":{"line":14,"column":92},"end":{"line":14,"column":149}},"7":{"start":{"line":16,"column":44},"end":{"line":16,"column":315}},"8":{"start":{"line":16,"column":57},"end":{"line":16,"column":58}},"9":{"start":{"line":16,"column":102},"end":{"line":16,"column":110}},"10":{"start":{"line":16,"column":112},"end":{"line":16,"column":167}},"11":{"start":{"line":16,"column":168},"end":{"line":16,"column":199}},"12":{"start":{"line":16,"column":200},"end":{"line":16,"column":254}},"13":{"start":{"line":16,"column":227},"end":{"line":16,"column":254}},"14":{"start":{"line":16,"column":255},"end":{"line":16,"column":313}},"15":{"start":{"line":18,"column":62},"end":{"line":18,"column":131}},"16":{"start":{"line":18,"column":78},"end":{"line":18,"column":131}},"17":{"start":{"line":18,"column":132},"end":{"line":18,"column":193}},"18":{"start":{"line":18,"column":149},"end":{"line":18,"column":193}},"19":{"start":{"line":18,"column":194},"end":{"line":18,"column":213}},"20":{"start":{"line":22,"column":0},"end":{"line":63,"column":3}},"21":{"start":{"line":24,"column":4},"end":{"line":24,"column":41}},"22":{"start":{"line":27,"column":2},"end":{"line":60,"column":6}},"23":{"start":{"line":30,"column":18},"end":{"line":30,"column":47}},"24":{"start":{"line":32,"column":6},"end":{"line":38,"column":7}},"25":{"start":{"line":33,"column":8},"end":{"line":33,"column":27}},"26":{"start":{"line":34,"column":8},"end":{"line":37,"column":11}},"27":{"start":{"line":62,"column":2},"end":{"line":62,"column":23}},"28":{"start":{"line":65,"column":15},"end":{"line":65,"column":28}},"29":{"start":{"line":66,"column":0},"end":{"line":66,"column":27}}},"fnMap":{"0":{"name":"_interopRequireDefault","decl":{"start":{"line":12,"column":9},"end":{"line":12,"column":31}},"loc":{"start":{"line":12,"column":37},"end":{"line":12,"column":95}},"line":12},"1":{"name":"_classCallCheck","decl":{"start":{"line":14,"column":9},"end":{"line":14,"column":24}},"loc":{"start":{"line":14,"column":48},"end":{"line":14,"column":153}},"line":14},"2":{"name":"_defineProperties","decl":{"start":{"line":16,"column":9},"end":{"line":16,"column":26}},"loc":{"start":{"line":16,"column":42},"end":{"line":16,"column":317}},"line":16},"3":{"name":"_createClass","decl":{"start":{"line":18,"column":9},"end":{"line":18,"column":21}},"loc":{"start":{"line":18,"column":60},"end":{"line":18,"column":215}},"line":18},"4":{"name":"(anonymous_4)","decl":{"start":{"line":22,"column":0},"end":{"line":22,"column":1}},"loc":{"start":{"line":22,"column":12},"end":{"line":63,"column":1}},"line":22},"5":{"name":"aunthenticate","decl":{"start":{"line":23,"column":11},"end":{"line":23,"column":24}},"loc":{"start":{"line":23,"column":27},"end":{"line":25,"column":3}},"line":23},"6":{"name":"verifyToken","decl":{"start":{"line":29,"column":20},"end":{"line":29,"column":31}},"loc":{"start":{"line":29,"column":48},"end":{"line":59,"column":5}},"line":29}},"branchMap":{"0":{"loc":{"start":{"line":12,"column":46},"end":{"line":12,"column":92}},"type":"cond-expr","locations":[{"start":{"line":12,"column":70},"end":{"line":12,"column":73}},{"start":{"line":12,"column":76},"end":{"line":12,"column":92}}],"line":12},"1":{"loc":{"start":{"line":12,"column":46},"end":{"line":12,"column":67}},"type":"binary-expr","locations":[{"start":{"line":12,"column":46},"end":{"line":12,"column":49}},{"start":{"line":12,"column":53},"end":{"line":12,"column":67}}],"line":12},"2":{"loc":{"start":{"line":14,"column":50},"end":{"line":14,"column":151}},"type":"if","locations":[{"start":{"line":14,"column":50},"end":{"line":14,"column":151}},{"start":{"line":14,"column":50},"end":{"line":14,"column":151}}],"line":14},"3":{"loc":{"start":{"line":16,"column":136},"end":{"line":16,"column":166}},"type":"binary-expr","locations":[{"start":{"line":16,"column":136},"end":{"line":16,"column":157}},{"start":{"line":16,"column":161},"end":{"line":16,"column":166}}],"line":16},"4":{"loc":{"start":{"line":16,"column":200},"end":{"line":16,"column":254}},"type":"if","locations":[{"start":{"line":16,"column":200},"end":{"line":16,"column":254}},{"start":{"line":16,"column":200},"end":{"line":16,"column":254}}],"line":16},"5":{"loc":{"start":{"line":18,"column":62},"end":{"line":18,"column":131}},"type":"if","locations":[{"start":{"line":18,"column":62},"end":{"line":18,"column":131}},{"start":{"line":18,"column":62},"end":{"line":18,"column":131}}],"line":18},"6":{"loc":{"start":{"line":18,"column":132},"end":{"line":18,"column":193}},"type":"if","locations":[{"start":{"line":18,"column":132},"end":{"line":18,"column":193}},{"start":{"line":18,"column":132},"end":{"line":18,"column":193}}],"line":18},"7":{"loc":{"start":{"line":32,"column":6},"end":{"line":38,"column":7}},"type":"if","locations":[{"start":{"line":32,"column":6},"end":{"line":38,"column":7}},{"start":{"line":32,"column":6},"end":{"line":38,"column":7}}],"line":32}},"s":{"0":1,"1":1,"2":1,"3":1,"4":2,"5":0,"6":0,"7":1,"8":1,"9":1,"10":1,"11":1,"12":1,"13":1,"14":1,"15":1,"16":0,"17":1,"18":1,"19":1,"20":1,"21":0,"22":1,"23":0,"24":0,"25":0,"26":0,"27":1,"28":1,"29":1},"f":{"0":2,"1":0,"2":1,"3":1,"4":1,"5":0,"6":0},"b":{"0":[1,1],"1":[2,2],"2":[0,0],"3":[1,1],"4":[1,0],"5":[0,1],"6":[1,0],"7":[0,0]},"_coverageSchema":"43e27e138ebf9cfc5966b082cf9a028302ed4184","hash":"e015723b3faae300777744a33555a60a4bf4adcf","contentHash":"e9685fec2fe9af83ed03d2e01ed12241e8d6c8228a20d7fa919ef08809dcdafa"},"C:\\Users\\TM-HP\\Desktop\\politico-app\\src\\routes\\officeRouter.js":{"path":"C:\\Users\\TM-HP\\Desktop\\politico-app\\src\\routes\\officeRouter.js","statementMap":{"0":{"start":{"line":3,"column":0},"end":{"line":5,"column":3}},"1":{"start":{"line":6,"column":0},"end":{"line":6,"column":25}},"2":{"start":{"line":8,"column":15},"end":{"line":8,"column":57}},"3":{"start":{"line":10,"column":24},"end":{"line":10,"column":90}},"4":{"start":{"line":12,"column":24},"end":{"line":12,"column":90}},"5":{"start":{"line":14,"column":22},"end":{"line":14,"column":82}},"6":{"start":{"line":16,"column":39},"end":{"line":16,"column":93}},"7":{"start":{"line":18,"column":13},"end":{"line":18,"column":38}},"8":{"start":{"line":20,"column":24},"end":{"line":20,"column":41}},"9":{"start":{"line":21,"column":0},"end":{"line":21,"column":111}},"10":{"start":{"line":22,"column":0},"end":{"line":22,"column":110}},"11":{"start":{"line":23,"column":0},"end":{"line":23,"column":95}},"12":{"start":{"line":24,"column":15},"end":{"line":24,"column":21}},"13":{"start":{"line":25,"column":0},"end":{"line":25,"column":27}}},"fnMap":{"0":{"name":"_interopRequireDefault","decl":{"start":{"line":16,"column":9},"end":{"line":16,"column":31}},"loc":{"start":{"line":16,"column":37},"end":{"line":16,"column":95}},"line":16}},"branchMap":{"0":{"loc":{"start":{"line":16,"column":46},"end":{"line":16,"column":92}},"type":"cond-expr","locations":[{"start":{"line":16,"column":70},"end":{"line":16,"column":73}},{"start":{"line":16,"column":76},"end":{"line":16,"column":92}}],"line":16},"1":{"loc":{"start":{"line":16,"column":46},"end":{"line":16,"column":67}},"type":"binary-expr","locations":[{"start":{"line":16,"column":46},"end":{"line":16,"column":49}},{"start":{"line":16,"column":53},"end":{"line":16,"column":67}}],"line":16}},"s":{"0":1,"1":1,"2":1,"3":1,"4":1,"5":1,"6":4,"7":1,"8":1,"9":1,"10":1,"11":1,"12":1,"13":1},"f":{"0":4},"b":{"0":[3,1],"1":[4,4]},"_coverageSchema":"43e27e138ebf9cfc5966b082cf9a028302ed4184","hash":"8f54724a028fa3f51ea6745e012918c57b78667a","contentHash":"7f029ba995748083357d2a446485c838e4cc7782d2d9db3f4a2cd9f0a6862394"},"C:\\Users\\TM-HP\\Desktop\\politico-app\\src\\controllers\\officeController.js":{"path":"C:\\Users\\TM-HP\\Desktop\\politico-app\\src\\controllers\\officeController.js","statementMap":{"0":{"start":{"line":3,"column":0},"end":{"line":5,"column":3}},"1":{"start":{"line":6,"column":0},"end":{"line":6,"column":25}},"2":{"start":{"line":8,"column":10},"end":{"line":8,"column":57}},"3":{"start":{"line":10,"column":39},"end":{"line":10,"column":93}},"4":{"start":{"line":12,"column":50},"end":{"line":12,"column":151}},"5":{"start":{"line":12,"column":92},"end":{"line":12,"column":149}},"6":{"start":{"line":14,"column":44},"end":{"line":14,"column":315}},"7":{"start":{"line":14,"column":57},"end":{"line":14,"column":58}},"8":{"start":{"line":14,"column":102},"end":{"line":14,"column":110}},"9":{"start":{"line":14,"column":112},"end":{"line":14,"column":167}},"10":{"start":{"line":14,"column":168},"end":{"line":14,"column":199}},"11":{"start":{"line":14,"column":200},"end":{"line":14,"column":254}},"12":{"start":{"line":14,"column":227},"end":{"line":14,"column":254}},"13":{"start":{"line":14,"column":255},"end":{"line":14,"column":313}},"14":{"start":{"line":16,"column":62},"end":{"line":16,"column":131}},"15":{"start":{"line":16,"column":78},"end":{"line":16,"column":131}},"16":{"start":{"line":16,"column":132},"end":{"line":16,"column":193}},"17":{"start":{"line":16,"column":149},"end":{"line":16,"column":193}},"18":{"start":{"line":16,"column":194},"end":{"line":16,"column":213}},"19":{"start":{"line":20,"column":0},"end":{"line":88,"column":3}},"20":{"start":{"line":22,"column":4},"end":{"line":22,"column":44}},"21":{"start":{"line":25,"column":2},"end":{"line":85,"column":6}},"22":{"start":{"line":28,"column":22},"end":{"line":28,"column":30}},"23":{"start":{"line":29,"column":17},"end":{"line":29,"column":31}},"24":{"start":{"line":30,"column":17},"end":{"line":30,"column":31}},"25":{"start":{"line":31,"column":17},"end":{"line":31,"column":74}},"26":{"start":{"line":32,"column":19},"end":{"line":32,"column":31}},"27":{"start":{"line":34,"column":6},"end":{"line":46,"column":9}},"28":{"start":{"line":35,"column":8},"end":{"line":39,"column":11}},"29":{"start":{"line":41,"column":8},"end":{"line":45,"column":11}},"30":{"start":{"line":51,"column":17},"end":{"line":51,"column":39}},"31":{"start":{"line":53,"column":6},"end":{"line":63,"column":9}},"32":{"start":{"line":54,"column":8},"end":{"line":57,"column":11}},"33":{"start":{"line":59,"column":8},"end":{"line":62,"column":11}},"34":{"start":{"line":68,"column":15},"end":{"line":68,"column":28}},"35":{"start":{"line":69,"column":15},"end":{"line":69,"column":27}},"36":{"start":{"line":70,"column":17},"end":{"line":70,"column":54}},"37":{"start":{"line":71,"column":19},"end":{"line":71,"column":23}},"38":{"start":{"line":73,"column":6},"end":{"line":83,"column":9}},"39":{"start":{"line":74,"column":8},"end":{"line":77,"column":11}},"40":{"start":{"line":79,"column":8},"end":{"line":82,"column":11}},"41":{"start":{"line":87,"column":2},"end":{"line":87,"column":26}},"42":{"start":{"line":90,"column":15},"end":{"line":90,"column":31}},"43":{"start":{"line":91,"column":0},"end":{"line":91,"column":27}}},"fnMap":{"0":{"name":"_interopRequireDefault","decl":{"start":{"line":10,"column":9},"end":{"line":10,"column":31}},"loc":{"start":{"line":10,"column":37},"end":{"line":10,"column":95}},"line":10},"1":{"name":"_classCallCheck","decl":{"start":{"line":12,"column":9},"end":{"line":12,"column":24}},"loc":{"start":{"line":12,"column":48},"end":{"line":12,"column":153}},"line":12},"2":{"name":"_defineProperties","decl":{"start":{"line":14,"column":9},"end":{"line":14,"column":26}},"loc":{"start":{"line":14,"column":42},"end":{"line":14,"column":317}},"line":14},"3":{"name":"_createClass","decl":{"start":{"line":16,"column":9},"end":{"line":16,"column":21}},"loc":{"start":{"line":16,"column":60},"end":{"line":16,"column":215}},"line":16},"4":{"name":"(anonymous_4)","decl":{"start":{"line":20,"column":0},"end":{"line":20,"column":1}},"loc":{"start":{"line":20,"column":12},"end":{"line":88,"column":1}},"line":20},"5":{"name":"officeController","decl":{"start":{"line":21,"column":11},"end":{"line":21,"column":27}},"loc":{"start":{"line":21,"column":30},"end":{"line":23,"column":3}},"line":21},"6":{"name":"createOffice","decl":{"start":{"line":27,"column":20},"end":{"line":27,"column":32}},"loc":{"start":{"line":27,"column":43},"end":{"line":47,"column":5}},"line":27},"7":{"name":"(anonymous_7)","decl":{"start":{"line":34,"column":43},"end":{"line":34,"column":44}},"loc":{"start":{"line":34,"column":61},"end":{"line":40,"column":7}},"line":34},"8":{"name":"(anonymous_8)","decl":{"start":{"line":40,"column":15},"end":{"line":40,"column":16}},"loc":{"start":{"line":40,"column":30},"end":{"line":46,"column":7}},"line":40},"9":{"name":"getAllOffice","decl":{"start":{"line":50,"column":20},"end":{"line":50,"column":32}},"loc":{"start":{"line":50,"column":43},"end":{"line":64,"column":5}},"line":50},"10":{"name":"(anonymous_10)","decl":{"start":{"line":53,"column":35},"end":{"line":53,"column":36}},"loc":{"start":{"line":53,"column":53},"end":{"line":58,"column":7}},"line":53},"11":{"name":"(anonymous_11)","decl":{"start":{"line":58,"column":15},"end":{"line":58,"column":16}},"loc":{"start":{"line":58,"column":30},"end":{"line":63,"column":7}},"line":58},"12":{"name":"getASpecificOffice","decl":{"start":{"line":67,"column":20},"end":{"line":67,"column":38}},"loc":{"start":{"line":67,"column":49},"end":{"line":84,"column":5}},"line":67},"13":{"name":"(anonymous_13)","decl":{"start":{"line":73,"column":43},"end":{"line":73,"column":44}},"loc":{"start":{"line":73,"column":61},"end":{"line":78,"column":7}},"line":73},"14":{"name":"(anonymous_14)","decl":{"start":{"line":78,"column":15},"end":{"line":78,"column":16}},"loc":{"start":{"line":78,"column":30},"end":{"line":83,"column":7}},"line":78}},"branchMap":{"0":{"loc":{"start":{"line":10,"column":46},"end":{"line":10,"column":92}},"type":"cond-expr","locations":[{"start":{"line":10,"column":70},"end":{"line":10,"column":73}},{"start":{"line":10,"column":76},"end":{"line":10,"column":92}}],"line":10},"1":{"loc":{"start":{"line":10,"column":46},"end":{"line":10,"column":67}},"type":"binary-expr","locations":[{"start":{"line":10,"column":46},"end":{"line":10,"column":49}},{"start":{"line":10,"column":53},"end":{"line":10,"column":67}}],"line":10},"2":{"loc":{"start":{"line":12,"column":50},"end":{"line":12,"column":151}},"type":"if","locations":[{"start":{"line":12,"column":50},"end":{"line":12,"column":151}},{"start":{"line":12,"column":50},"end":{"line":12,"column":151}}],"line":12},"3":{"loc":{"start":{"line":14,"column":136},"end":{"line":14,"column":166}},"type":"binary-expr","locations":[{"start":{"line":14,"column":136},"end":{"line":14,"column":157}},{"start":{"line":14,"column":161},"end":{"line":14,"column":166}}],"line":14},"4":{"loc":{"start":{"line":14,"column":200},"end":{"line":14,"column":254}},"type":"if","locations":[{"start":{"line":14,"column":200},"end":{"line":14,"column":254}},{"start":{"line":14,"column":200},"end":{"line":14,"column":254}}],"line":14},"5":{"loc":{"start":{"line":16,"column":62},"end":{"line":16,"column":131}},"type":"if","locations":[{"start":{"line":16,"column":62},"end":{"line":16,"column":131}},{"start":{"line":16,"column":62},"end":{"line":16,"column":131}}],"line":16},"6":{"loc":{"start":{"line":16,"column":132},"end":{"line":16,"column":193}},"type":"if","locations":[{"start":{"line":16,"column":132},"end":{"line":16,"column":193}},{"start":{"line":16,"column":132},"end":{"line":16,"column":193}}],"line":16}},"s":{"0":1,"1":1,"2":1,"3":1,"4":0,"5":0,"6":1,"7":1,"8":3,"9":3,"10":3,"11":3,"12":3,"13":3,"14":1,"15":0,"16":1,"17":1,"18":1,"19":1,"20":0,"21":1,"22":0,"23":0,"24":0,"25":0,"26":0,"27":0,"28":0,"29":0,"30":0,"31":0,"32":0,"33":0,"34":0,"35":0,"36":0,"37":0,"38":0,"39":0,"40":0,"41":1,"42":1,"43":1},"f":{"0":1,"1":0,"2":1,"3":1,"4":1,"5":0,"6":0,"7":0,"8":0,"9":0,"10":0,"11":0,"12":0,"13":0,"14":0},"b":{"0":[1,0],"1":[1,1],"2":[0,0],"3":[3,3],"4":[3,0],"5":[0,1],"6":[1,0]},"_coverageSchema":"43e27e138ebf9cfc5966b082cf9a028302ed4184","hash":"fce0f65c720c2708acd8ddc4a66678fb001a4cf8","contentHash":"5a951f631d3004f52a3f061195d0e844c411513f358310b01bd58e4dcf287807"},"C:\\Users\\TM-HP\\Desktop\\politico-app\\src\\middlewares\\officeMiddleware.js":{"path":"C:\\Users\\TM-HP\\Desktop\\politico-app\\src\\middlewares\\officeMiddleware.js","statementMap":{"0":{"start":{"line":3,"column":0},"end":{"line":5,"column":3}},"1":{"start":{"line":6,"column":0},"end":{"line":6,"column":25}},"2":{"start":{"line":8,"column":10},"end":{"line":8,"column":57}},"3":{"start":{"line":10,"column":39},"end":{"line":10,"column":93}},"4":{"start":{"line":12,"column":50},"end":{"line":12,"column":151}},"5":{"start":{"line":12,"column":92},"end":{"line":12,"column":149}},"6":{"start":{"line":14,"column":44},"end":{"line":14,"column":315}},"7":{"start":{"line":14,"column":57},"end":{"line":14,"column":58}},"8":{"start":{"line":14,"column":102},"end":{"line":14,"column":110}},"9":{"start":{"line":14,"column":112},"end":{"line":14,"column":167}},"10":{"start":{"line":14,"column":168},"end":{"line":14,"column":199}},"11":{"start":{"line":14,"column":200},"end":{"line":14,"column":254}},"12":{"start":{"line":14,"column":227},"end":{"line":14,"column":254}},"13":{"start":{"line":14,"column":255},"end":{"line":14,"column":313}},"14":{"start":{"line":16,"column":62},"end":{"line":16,"column":131}},"15":{"start":{"line":16,"column":78},"end":{"line":16,"column":131}},"16":{"start":{"line":16,"column":132},"end":{"line":16,"column":193}},"17":{"start":{"line":16,"column":149},"end":{"line":16,"column":193}},"18":{"start":{"line":16,"column":194},"end":{"line":16,"column":213}},"19":{"start":{"line":20,"column":0},"end":{"line":76,"column":3}},"20":{"start":{"line":22,"column":4},"end":{"line":22,"column":43}},"21":{"start":{"line":25,"column":2},"end":{"line":73,"column":6}},"22":{"start":{"line":28,"column":6},"end":{"line":28,"column":66}},"23":{"start":{"line":29,"column":6},"end":{"line":29,"column":66}},"24":{"start":{"line":30,"column":19},"end":{"line":30,"column":41}},"25":{"start":{"line":32,"column":6},"end":{"line":38,"column":7}},"26":{"start":{"line":33,"column":8},"end":{"line":37,"column":11}},"27":{"start":{"line":40,"column":6},"end":{"line":40,"column":13}},"28":{"start":{"line":45,"column":17},"end":{"line":45,"column":39}},"29":{"start":{"line":47,"column":6},"end":{"line":54,"column":9}},"30":{"start":{"line":48,"column":8},"end":{"line":53,"column":9}},"31":{"start":{"line":49,"column":10},"end":{"line":52,"column":13}},"32":{"start":{"line":56,"column":6},"end":{"line":56,"column":13}},"33":{"start":{"line":61,"column":6},"end":{"line":69,"column":7}},"34":{"start":{"line":62,"column":19},"end":{"line":62,"column":32}},"35":{"start":{"line":63,"column":8},"end":{"line":63,"column":53}},"36":{"start":{"line":63,"column":19},"end":{"line":63,"column":53}},"37":{"start":{"line":65,"column":8},"end":{"line":68,"column":11}},"38":{"start":{"line":71,"column":6},"end":{"line":71,"column":13}},"39":{"start":{"line":75,"column":2},"end":{"line":75,"column":25}},"40":{"start":{"line":78,"column":15},"end":{"line":78,"column":30}},"41":{"start":{"line":79,"column":0},"end":{"line":79,"column":27}}},"fnMap":{"0":{"name":"_interopRequireDefault","decl":{"start":{"line":10,"column":9},"end":{"line":10,"column":31}},"loc":{"start":{"line":10,"column":37},"end":{"line":10,"column":95}},"line":10},"1":{"name":"_classCallCheck","decl":{"start":{"line":12,"column":9},"end":{"line":12,"column":24}},"loc":{"start":{"line":12,"column":48},"end":{"line":12,"column":153}},"line":12},"2":{"name":"_defineProperties","decl":{"start":{"line":14,"column":9},"end":{"line":14,"column":26}},"loc":{"start":{"line":14,"column":42},"end":{"line":14,"column":317}},"line":14},"3":{"name":"_createClass","decl":{"start":{"line":16,"column":9},"end":{"line":16,"column":21}},"loc":{"start":{"line":16,"column":60},"end":{"line":16,"column":215}},"line":16},"4":{"name":"(anonymous_4)","decl":{"start":{"line":20,"column":0},"end":{"line":20,"column":1}},"loc":{"start":{"line":20,"column":12},"end":{"line":76,"column":1}},"line":20},"5":{"name":"officeValidator","decl":{"start":{"line":21,"column":11},"end":{"line":21,"column":26}},"loc":{"start":{"line":21,"column":29},"end":{"line":23,"column":3}},"line":21},"6":{"name":"createOffice","decl":{"start":{"line":27,"column":20},"end":{"line":27,"column":32}},"loc":{"start":{"line":27,"column":49},"end":{"line":41,"column":5}},"line":27},"7":{"name":"getAllOffice","decl":{"start":{"line":44,"column":20},"end":{"line":44,"column":32}},"loc":{"start":{"line":44,"column":49},"end":{"line":57,"column":5}},"line":44},"8":{"name":"(anonymous_8)","decl":{"start":{"line":47,"column":35},"end":{"line":47,"column":36}},"loc":{"start":{"line":47,"column":53},"end":{"line":54,"column":7}},"line":47},"9":{"name":"editAOffice","decl":{"start":{"line":60,"column":20},"end":{"line":60,"column":31}},"loc":{"start":{"line":60,"column":48},"end":{"line":72,"column":5}},"line":60}},"branchMap":{"0":{"loc":{"start":{"line":10,"column":46},"end":{"line":10,"column":92}},"type":"cond-expr","locations":[{"start":{"line":10,"column":70},"end":{"line":10,"column":73}},{"start":{"line":10,"column":76},"end":{"line":10,"column":92}}],"line":10},"1":{"loc":{"start":{"line":10,"column":46},"end":{"line":10,"column":67}},"type":"binary-expr","locations":[{"start":{"line":10,"column":46},"end":{"line":10,"column":49}},{"start":{"line":10,"column":53},"end":{"line":10,"column":67}}],"line":10},"2":{"loc":{"start":{"line":12,"column":50},"end":{"line":12,"column":151}},"type":"if","locations":[{"start":{"line":12,"column":50},"end":{"line":12,"column":151}},{"start":{"line":12,"column":50},"end":{"line":12,"column":151}}],"line":12},"3":{"loc":{"start":{"line":14,"column":136},"end":{"line":14,"column":166}},"type":"binary-expr","locations":[{"start":{"line":14,"column":136},"end":{"line":14,"column":157}},{"start":{"line":14,"column":161},"end":{"line":14,"column":166}}],"line":14},"4":{"loc":{"start":{"line":14,"column":200},"end":{"line":14,"column":254}},"type":"if","locations":[{"start":{"line":14,"column":200},"end":{"line":14,"column":254}},{"start":{"line":14,"column":200},"end":{"line":14,"column":254}}],"line":14},"5":{"loc":{"start":{"line":16,"column":62},"end":{"line":16,"column":131}},"type":"if","locations":[{"start":{"line":16,"column":62},"end":{"line":16,"column":131}},{"start":{"line":16,"column":62},"end":{"line":16,"column":131}}],"line":16},"6":{"loc":{"start":{"line":16,"column":132},"end":{"line":16,"column":193}},"type":"if","locations":[{"start":{"line":16,"column":132},"end":{"line":16,"column":193}},{"start":{"line":16,"column":132},"end":{"line":16,"column":193}}],"line":16},"7":{"loc":{"start":{"line":32,"column":6},"end":{"line":38,"column":7}},"type":"if","locations":[{"start":{"line":32,"column":6},"end":{"line":38,"column":7}},{"start":{"line":32,"column":6},"end":{"line":38,"column":7}}],"line":32},"8":{"loc":{"start":{"line":48,"column":8},"end":{"line":53,"column":9}},"type":"if","locations":[{"start":{"line":48,"column":8},"end":{"line":53,"column":9}},{"start":{"line":48,"column":8},"end":{"line":53,"column":9}}],"line":48},"9":{"loc":{"start":{"line":63,"column":8},"end":{"line":63,"column":53}},"type":"if","locations":[{"start":{"line":63,"column":8},"end":{"line":63,"column":53}},{"start":{"line":63,"column":8},"end":{"line":63,"column":53}}],"line":63}},"s":{"0":1,"1":1,"2":1,"3":1,"4":0,"5":0,"6":1,"7":1,"8":3,"9":3,"10":3,"11":3,"12":3,"13":3,"14":1,"15":0,"16":1,"17":1,"18":1,"19":1,"20":0,"21":1,"22":0,"23":0,"24":0,"25":0,"26":0,"27":0,"28":0,"29":0,"30":0,"31":0,"32":0,"33":0,"34":0,"35":0,"36":0,"37":0,"38":0,"39":1,"40":1,"41":1},"f":{"0":1,"1":0,"2":1,"3":1,"4":1,"5":0,"6":0,"7":0,"8":0,"9":0},"b":{"0":[1,0],"1":[1,1],"2":[0,0],"3":[3,3],"4":[3,0],"5":[0,1],"6":[1,0],"7":[0,0],"8":[0,0],"9":[0,0]},"_coverageSchema":"43e27e138ebf9cfc5966b082cf9a028302ed4184","hash":"431e607ecd4ece34f606d2075ebdae34cc37e861","contentHash":"fe8d3ec1dc2fa92d9b530df7d991db166b33f542fd0587e70d9fe87af5d46a8d"},"C:\\Users\\TM-HP\\Desktop\\politico-app\\src\\routes\\userRouter.js":{"path":"C:\\Users\\TM-HP\\Desktop\\politico-app\\src\\routes\\userRouter.js","statementMap":{"0":{"start":{"line":3,"column":0},"end":{"line":5,"column":3}},"1":{"start":{"line":6,"column":0},"end":{"line":6,"column":25}},"2":{"start":{"line":8,"column":15},"end":{"line":8,"column":57}},"3":{"start":{"line":10,"column":22},"end":{"line":10,"column":86}},"4":{"start":{"line":12,"column":22},"end":{"line":12,"column":86}},"5":{"start":{"line":14,"column":23},"end":{"line":14,"column":84}},"6":{"start":{"line":16,"column":39},"end":{"line":16,"column":93}},"7":{"start":{"line":18,"column":17},"end":{"line":18,"column":42}},"8":{"start":{"line":20,"column":0},"end":{"line":20,"column":144}},"9":{"start":{"line":21,"column":0},"end":{"line":21,"column":143}},"10":{"start":{"line":22,"column":15},"end":{"line":22,"column":25}},"11":{"start":{"line":23,"column":0},"end":{"line":23,"column":27}}},"fnMap":{"0":{"name":"_interopRequireDefault","decl":{"start":{"line":16,"column":9},"end":{"line":16,"column":31}},"loc":{"start":{"line":16,"column":37},"end":{"line":16,"column":95}},"line":16}},"branchMap":{"0":{"loc":{"start":{"line":16,"column":46},"end":{"line":16,"column":92}},"type":"cond-expr","locations":[{"start":{"line":16,"column":70},"end":{"line":16,"column":73}},{"start":{"line":16,"column":76},"end":{"line":16,"column":92}}],"line":16},"1":{"loc":{"start":{"line":16,"column":46},"end":{"line":16,"column":67}},"type":"binary-expr","locations":[{"start":{"line":16,"column":46},"end":{"line":16,"column":49}},{"start":{"line":16,"column":53},"end":{"line":16,"column":67}}],"line":16}},"s":{"0":1,"1":1,"2":1,"3":1,"4":1,"5":1,"6":4,"7":1,"8":1,"9":1,"10":1,"11":1},"f":{"0":4},"b":{"0":[3,1],"1":[4,4]},"_coverageSchema":"43e27e138ebf9cfc5966b082cf9a028302ed4184","hash":"c0d90c114a12359296b5bc5e74d84d7bebbb2483","contentHash":"2d47e020c908e6c20fcc9fa7202311bb4419c4a4e6444ab6515f1a8288d66fea"},"C:\\Users\\TM-HP\\Desktop\\politico-app\\src\\controllers\\userController.js":{"path":"C:\\Users\\TM-HP\\Desktop\\politico-app\\src\\controllers\\userController.js","statementMap":{"0":{"start":{"line":3,"column":0},"end":{"line":5,"column":3}},"1":{"start":{"line":6,"column":0},"end":{"line":6,"column":25}},"2":{"start":{"line":8,"column":10},"end":{"line":8,"column":57}},"3":{"start":{"line":10,"column":20},"end":{"line":10,"column":68}},"4":{"start":{"line":12,"column":20},"end":{"line":12,"column":67}},"5":{"start":{"line":14,"column":39},"end":{"line":14,"column":93}},"6":{"start":{"line":16,"column":50},"end":{"line":16,"column":151}},"7":{"start":{"line":16,"column":92},"end":{"line":16,"column":149}},"8":{"start":{"line":18,"column":44},"end":{"line":18,"column":315}},"9":{"start":{"line":18,"column":57},"end":{"line":18,"column":58}},"10":{"start":{"line":18,"column":102},"end":{"line":18,"column":110}},"11":{"start":{"line":18,"column":112},"end":{"line":18,"column":167}},"12":{"start":{"line":18,"column":168},"end":{"line":18,"column":199}},"13":{"start":{"line":18,"column":200},"end":{"line":18,"column":254}},"14":{"start":{"line":18,"column":227},"end":{"line":18,"column":254}},"15":{"start":{"line":18,"column":255},"end":{"line":18,"column":313}},"16":{"start":{"line":20,"column":62},"end":{"line":20,"column":131}},"17":{"start":{"line":20,"column":78},"end":{"line":20,"column":131}},"18":{"start":{"line":20,"column":132},"end":{"line":20,"column":193}},"19":{"start":{"line":20,"column":149},"end":{"line":20,"column":193}},"20":{"start":{"line":20,"column":194},"end":{"line":20,"column":213}},"21":{"start":{"line":24,"column":0},"end":{"line":109,"column":3}},"22":{"start":{"line":26,"column":4},"end":{"line":26,"column":42}},"23":{"start":{"line":29,"column":2},"end":{"line":106,"column":6}},"24":{"start":{"line":32,"column":22},"end":{"line":32,"column":30}},"25":{"start":{"line":33,"column":22},"end":{"line":33,"column":41}},"26":{"start":{"line":34,"column":21},"end":{"line":34,"column":39}},"27":{"start":{"line":35,"column":22},"end":{"line":35,"column":41}},"28":{"start":{"line":36,"column":18},"end":{"line":36,"column":33}},"29":{"start":{"line":37,"column":24},"end":{"line":37,"column":45}},"30":{"start":{"line":38,"column":24},"end":{"line":38,"column":45}},"31":{"start":{"line":39,"column":21},"end":{"line":39,"column":39}},"32":{"start":{"line":41,"column":25},"end":{"line":41,"column":65}},"33":{"start":{"line":43,"column":17},"end":{"line":43,"column":159}},"34":{"start":{"line":44,"column":19},"end":{"line":44,"column":98}},"35":{"start":{"line":46,"column":6},"end":{"line":64,"column":9}},"36":{"start":{"line":47,"column":8},"end":{"line":58,"column":11}},"37":{"start":{"line":60,"column":8},"end":{"line":63,"column":11}},"38":{"start":{"line":69,"column":23},"end":{"line":69,"column":31}},"39":{"start":{"line":70,"column":18},"end":{"line":70,"column":34}},"40":{"start":{"line":71,"column":21},"end":{"line":71,"column":40}},"41":{"start":{"line":72,"column":17},"end":{"line":72,"column":55}},"42":{"start":{"line":73,"column":19},"end":{"line":73,"column":26}},"43":{"start":{"line":75,"column":6},"end":{"line":104,"column":9}},"44":{"start":{"line":76,"column":30},"end":{"line":76,"column":91}},"45":{"start":{"line":78,"column":8},"end":{"line":97,"column":9}},"46":{"start":{"line":79,"column":10},"end":{"line":91,"column":13}},"47":{"start":{"line":93,"column":10},"end":{"line":96,"column":13}},"48":{"start":{"line":99,"column":8},"end":{"line":99,"column":27}},"49":{"start":{"line":100,"column":8},"end":{"line":103,"column":11}},"50":{"start":{"line":108,"column":2},"end":{"line":108,"column":24}},"51":{"start":{"line":111,"column":15},"end":{"line":111,"column":29}},"52":{"start":{"line":112,"column":0},"end":{"line":112,"column":27}}},"fnMap":{"0":{"name":"_interopRequireDefault","decl":{"start":{"line":14,"column":9},"end":{"line":14,"column":31}},"loc":{"start":{"line":14,"column":37},"end":{"line":14,"column":95}},"line":14},"1":{"name":"_classCallCheck","decl":{"start":{"line":16,"column":9},"end":{"line":16,"column":24}},"loc":{"start":{"line":16,"column":48},"end":{"line":16,"column":153}},"line":16},"2":{"name":"_defineProperties","decl":{"start":{"line":18,"column":9},"end":{"line":18,"column":26}},"loc":{"start":{"line":18,"column":42},"end":{"line":18,"column":317}},"line":18},"3":{"name":"_createClass","decl":{"start":{"line":20,"column":9},"end":{"line":20,"column":21}},"loc":{"start":{"line":20,"column":60},"end":{"line":20,"column":215}},"line":20},"4":{"name":"(anonymous_4)","decl":{"start":{"line":24,"column":0},"end":{"line":24,"column":1}},"loc":{"start":{"line":24,"column":12},"end":{"line":109,"column":1}},"line":24},"5":{"name":"userController","decl":{"start":{"line":25,"column":11},"end":{"line":25,"column":25}},"loc":{"start":{"line":25,"column":28},"end":{"line":27,"column":3}},"line":25},"6":{"name":"userSignup","decl":{"start":{"line":31,"column":20},"end":{"line":31,"column":30}},"loc":{"start":{"line":31,"column":41},"end":{"line":65,"column":5}},"line":31},"7":{"name":"(anonymous_7)","decl":{"start":{"line":46,"column":43},"end":{"line":46,"column":44}},"loc":{"start":{"line":46,"column":59},"end":{"line":59,"column":7}},"line":46},"8":{"name":"(anonymous_8)","decl":{"start":{"line":59,"column":15},"end":{"line":59,"column":16}},"loc":{"start":{"line":59,"column":30},"end":{"line":64,"column":7}},"line":59},"9":{"name":"userSignin","decl":{"start":{"line":68,"column":20},"end":{"line":68,"column":30}},"loc":{"start":{"line":68,"column":41},"end":{"line":105,"column":5}},"line":68},"10":{"name":"(anonymous_10)","decl":{"start":{"line":75,"column":43},"end":{"line":75,"column":44}},"loc":{"start":{"line":75,"column":59},"end":{"line":98,"column":7}},"line":75},"11":{"name":"(anonymous_11)","decl":{"start":{"line":98,"column":15},"end":{"line":98,"column":16}},"loc":{"start":{"line":98,"column":32},"end":{"line":104,"column":7}},"line":98}},"branchMap":{"0":{"loc":{"start":{"line":14,"column":46},"end":{"line":14,"column":92}},"type":"cond-expr","locations":[{"start":{"line":14,"column":70},"end":{"line":14,"column":73}},{"start":{"line":14,"column":76},"end":{"line":14,"column":92}}],"line":14},"1":{"loc":{"start":{"line":14,"column":46},"end":{"line":14,"column":67}},"type":"binary-expr","locations":[{"start":{"line":14,"column":46},"end":{"line":14,"column":49}},{"start":{"line":14,"column":53},"end":{"line":14,"column":67}}],"line":14},"2":{"loc":{"start":{"line":16,"column":50},"end":{"line":16,"column":151}},"type":"if","locations":[{"start":{"line":16,"column":50},"end":{"line":16,"column":151}},{"start":{"line":16,"column":50},"end":{"line":16,"column":151}}],"line":16},"3":{"loc":{"start":{"line":18,"column":136},"end":{"line":18,"column":166}},"type":"binary-expr","locations":[{"start":{"line":18,"column":136},"end":{"line":18,"column":157}},{"start":{"line":18,"column":161},"end":{"line":18,"column":166}}],"line":18},"4":{"loc":{"start":{"line":18,"column":200},"end":{"line":18,"column":254}},"type":"if","locations":[{"start":{"line":18,"column":200},"end":{"line":18,"column":254}},{"start":{"line":18,"column":200},"end":{"line":18,"column":254}}],"line":18},"5":{"loc":{"start":{"line":20,"column":62},"end":{"line":20,"column":131}},"type":"if","locations":[{"start":{"line":20,"column":62},"end":{"line":20,"column":131}},{"start":{"line":20,"column":62},"end":{"line":20,"column":131}}],"line":20},"6":{"loc":{"start":{"line":20,"column":132},"end":{"line":20,"column":193}},"type":"if","locations":[{"start":{"line":20,"column":132},"end":{"line":20,"column":193}},{"start":{"line":20,"column":132},"end":{"line":20,"column":193}}],"line":20},"7":{"loc":{"start":{"line":78,"column":8},"end":{"line":97,"column":9}},"type":"if","locations":[{"start":{"line":78,"column":8},"end":{"line":97,"column":9}},{"start":{"line":78,"column":8},"end":{"line":97,"column":9}}],"line":78}},"s":{"0":1,"1":1,"2":1,"3":1,"4":1,"5":3,"6":0,"7":0,"8":1,"9":1,"10":2,"11":2,"12":2,"13":2,"14":2,"15":2,"16":1,"17":0,"18":1,"19":1,"20":1,"21":1,"22":0,"23":1,"24":0,"25":0,"26":0,"27":0,"28":0,"29":0,"30":0,"31":0,"32":0,"33":0,"34":0,"35":0,"36":0,"37":0,"38":0,"39":0,"40":0,"41":0,"42":0,"43":0,"44":0,"45":0,"46":0,"47":0,"48":0,"49":0,"50":1,"51":1,"52":1},"f":{"0":3,"1":0,"2":1,"3":1,"4":1,"5":0,"6":0,"7":0,"8":0,"9":0,"10":0,"11":0},"b":{"0":[1,2],"1":[3,3],"2":[0,0],"3":[2,2],"4":[2,0],"5":[0,1],"6":[1,0],"7":[0,0]},"_coverageSchema":"43e27e138ebf9cfc5966b082cf9a028302ed4184","hash":"e72aad36feb78fbec9d953bcb49954e3d6abeaeb","contentHash":"eb2a135fdb7faf928c0958f8db7c5c9b63490108cbc2150017e6fa60834c8efd"},"C:\\Users\\TM-HP\\Desktop\\politico-app\\src\\middlewares\\userMiddleware.js":{"path":"C:\\Users\\TM-HP\\Desktop\\politico-app\\src\\middlewares\\userMiddleware.js","statementMap":{"0":{"start":{"line":3,"column":0},"end":{"line":5,"column":3}},"1":{"start":{"line":6,"column":0},"end":{"line":6,"column":25}},"2":{"start":{"line":8,"column":24},"end":{"line":8,"column":76}},"3":{"start":{"line":10,"column":10},"end":{"line":10,"column":57}},"4":{"start":{"line":12,"column":39},"end":{"line":12,"column":93}},"5":{"start":{"line":14,"column":50},"end":{"line":14,"column":151}},"6":{"start":{"line":14,"column":92},"end":{"line":14,"column":149}},"7":{"start":{"line":16,"column":44},"end":{"line":16,"column":315}},"8":{"start":{"line":16,"column":57},"end":{"line":16,"column":58}},"9":{"start":{"line":16,"column":102},"end":{"line":16,"column":110}},"10":{"start":{"line":16,"column":112},"end":{"line":16,"column":167}},"11":{"start":{"line":16,"column":168},"end":{"line":16,"column":199}},"12":{"start":{"line":16,"column":200},"end":{"line":16,"column":254}},"13":{"start":{"line":16,"column":227},"end":{"line":16,"column":254}},"14":{"start":{"line":16,"column":255},"end":{"line":16,"column":313}},"15":{"start":{"line":18,"column":62},"end":{"line":18,"column":131}},"16":{"start":{"line":18,"column":78},"end":{"line":18,"column":131}},"17":{"start":{"line":18,"column":132},"end":{"line":18,"column":193}},"18":{"start":{"line":18,"column":149},"end":{"line":18,"column":193}},"19":{"start":{"line":18,"column":194},"end":{"line":18,"column":213}},"20":{"start":{"line":22,"column":0},"end":{"line":84,"column":3}},"21":{"start":{"line":24,"column":4},"end":{"line":24,"column":42}},"22":{"start":{"line":27,"column":2},"end":{"line":81,"column":6}},"23":{"start":{"line":30,"column":22},"end":{"line":30,"column":30}},"24":{"start":{"line":31,"column":22},"end":{"line":31,"column":41}},"25":{"start":{"line":32,"column":21},"end":{"line":32,"column":39}},"26":{"start":{"line":33,"column":22},"end":{"line":33,"column":41}},"27":{"start":{"line":34,"column":18},"end":{"line":34,"column":33}},"28":{"start":{"line":35,"column":24},"end":{"line":35,"column":45}},"29":{"start":{"line":36,"column":24},"end":{"line":36,"column":45}},"30":{"start":{"line":37,"column":21},"end":{"line":37,"column":39}},"31":{"start":{"line":38,"column":21},"end":{"line":38,"column":39}},"32":{"start":{"line":39,"column":6},"end":{"line":39,"column":77}},"33":{"start":{"line":40,"column":6},"end":{"line":40,"column":75}},"34":{"start":{"line":41,"column":6},"end":{"line":41,"column":77}},"35":{"start":{"line":42,"column":6},"end":{"line":42,"column":68}},"36":{"start":{"line":43,"column":6},"end":{"line":43,"column":68}},"37":{"start":{"line":44,"column":6},"end":{"line":44,"column":80}},"38":{"start":{"line":45,"column":6},"end":{"line":45,"column":81}},"39":{"start":{"line":46,"column":6},"end":{"line":46,"column":67}},"40":{"start":{"line":47,"column":6},"end":{"line":49,"column":9}},"41":{"start":{"line":50,"column":6},"end":{"line":50,"column":61}},"42":{"start":{"line":51,"column":19},"end":{"line":51,"column":41}},"43":{"start":{"line":53,"column":6},"end":{"line":58,"column":7}},"44":{"start":{"line":54,"column":8},"end":{"line":57,"column":11}},"45":{"start":{"line":60,"column":6},"end":{"line":60,"column":13}},"46":{"start":{"line":65,"column":23},"end":{"line":65,"column":31}},"47":{"start":{"line":66,"column":18},"end":{"line":66,"column":34}},"48":{"start":{"line":67,"column":21},"end":{"line":67,"column":40}},"49":{"start":{"line":68,"column":6},"end":{"line":68,"column":142}},"50":{"start":{"line":69,"column":6},"end":{"line":69,"column":74}},"51":{"start":{"line":70,"column":19},"end":{"line":70,"column":41}},"52":{"start":{"line":72,"column":6},"end":{"line":77,"column":7}},"53":{"start":{"line":73,"column":8},"end":{"line":76,"column":11}},"54":{"start":{"line":79,"column":6},"end":{"line":79,"column":13}},"55":{"start":{"line":83,"column":2},"end":{"line":83,"column":24}},"56":{"start":{"line":86,"column":15},"end":{"line":86,"column":29}},"57":{"start":{"line":87,"column":0},"end":{"line":87,"column":27}}},"fnMap":{"0":{"name":"_interopRequireDefault","decl":{"start":{"line":12,"column":9},"end":{"line":12,"column":31}},"loc":{"start":{"line":12,"column":37},"end":{"line":12,"column":95}},"line":12},"1":{"name":"_classCallCheck","decl":{"start":{"line":14,"column":9},"end":{"line":14,"column":24}},"loc":{"start":{"line":14,"column":48},"end":{"line":14,"column":153}},"line":14},"2":{"name":"_defineProperties","decl":{"start":{"line":16,"column":9},"end":{"line":16,"column":26}},"loc":{"start":{"line":16,"column":42},"end":{"line":16,"column":317}},"line":16},"3":{"name":"_createClass","decl":{"start":{"line":18,"column":9},"end":{"line":18,"column":21}},"loc":{"start":{"line":18,"column":60},"end":{"line":18,"column":215}},"line":18},"4":{"name":"(anonymous_4)","decl":{"start":{"line":22,"column":0},"end":{"line":22,"column":1}},"loc":{"start":{"line":22,"column":12},"end":{"line":84,"column":1}},"line":22},"5":{"name":"userMiddleware","decl":{"start":{"line":23,"column":11},"end":{"line":23,"column":25}},"loc":{"start":{"line":23,"column":28},"end":{"line":25,"column":3}},"line":23},"6":{"name":"signUpValidate","decl":{"start":{"line":29,"column":20},"end":{"line":29,"column":34}},"loc":{"start":{"line":29,"column":51},"end":{"line":61,"column":5}},"line":29},"7":{"name":"signInValidate","decl":{"start":{"line":64,"column":20},"end":{"line":64,"column":34}},"loc":{"start":{"line":64,"column":51},"end":{"line":80,"column":5}},"line":64}},"branchMap":{"0":{"loc":{"start":{"line":12,"column":46},"end":{"line":12,"column":92}},"type":"cond-expr","locations":[{"start":{"line":12,"column":70},"end":{"line":12,"column":73}},{"start":{"line":12,"column":76},"end":{"line":12,"column":92}}],"line":12},"1":{"loc":{"start":{"line":12,"column":46},"end":{"line":12,"column":67}},"type":"binary-expr","locations":[{"start":{"line":12,"column":46},"end":{"line":12,"column":49}},{"start":{"line":12,"column":53},"end":{"line":12,"column":67}}],"line":12},"2":{"loc":{"start":{"line":14,"column":50},"end":{"line":14,"column":151}},"type":"if","locations":[{"start":{"line":14,"column":50},"end":{"line":14,"column":151}},{"start":{"line":14,"column":50},"end":{"line":14,"column":151}}],"line":14},"3":{"loc":{"start":{"line":16,"column":136},"end":{"line":16,"column":166}},"type":"binary-expr","locations":[{"start":{"line":16,"column":136},"end":{"line":16,"column":157}},{"start":{"line":16,"column":161},"end":{"line":16,"column":166}}],"line":16},"4":{"loc":{"start":{"line":16,"column":200},"end":{"line":16,"column":254}},"type":"if","locations":[{"start":{"line":16,"column":200},"end":{"line":16,"column":254}},{"start":{"line":16,"column":200},"end":{"line":16,"column":254}}],"line":16},"5":{"loc":{"start":{"line":18,"column":62},"end":{"line":18,"column":131}},"type":"if","locations":[{"start":{"line":18,"column":62},"end":{"line":18,"column":131}},{"start":{"line":18,"column":62},"end":{"line":18,"column":131}}],"line":18},"6":{"loc":{"start":{"line":18,"column":132},"end":{"line":18,"column":193}},"type":"if","locations":[{"start":{"line":18,"column":132},"end":{"line":18,"column":193}},{"start":{"line":18,"column":132},"end":{"line":18,"column":193}}],"line":18},"7":{"loc":{"start":{"line":53,"column":6},"end":{"line":58,"column":7}},"type":"if","locations":[{"start":{"line":53,"column":6},"end":{"line":58,"column":7}},{"start":{"line":53,"column":6},"end":{"line":58,"column":7}}],"line":53},"8":{"loc":{"start":{"line":72,"column":6},"end":{"line":77,"column":7}},"type":"if","locations":[{"start":{"line":72,"column":6},"end":{"line":77,"column":7}},{"start":{"line":72,"column":6},"end":{"line":77,"column":7}}],"line":72}},"s":{"0":1,"1":1,"2":1,"3":1,"4":2,"5":0,"6":0,"7":1,"8":1,"9":2,"10":2,"11":2,"12":2,"13":2,"14":2,"15":1,"16":0,"17":1,"18":1,"19":1,"20":1,"21":0,"22":1,"23":0,"24":0,"25":0,"26":0,"27":0,"28":0,"29":0,"30":0,"31":0,"32":0,"33":0,"34":0,"35":0,"36":0,"37":0,"38":0,"39":0,"40":0,"41":0,"42":0,"43":0,"44":0,"45":0,"46":0,"47":0,"48":0,"49":0,"50":0,"51":0,"52":0,"53":0,"54":0,"55":1,"56":1,"57":1},"f":{"0":2,"1":0,"2":1,"3":1,"4":1,"5":0,"6":0,"7":0},"b":{"0":[1,1],"1":[2,2],"2":[0,0],"3":[2,2],"4":[2,0],"5":[0,1],"6":[1,0],"7":[0,0],"8":[0,0]},"_coverageSchema":"43e27e138ebf9cfc5966b082cf9a028302ed4184","hash":"8cdf81d88ea261000b84ae10e97cff6c5c78f2d2","contentHash":"dd4c1a40206d944db3fffd08b571164bbc92c03e623b0fd5d18a0fe395c7a822"},"C:\\Users\\TM-HP\\Desktop\\politico-app\\src\\helpers\\versionEndpoint.js":{"path":"C:\\Users\\TM-HP\\Desktop\\politico-app\\src\\helpers\\versionEndpoint.js","statementMap":{"0":{"start":{"line":3,"column":0},"end":{"line":5,"column":3}},"1":{"start":{"line":6,"column":0},"end":{"line":6,"column":25}},"2":{"start":{"line":7,"column":24},"end":{"line":7,"column":34}},"3":{"start":{"line":8,"column":15},"end":{"line":8,"column":32}},"4":{"start":{"line":9,"column":0},"end":{"line":9,"column":27}}},"fnMap":{},"branchMap":{},"s":{"0":1,"1":1,"2":1,"3":1,"4":1},"f":{},"b":{},"_coverageSchema":"43e27e138ebf9cfc5966b082cf9a028302ed4184","hash":"14be4d129bdf5b8eb624a766aa85c72e844c89fb","contentHash":"30dadfc2f078b31bfab7ed33d74bb94e5010959c3fd9ef20d47ba36e070f9aca"},"C:\\Users\\TM-HP\\Desktop\\politico-app\\src\\routes\\candidateRouter.js":{"path":"C:\\Users\\TM-HP\\Desktop\\politico-app\\src\\routes\\candidateRouter.js","statementMap":{"0":{"start":{"line":3,"column":0},"end":{"line":5,"column":3}},"1":{"start":{"line":6,"column":0},"end":{"line":6,"column":25}},"2":{"start":{"line":8,"column":15},"end":{"line":8,"column":57}},"3":{"start":{"line":10,"column":27},"end":{"line":10,"column":96}},"4":{"start":{"line":12,"column":23},"end":{"line":12,"column":88}},"5":{"start":{"line":14,"column":23},"end":{"line":14,"column":84}},"6":{"start":{"line":16,"column":39},"end":{"line":16,"column":93}},"7":{"start":{"line":18,"column":13},"end":{"line":18,"column":38}},"8":{"start":{"line":20,"column":0},"end":{"line":20,"column":160}},"9":{"start":{"line":21,"column":15},"end":{"line":21,"column":21}},"10":{"start":{"line":22,"column":0},"end":{"line":22,"column":27}}},"fnMap":{"0":{"name":"_interopRequireDefault","decl":{"start":{"line":16,"column":9},"end":{"line":16,"column":31}},"loc":{"start":{"line":16,"column":37},"end":{"line":16,"column":95}},"line":16}},"branchMap":{"0":{"loc":{"start":{"line":16,"column":46},"end":{"line":16,"column":92}},"type":"cond-expr","locations":[{"start":{"line":16,"column":70},"end":{"line":16,"column":73}},{"start":{"line":16,"column":76},"end":{"line":16,"column":92}}],"line":16},"1":{"loc":{"start":{"line":16,"column":46},"end":{"line":16,"column":67}},"type":"binary-expr","locations":[{"start":{"line":16,"column":46},"end":{"line":16,"column":49}},{"start":{"line":16,"column":53},"end":{"line":16,"column":67}}],"line":16}},"s":{"0":1,"1":1,"2":1,"3":1,"4":1,"5":1,"6":4,"7":1,"8":1,"9":1,"10":1},"f":{"0":4},"b":{"0":[3,1],"1":[4,4]},"_coverageSchema":"43e27e138ebf9cfc5966b082cf9a028302ed4184","hash":"d46fcf3904c015cac166ccb5be72ef943ad980fa","contentHash":"43168e4d69a70c922d4a476d510c322ca30fe7f54f42e9f3f0787e4e29ecd44d"},"C:\\Users\\TM-HP\\Desktop\\politico-app\\src\\middlewares\\candidateMiddleware.js":{"path":"C:\\Users\\TM-HP\\Desktop\\politico-app\\src\\middlewares\\candidateMiddleware.js","statementMap":{"0":{"start":{"line":3,"column":0},"end":{"line":5,"column":3}},"1":{"start":{"line":6,"column":0},"end":{"line":6,"column":25}},"2":{"start":{"line":8,"column":10},"end":{"line":8,"column":57}},"3":{"start":{"line":10,"column":39},"end":{"line":10,"column":93}},"4":{"start":{"line":12,"column":50},"end":{"line":12,"column":151}},"5":{"start":{"line":12,"column":92},"end":{"line":12,"column":149}},"6":{"start":{"line":14,"column":44},"end":{"line":14,"column":315}},"7":{"start":{"line":14,"column":57},"end":{"line":14,"column":58}},"8":{"start":{"line":14,"column":102},"end":{"line":14,"column":110}},"9":{"start":{"line":14,"column":112},"end":{"line":14,"column":167}},"10":{"start":{"line":14,"column":168},"end":{"line":14,"column":199}},"11":{"start":{"line":14,"column":200},"end":{"line":14,"column":254}},"12":{"start":{"line":14,"column":227},"end":{"line":14,"column":254}},"13":{"start":{"line":14,"column":255},"end":{"line":14,"column":313}},"14":{"start":{"line":16,"column":62},"end":{"line":16,"column":131}},"15":{"start":{"line":16,"column":78},"end":{"line":16,"column":131}},"16":{"start":{"line":16,"column":132},"end":{"line":16,"column":193}},"17":{"start":{"line":16,"column":149},"end":{"line":16,"column":193}},"18":{"start":{"line":16,"column":194},"end":{"line":16,"column":213}},"19":{"start":{"line":20,"column":0},"end":{"line":45,"column":3}},"20":{"start":{"line":22,"column":4},"end":{"line":22,"column":47}},"21":{"start":{"line":25,"column":2},"end":{"line":42,"column":6}},"22":{"start":{"line":28,"column":6},"end":{"line":28,"column":130}},"23":{"start":{"line":29,"column":6},"end":{"line":29,"column":124}},"24":{"start":{"line":30,"column":6},"end":{"line":30,"column":126}},"25":{"start":{"line":31,"column":19},"end":{"line":31,"column":41}},"26":{"start":{"line":33,"column":6},"end":{"line":38,"column":7}},"27":{"start":{"line":34,"column":8},"end":{"line":37,"column":11}},"28":{"start":{"line":40,"column":6},"end":{"line":40,"column":13}},"29":{"start":{"line":44,"column":2},"end":{"line":44,"column":29}},"30":{"start":{"line":47,"column":15},"end":{"line":47,"column":34}},"31":{"start":{"line":48,"column":0},"end":{"line":48,"column":27}}},"fnMap":{"0":{"name":"_interopRequireDefault","decl":{"start":{"line":10,"column":9},"end":{"line":10,"column":31}},"loc":{"start":{"line":10,"column":37},"end":{"line":10,"column":95}},"line":10},"1":{"name":"_classCallCheck","decl":{"start":{"line":12,"column":9},"end":{"line":12,"column":24}},"loc":{"start":{"line":12,"column":48},"end":{"line":12,"column":153}},"line":12},"2":{"name":"_defineProperties","decl":{"start":{"line":14,"column":9},"end":{"line":14,"column":26}},"loc":{"start":{"line":14,"column":42},"end":{"line":14,"column":317}},"line":14},"3":{"name":"_createClass","decl":{"start":{"line":16,"column":9},"end":{"line":16,"column":21}},"loc":{"start":{"line":16,"column":60},"end":{"line":16,"column":215}},"line":16},"4":{"name":"(anonymous_4)","decl":{"start":{"line":20,"column":0},"end":{"line":20,"column":1}},"loc":{"start":{"line":20,"column":12},"end":{"line":45,"column":1}},"line":20},"5":{"name":"candidateValidation","decl":{"start":{"line":21,"column":11},"end":{"line":21,"column":30}},"loc":{"start":{"line":21,"column":33},"end":{"line":23,"column":3}},"line":21},"6":{"name":"createCandidate","decl":{"start":{"line":27,"column":20},"end":{"line":27,"column":35}},"loc":{"start":{"line":27,"column":52},"end":{"line":41,"column":5}},"line":27}},"branchMap":{"0":{"loc":{"start":{"line":10,"column":46},"end":{"line":10,"column":92}},"type":"cond-expr","locations":[{"start":{"line":10,"column":70},"end":{"line":10,"column":73}},{"start":{"line":10,"column":76},"end":{"line":10,"column":92}}],"line":10},"1":{"loc":{"start":{"line":10,"column":46},"end":{"line":10,"column":67}},"type":"binary-expr","locations":[{"start":{"line":10,"column":46},"end":{"line":10,"column":49}},{"start":{"line":10,"column":53},"end":{"line":10,"column":67}}],"line":10},"2":{"loc":{"start":{"line":12,"column":50},"end":{"line":12,"column":151}},"type":"if","locations":[{"start":{"line":12,"column":50},"end":{"line":12,"column":151}},{"start":{"line":12,"column"
[...]
assCallCheck","decl":{"start":{"line":12,"column":9},"end":{"line":12,"column":24}},"loc":{"start":{"line":12,"column":48},"end":{"line":12,"column":153}},"line":12},"2":{"name":"_defineProperties","decl":{"start":{"line":14,"column":9},"end":{"line":14,"column":26}},"loc":{"start":{"line":14,"column":42},"end":{"line":14,"column":317}},"line":14},"3":{"name":"_createClass","decl":{"start":{"line":16,"column":9},"end":{"line":16,"column":21}},"loc":{"start":{"line":16,"column":60},"end":{"line":16,"column":215}},"line":16},"4":{"name":"(anonymous_4)","decl":{"start":{"line":20,"column":0},"end":{"line":20,"column":1}},"loc":{"start":{"line":20,"column":12},"end":{"line":52,"column":1}},"line":20},"5":{"name":"candidate","decl":{"start":{"line":21,"column":11},"end":{"line":21,"column":20}},"loc":{"start":{"line":21,"column":23},"end":{"line":23,"column":3}},"line":21},"6":{"name":"createCandidate","decl":{"start":{"line":27,"column":20},"end":{"line":27,"column":35}},"loc":{"start":{"line":27,"column":46},"end":{"line":48,"column":5}},"line":27},"7":{"name":"(anonymous_7)","decl":{"start":{"line":35,"column":43},"end":{"line":35,"column":44}},"loc":{"start":{"line":35,"column":64},"end":{"line":41,"column":7}},"line":35},"8":{"name":"(anonymous_8)","decl":{"start":{"line":41,"column":15},"end":{"line":41,"column":16}},"loc":{"start":{"line":41,"column":30},"end":{"line":47,"column":7}},"line":41}},"branchMap":{"0":{"loc":{"start":{"line":10,"column":46},"end":{"line":10,"column":92}},"type":"cond-expr","locations":[{"start":{"line":10,"column":70},"end":{"line":10,"column":73}},{"start":{"line":10,"column":76},"end":{"line":10,"column":92}}],"line":10},"1":{"loc":{"start":{"line":10,"column":46},"end":{"line":10,"column":67}},"type":"binary-expr","locations":[{"start":{"line":10,"column":46},"end":{"line":10,"column":49}},{"start":{"line":10,"column":53},"end":{"line":10,"column":67}}],"line":10},"2":{"loc":{"start":{"line":12,"column":50},"end":{"line":12,"column":151}},"type":"if","locations":[{"start":{"line":12,"column":50},"end":{"line":12,"column":151}},{"start":{"line":12,"column":50},"end":{"line":12,"column":151}}],"line":12},"3":{"loc":{"start":{"line":14,"column":136},"end":{"line":14,"column":166}},"type":"binary-expr","locations":[{"start":{"line":14,"column":136},"end":{"line":14,"column":157}},{"start":{"line":14,"column":161},"end":{"line":14,"column":166}}],"line":14},"4":{"loc":{"start":{"line":14,"column":200},"end":{"line":14,"column":254}},"type":"if","locations":[{"start":{"line":14,"column":200},"end":{"line":14,"column":254}},{"start":{"line":14,"column":200},"end":{"line":14,"column":254}}],"line":14},"5":{"loc":{"start":{"line":16,"column":62},"end":{"line":16,"column":131}},"type":"if","locations":[{"start":{"line":16,"column":62},"end":{"line":16,"column":131}},{"start":{"line":16,"column":62},"end":{"line":16,"column":131}}],"line":16},"6":{"loc":{"start":{"line":16,"column":132},"end":{"line":16,"column":193}},"type":"if","locations":[{"start":{"line":16,"column":132},"end":{"line":16,"column":193}},{"start":{"line":16,"column":132},"end":{"line":16,"column":193}}],"line":16}},"s":{"0":1,"1":1,"2":1,"3":1,"4":0,"5":0,"6":1,"7":1,"8":1,"9":1,"10":1,"11":1,"12":1,"13":1,"14":1,"15":0,"16":1,"17":1,"18":1,"19":1,"20":0,"21":1,"22":0,"23":0,"24":0,"25":0,"26":0,"27":0,"28":0,"29":0,"30":0,"31":0,"32":1,"33":1,"34":1},"f":{"0":1,"1":0,"2":1,"3":1,"4":1,"5":0,"6":0,"7":0,"8":0},"b":{"0":[1,0],"1":[1,1],"2":[0,0],"3":[1,1],"4":[1,0],"5":[0,1],"6":[1,0]},"_coverageSchema":"43e27e138ebf9cfc5966b082cf9a028302ed4184","hash":"9362b645ed73177285b34200cfddf5d84a1b4bb1","contentHash":"3a823b9d938865653e426d6c92f28202a686b20766e27cca6204875f5b796bd4"},"C:\\Users\\TM-HP\\Desktop\\politico-app\\src\\routes\\voteRouter.js":{"path":"C:\\Users\\TM-HP\\Desktop\\politico-app\\src\\routes\\voteRouter.js","statementMap":{"0":{"start":{"line":3,"column":0},"end":{"line":5,"column":3}},"1":{"start":{"line":6,"column":0},"end":{"line":6,"column":25}},"2":{"start":{"line":8,"column":15},"end":{"line":8,"column":57}},"3":{"start":{"line":10,"column":22},"end":{"line":10,"column":86}},"4":{"start":{"line":12,"column":21},"end":{"line":12,"column":84}},"5":{"start":{"line":14,"column":23},"end":{"line":14,"column":84}},"6":{"start":{"line":16,"column":39},"end":{"line":16,"column":93}},"7":{"start":{"line":18,"column":13},"end":{"line":18,"column":38}},"8":{"start":{"line":20,"column":0},"end":{"line":20,"column":117}},"9":{"start":{"line":21,"column":15},"end":{"line":21,"column":21}},"10":{"start":{"line":22,"column":0},"end":{"line":22,"column":27}}},"fnMap":{"0":{"name":"_interopRequireDefault","decl":{"start":{"line":16,"column":9},"end":{"line":16,"column":31}},"loc":{"start":{"line":16,"column":37},"end":{"line":16,"column":95}},"line":16}},"branchMap":{"0":{"loc":{"start":{"line":16,"column":46},"end":{"line":16,"column":92}},"type":"cond-expr","locations":[{"start":{"line":16,"column":70},"end":{"line":16,"column":73}},{"start":{"line":16,"column":76},"end":{"line":16,"column":92}}],"line":16},"1":{"loc":{"start":{"line":16,"column":46},"end":{"line":16,"column":67}},"type":"binary-expr","locations":[{"start":{"line":16,"column":46},"end":{"line":16,"column":49}},{"start":{"line":16,"column":53},"end":{"line":16,"column":67}}],"line":16}},"s":{"0":1,"1":1,"2":1,"3":1,"4":1,"5":1,"6":4,"7":1,"8":1,"9":1,"10":1},"f":{"0":4},"b":{"0":[3,1],"1":[4,4]},"_coverageSchema":"43e27e138ebf9cfc5966b082cf9a028302ed4184","hash":"53dae64968b0e863247ce51e9f21b9f239be6e82","contentHash":"0222f4ffedc4d418cb20d1b158ab179818437c6bc29d5d6ef8f7f2ca4311edb6"},"C:\\Users\\TM-HP\\Desktop\\politico-app\\src\\middlewares\\voteMiddleware.js":{"path":"C:\\Users\\TM-HP\\Desktop\\politico-app\\src\\middlewares\\voteMiddleware.js","statementMap":{"0":{"start":{"line":3,"column":0},"end":{"line":5,"column":3}},"1":{"start":{"line":6,"column":0},"end":{"line":6,"column":25}},"2":{"start":{"line":8,"column":50},"end":{"line":8,"column":151}},"3":{"start":{"line":8,"column":92},"end":{"line":8,"column":149}},"4":{"start":{"line":10,"column":44},"end":{"line":10,"column":315}},"5":{"start":{"line":10,"column":57},"end":{"line":10,"column":58}},"6":{"start":{"line":10,"column":102},"end":{"line":10,"column":110}},"7":{"start":{"line":10,"column":112},"end":{"line":10,"column":167}},"8":{"start":{"line":10,"column":168},"end":{"line":10,"column":199}},"9":{"start":{"line":10,"column":200},"end":{"line":10,"column":254}},"10":{"start":{"line":10,"column":227},"end":{"line":10,"column":254}},"11":{"start":{"line":10,"column":255},"end":{"line":10,"column":313}},"12":{"start":{"line":12,"column":62},"end":{"line":12,"column":131}},"13":{"start":{"line":12,"column":78},"end":{"line":12,"column":131}},"14":{"start":{"line":12,"column":132},"end":{"line":12,"column":193}},"15":{"start":{"line":12,"column":149},"end":{"line":12,"column":193}},"16":{"start":{"line":12,"column":194},"end":{"line":12,"column":213}},"17":{"start":{"line":16,"column":0},"end":{"line":41,"column":3}},"18":{"start":{"line":18,"column":4},"end":{"line":18,"column":42}},"19":{"start":{"line":21,"column":2},"end":{"line":38,"column":6}},"20":{"start":{"line":24,"column":6},"end":{"line":24,"column":130}},"21":{"start":{"line":25,"column":6},"end":{"line":25,"column":124}},"22":{"start":{"line":26,"column":6},"end":{"line":26,"column":122}},"23":{"start":{"line":27,"column":19},"end":{"line":27,"column":41}},"24":{"start":{"line":29,"column":6},"end":{"line":34,"column":7}},"25":{"start":{"line":30,"column":8},"end":{"line":33,"column":11}},"26":{"start":{"line":36,"column":6},"end":{"line":36,"column":13}},"27":{"start":{"line":40,"column":2},"end":{"line":40,"column":24}},"28":{"start":{"line":43,"column":15},"end":{"line":43,"column":29}},"29":{"start":{"line":44,"column":0},"end":{"line":44,"column":27}}},"fnMap":{"0":{"name":"_classCallCheck","decl":{"start":{"line":8,"column":9},"end":{"line":8,"column":24}},"loc":{"start":{"line":8,"column":48},"end":{"line":8,"column":153}},"line":8},"1":{"name":"_defineProperties","decl":{"start":{"line":10,"column":9},"end":{"line":10,"column":26}},"loc":{"start":{"line":10,"column":42},"end":{"line":10,"column":317}},"line":10},"2":{"name":"_createClass","decl":{"start":{"line":12,"column":9},"end":{"line":12,"column":21}},"loc":{"start":{"line":12,"column":60},"end":{"line":12,"column":215}},"line":12},"3":{"name":"(anonymous_3)","decl":{"start":{"line":16,"column":0},"end":{"line":16,"column":1}},"loc":{"start":{"line":16,"column":12},"end":{"line":41,"column":1}},"line":16},"4":{"name":"voteValidation","decl":{"start":{"line":17,"column":11},"end":{"line":17,"column":25}},"loc":{"start":{"line":17,"column":28},"end":{"line":19,"column":3}},"line":17},"5":{"name":"vote","decl":{"start":{"line":23,"column":20},"end":{"line":23,"column":24}},"loc":{"start":{"line":23,"column":41},"end":{"line":37,"column":5}},"line":23}},"branchMap":{"0":{"loc":{"start":{"line":8,"column":50},"end":{"line":8,"column":151}},"type":"if","locations":[{"start":{"line":8,"column":50},"end":{"line":8,"column":151}},{"start":{"line":8,"column":50},"end":{"line":8,"column":151}}],"line":8},"1":{"loc":{"start":{"line":10,"column":136},"end":{"line":10,"column":166}},"type":"binary-expr","locations":[{"start":{"line":10,"column":136},"end":{"line":10,"column":157}},{"start":{"line":10,"column":161},"end":{"line":10,"column":166}}],"line":10},"2":{"loc":{"start":{"line":10,"column":200},"end":{"line":10,"column":254}},"type":"if","locations":[{"start":{"line":10,"column":200},"end":{"line":10,"column":254}},{"start":{"line":10,"column":200},"end":{"line":10,"column":254}}],"line":10},"3":{"loc":{"start":{"line":12,"column":62},"end":{"line":12,"column":131}},"type":"if","locations":[{"start":{"line":12,"column":62},"end":{"line":12,"column":131}},{"start":{"line":12,"column":62},"end":{"line":12,"column":131}}],"line":12},"4":{"loc":{"start":{"line":12,"column":132},"end":{"line":12,"column":193}},"type":"if","locations":[{"start":{"line":12,"column":132},"end":{"line":12,"column":193}},{"start":{"line":12,"column":132},"end":{"line":12,"column":193}}],"line":12},"5":{"loc":{"start":{"line":29,"column":6},"end":{"line":34,"column":7}},"type":"if","locations":[{"start":{"line":29,"column":6},"end":{"line":34,"column":7}},{"start":{"line":29,"column":6},"end":{"line":34,"column":7}}],"line":29}},"s":{"0":1,"1":1,"2":0,"3":0,"4":1,"5":1,"6":1,"7":1,"8":1,"9":1,"10":1,"11":1,"12":1,"13":0,"14":1,"15":1,"16":1,"17":1,"18":0,"19":1,"20":0,"21":0,"22":0,"23":0,"24":0,"25":0,"26":0,"27":1,"28":1,"29":1},"f":{"0":0,"1":1,"2":1,"3":1,"4":0,"5":0},"b":{"0":[0,0],"1":[1,1],"2":[1,0],"3":[0,1],"4":[1,0],"5":[0,0]},"_coverageSchema":"43e27e138ebf9cfc5966b082cf9a028302ed4184","hash":"1b42359c0dde5d82bcc6a02a5fe41768f4ffd571","contentHash":"af0946a86510ff47a86889484e837e090ed078b75e506ed4926eea49510a87bc"},"C:\\Users\\TM-HP\\Desktop\\politico-app\\src\\controllers\\voteCandidate.js":{"path":"C:\\Users\\TM-HP\\Desktop\\politico-app\\src\\controllers\\voteCandidate.js","statementMap":{"0":{"start":{"line":3,"column":0},"end":{"line":5,"column":3}},"1":{"start":{"line":6,"column":0},"end":{"line":6,"column":25}},"2":{"start":{"line":8,"column":10},"end":{"line":8,"column":57}},"3":{"start":{"line":10,"column":39},"end":{"line":10,"column":93}},"4":{"start":{"line":12,"column":50},"end":{"line":12,"column":151}},"5":{"start":{"line":12,"column":92},"end":{"line":12,"column":149}},"6":{"start":{"line":14,"column":44},"end":{"line":14,"column":315}},"7":{"start":{"line":14,"column":57},"end":{"line":14,"column":58}},"8":{"start":{"line":14,"column":102},"end":{"line":14,"column":110}},"9":{"start":{"line":14,"column":112},"end":{"line":14,"column":167}},"10":{"start":{"line":14,"column":168},"end":{"line":14,"column":199}},"11":{"start":{"line":14,"column":200},"end":{"line":14,"column":254}},"12":{"start":{"line":14,"column":227},"end":{"line":14,"column":254}},"13":{"start":{"line":14,"column":255},"end":{"line":14,"column":313}},"14":{"start":{"line":16,"column":62},"end":{"line":16,"column":131}},"15":{"start":{"line":16,"column":78},"end":{"line":16,"column":131}},"16":{"start":{"line":16,"column":132},"end":{"line":16,"column":193}},"17":{"start":{"line":16,"column":149},"end":{"line":16,"column":193}},"18":{"start":{"line":16,"column":194},"end":{"line":16,"column":213}},"19":{"start":{"line":20,"column":0},"end":{"line":54,"column":3}},"20":{"start":{"line":22,"column":4},"end":{"line":22,"column":41}},"21":{"start":{"line":25,"column":2},"end":{"line":51,"column":6}},"22":{"start":{"line":28,"column":22},"end":{"line":28,"column":30}},"23":{"start":{"line":29,"column":19},"end":{"line":29,"column":35}},"24":{"start":{"line":30,"column":22},"end":{"line":30,"column":41}},"25":{"start":{"line":31,"column":18},"end":{"line":31,"column":33}},"26":{"start":{"line":32,"column":17},"end":{"line":32,"column":90}},"27":{"start":{"line":33,"column":19},"end":{"line":33,"column":45}},"28":{"start":{"line":35,"column":6},"end":{"line":49,"column":9}},"29":{"start":{"line":36,"column":8},"end":{"line":43,"column":11}},"30":{"start":{"line":45,"column":8},"end":{"line":48,"column":11}},"31":{"start":{"line":53,"column":2},"end":{"line":53,"column":23}},"32":{"start":{"line":56,"column":15},"end":{"line":56,"column":28}},"33":{"start":{"line":57,"column":0},"end":{"line":57,"column":27}}},"fnMap":{"0":{"name":"_interopRequireDefault","decl":{"start":{"line":10,"column":9},"end":{"line":10,"column":31}},"loc":{"start":{"line":10,"column":37},"end":{"line":10,"column":95}},"line":10},"1":{"name":"_classCallCheck","decl":{"start":{"line":12,"column":9},"end":{"line":12,"column":24}},"loc":{"start":{"line":12,"column":48},"end":{"line":12,"column":153}},"line":12},"2":{"name":"_defineProperties","decl":{"start":{"line":14,"column":9},"end":{"line":14,"column":26}},"loc":{"start":{"line":14,"column":42},"end":{"line":14,"column":317}},"line":14},"3":{"name":"_createClass","decl":{"start":{"line":16,"column":9},"end":{"line":16,"column":21}},"loc":{"start":{"line":16,"column":60},"end":{"line":16,"column":215}},"line":16},"4":{"name":"(anonymous_4)","decl":{"start":{"line":20,"column":0},"end":{"line":20,"column":1}},"loc":{"start":{"line":20,"column":12},"end":{"line":54,"column":1}},"line":20},"5":{"name":"voteCandidate","decl":{"start":{"line":21,"column":11},"end":{"line":21,"column":24}},"loc":{"start":{"line":21,"column":27},"end":{"line":23,"column":3}},"line":21},"6":{"name":"vote","decl":{"start":{"line":27,"column":20},"end":{"line":27,"column":24}},"loc":{"start":{"line":27,"column":35},"end":{"line":50,"column":5}},"line":27},"7":{"name":"(anonymous_7)","decl":{"start":{"line":35,"column":43},"end":{"line":35,"column":44}},"loc":{"start":{"line":35,"column":60},"end":{"line":44,"column":7}},"line":35},"8":{"name":"(anonymous_8)","decl":{"start":{"line":44,"column":15},"end":{"line":44,"column":16}},"loc":{"start":{"line":44,"column":30},"end":{"line":49,"column":7}},"line":44}},"branchMap":{"0":{"loc":{"start":{"line":10,"column":46},"end":{"line":10,"column":92}},"type":"cond-expr","locations":[{"start":{"line":10,"column":70},"end":{"line":10,"column":73}},{"start":{"line":10,"column":76},"end":{"line":10,"column":92}}],"line":10},"1":{"loc":{"start":{"line":10,"column":46},"end":{"line":10,"column":67}},"type":"binary-expr","locations":[{"start":{"line":10,"column":46},"end":{"line":10,"column":49}},{"start":{"line":10,"column":53},"end":{"line":10,"column":67}}],"line":10},"2":{"loc":{"start":{"line":12,"column":50},"end":{"line":12,"column":151}},"type":"if","locations":[{"start":{"line":12,"column":50},"end":{"line":12,"column":151}},{"start":{"line":12,"column":50},"end":{"line":12,"column":151}}],"line":12},"3":{"loc":{"start":{"line":14,"column":136},"end":{"line":14,"column":166}},"type":"binary-expr","locations":[{"start":{"line":14,"column":136},"end":{"line":14,"column":157}},{"start":{"line":14,"column":161},"end":{"line":14,"column":166}}],"line":14},"4":{"loc":{"start":{"line":14,"column":200},"end":{"line":14,"column":254}},"type":"if","locations":[{"start":{"line":14,"column":200},"end":{"line":14,"column":254}},{"start":{"line":14,"column":200},"end":{"line":14,"column":254}}],"line":14},"5":{"loc":{"start":{"line":16,"column":62},"end":{"line":16,"column":131}},"type":"if","locations":[{"start":{"line":16,"column":62},"end":{"line":16,"column":131}},{"start":{"line":16,"column":62},"end":{"line":16,"column":131}}],"line":16},"6":{"loc":{"start":{"line":16,"column":132},"end":{"line":16,"column":193}},"type":"if","locations":[{"start":{"line":16,"column":132},"end":{"line":16,"column":193}},{"start":{"line":16,"column":132},"end":{"line":16,"column":193}}],"line":16}},"s":{"0":1,"1":1,"2":1,"3":1,"4":0,"5":0,"6":1,"7":1,"8":1,"9":1,"10":1,"11":1,"12":1,"13":1,"14":1,"15":0,"16":1,"17":1,"18":1,"19":1,"20":0,"21":1,"22":0,"23":0,"24":0,"25":0,"26":0,"27":0,"28":0,"29":0,"30":0,"31":1,"32":1,"33":1},"f":{"0":1,"1":0,"2":1,"3":1,"4":1,"5":0,"6":0,"7":0,"8":0},"b":{"0":[1,0],"1":[1,1],"2":[0,0],"3":[1,1],"4":[1,0],"5":[0,1],"6":[1,0]},"_coverageSchema":"43e27e138ebf9cfc5966b082cf9a028302ed4184","hash":"3c367d14278fcb456f4df095560cd68ee7888ec1","contentHash":"23690b57b3ca4b0631ce5702ae55c0436492e0e6f5b9520d453072a45296efac"},"C:\\Users\\TM-HP\\Desktop\\politico-app\\src\\routes\\resultRouter.js":{"path":"C:\\Users\\TM-HP\\Desktop\\politico-app\\src\\routes\\resultRouter.js","statementMap":{"0":{"start":{"line":3,"column":0},"end":{"line":5,"column":3}},"1":{"start":{"line":6,"column":0},"end":{"line":6,"column":25}},"2":{"start":{"line":8,"column":15},"end":{"line":8,"column":57}},"3":{"start":{"line":10,"column":21},"end":{"line":10,"column":84}},"4":{"start":{"line":12,"column":23},"end":{"line":12,"column":84}},"5":{"start":{"line":14,"column":39},"end":{"line":14,"column":93}},"6":{"start":{"line":16,"column":13},"end":{"line":16,"column":38}},"7":{"start":{"line":18,"column":0},"end":{"line":18,"column":91}},"8":{"start":{"line":19,"column":15},"end":{"line":19,"column":21}},"9":{"start":{"line":20,"column":0},"end":{"line":20,"column":27}}},"fnMap":{"0":{"name":"_interopRequireDefault","decl":{"start":{"line":14,"column":9},"end":{"line":14,"column":31}},"loc":{"start":{"line":14,"column":37},"end":{"line":14,"column":95}},"line":14}},"branchMap":{"0":{"loc":{"start":{"line":14,"column":46},"end":{"line":14,"column":92}},"type":"cond-expr","locations":[{"start":{"line":14,"column":70},"end":{"line":14,"column":73}},{"start":{"line":14,"column":76},"end":{"line":14,"column":92}}],"line":14},"1":{"loc":{"start":{"line":14,"column":46},"end":{"line":14,"column":67}},"type":"binary-expr","locations":[{"start":{"line":14,"column":46},"end":{"line":14,"column":49}},{"start":{"line":14,"column":53},"end":{"line":14,"column":67}}],"line":14}},"s":{"0":1,"1":1,"2":1,"3":1,"4":1,"5":3,"6":1,"7":1,"8":1,"9":1},"f":{"0":3},"b":{"0":[2,1],"1":[3,3]},"_coverageSchema":"43e27e138ebf9cfc5966b082cf9a028302ed4184","hash":"da769a0a1e9e5ac91004aa1fb136bfaab442d1ab","contentHash":"0e7caaad89ac0cac9af706fc6bb2d05b6d81c460c3aa2b70cd0dbc6982f288cb"},"C:\\Users\\TM-HP\\Desktop\\politico-app\\src\\db\\officeDb.js":{"path":"C:\\Users\\TM-HP\\Desktop\\politico-app\\src\\db\\officeDb.js","statementMap":{"0":{"start":{"line":3,"column":0},"end":{"line":5,"column":3}},"1":{"start":{"line":6,"column":0},"end":{"line":6,"column":25}},"2":{"start":{"line":7,"column":13},"end":{"line":15,"column":2}},"3":{"start":{"line":16,"column":15},"end":{"line":16,"column":21}},"4":{"start":{"line":17,"column":0},"end":{"line":17,"column":27}}},"fnMap":{},"branchMap":{},"s":{"0":1,"1":1,"2":1,"3":1,"4":1},"f":{},"b":{},"_coverageSchema":"43e27e138ebf9cfc5966b082cf9a028302ed4184","hash":"be63c4e04a7e5672df3bc56949ad0182f589b232","contentHash":"a243cf7eff8821281da6b58d45145b9ee0a712e6996d2ae949231b545267e85f"}}