{"C:\\Users\\TM-HP\\Desktop\\politico-app\\src\\app.js":{"path":"C:\\Users\\TM-HP\\Desktop\\politico-app\\src\\app.js","statementMap":{"0":{"start":{"line":3,"column":0},"end":{"line":5,"column":3}},"1":{"start":{"line":6,"column":0},"end":{"line":6,"column":25}},"2":{"start":{"line":8,"column":15},"end":{"line":8,"column":57}},"3":{"start":{"line":10,"column":18},"end":{"line":10,"column":64}},"4":{"start":{"line":12,"column":24},"end":{"line":12,"column":76}},"5":{"start":{"line":14,"column":19},"end":{"line":14,"column":74}},"6":{"start":{"line":16,"column":20},"end":{"line":16,"column":76}},"7":{"start":{"line":18,"column":18},"end":{"line":18,"column":72}},"8":{"start":{"line":20,"column":23},"end":{"line":20,"column":82}},"9":{"start":{"line":22,"column":18},"end":{"line":22,"column":72}},"10":{"start":{"line":24,"column":20},"end":{"line":24,"column":76}},"11":{"start":{"line":26,"column":39},"end":{"line":26,"column":93}},"12":{"start":{"line":28,"column":10},"end":{"line":28,"column":33}},"13":{"start":{"line":29,"column":11},"end":{"line":29,"column":35}},"14":{"start":{"line":30,"column":0},"end":{"line":30,"column":36}},"15":{"start":{"line":31,"column":0},"end":{"line":33,"column":4}},"16":{"start":{"line":34,"column":0},"end":{"line":34,"column":42}},"17":{"start":{"line":35,"column":0},"end":{"line":35,"column":30}},"18":{"start":{"line":36,"column":0},"end":{"line":36,"column":31}},"19":{"start":{"line":37,"column":0},"end":{"line":37,"column":29}},"20":{"start":{"line":38,"column":0},"end":{"line":38,"column":34}},"21":{"start":{"line":39,"column":0},"end":{"line":39,"column":29}},"22":{"start":{"line":40,"column":0},"end":{"line":40,"column":31}},"23":{"start":{"line":41,"column":0},"end":{"line":43,"column":3}},"24":{"start":{"line":42,"column":2},"end":{"line":42,"column":38}},"25":{"start":{"line":44,"column":0},"end":{"line":46,"column":3}},"26":{"start":{"line":45,"column":2},"end":{"line":45,"column":23}},"27":{"start":{"line":47,"column":15},"end":{"line":47,"column":18}},"28":{"start":{"line":48,"column":0},"end":{"line":48,"column":27}}},"fnMap":{"0":{"name":"_interopRequireDefault","decl":{"start":{"line":26,"column":9},"end":{"line":26,"column":31}},"loc":{"start":{"line":26,"column":37},"end":{"line":26,"column":95}},"line":26},"1":{"name":"(anonymous_1)","decl":{"start":{"line":41,"column":13},"end":{"line":41,"column":14}},"loc":{"start":{"line":41,"column":39},"end":{"line":43,"column":1}},"line":41},"2":{"name":"(anonymous_2)","decl":{"start":{"line":44,"column":17},"end":{"line":44,"column":18}},"loc":{"start":{"line":44,"column":29},"end":{"line":46,"column":1}},"line":44}},"branchMap":{"0":{"loc":{"start":{"line":26,"column":46},"end":{"line":26,"column":92}},"type":"cond-expr","locations":[{"start":{"line":26,"column":70},"end":{"line":26,"column":73}},{"start":{"line":26,"column":76},"end":{"line":26,"column":92}}],"line":26},"1":{"loc":{"start":{"line":26,"column":46},"end":{"line":26,"column":67}},"type":"binary-expr","locations":[{"start":{"line":26,"column":46},"end":{"line":26,"column":49}},{"start":{"line":26,"column":53},"end":{"line":26,"column":67}}],"line":26},"2":{"loc":{"start":{"line":29,"column":11},"end":{"line":29,"column":35}},"type":"binary-expr","locations":[{"start":{"line":29,"column":11},"end":{"line":29,"column":27}},{"start":{"line":29,"column":31},"end":{"line":29,"column":35}}],"line":29}},"s":{"0":1,"1":1,"2":1,"3":1,"4":1,"5":1,"6":1,"7":1,"8":1,"9":1,"10":1,"11":9,"12":1,"13":1,"14":1,"15":1,"16":1,"17":1,"18":1,"19":1,"20":1,"21":1,"22":1,"23":1,"24":0,"25":1,"26":1,"27":1,"28":1},"f":{"0":9,"1":0,"2":1},"b":{"0":[6,3],"1":[9,9],"2":[1,1]},"_coverageSchema":"43e27e138ebf9cfc5966b082cf9a028302ed4184","hash":"940fa19217ed1baf003fd395e8317ad6d62dda96","contentHash":"f1f8fe2f9689439ac89fbf284ea8cf04bcbcfe57b89ab89cd18f5aab6b18ec32"},"C:\\Users\\TM-HP\\Desktop\\politico-app\\src\\routes\\partyRouter.js":{"path":"C:\\Users\\TM-HP\\Desktop\\politico-app\\src\\routes\\partyRouter.js","statementMap":{"0":{"start":{"line":3,"column":0},"end":{"line":5,"column":3}},"1":{"start":{"line":6,"column":0},"end":{"line":6,"column":25}},"2":{"start":{"line":8,"column":15},"end":{"line":8,"column":57}},"3":{"start":{"line":10,"column":23},"end":{"line":10,"column":88}},"4":{"start":{"line":12,"column":23},"end":{"line":12,"column":88}},"5":{"start":{"line":14,"column":22},"end":{"line":14,"column":82}},"6":{"start":{"line":16,"column":39},"end":{"line":16,"column":93}},"7":{"start":{"line":18,"column":13},"end":{"line":18,"column":38}},"8":{"start":{"line":20,"column":24},"end":{"line":20,"column":41}},"9":{"start":{"line":21,"column":0},"end":{"line":21,"column":144}},"10":{"start":{"line":22,"column":0},"end":{"line":22,"column":106}},"11":{"start":{"line":23,"column":0},"end":{"line":23,"column":129}},"12":{"start":{"line":24,"column":0},"end":{"line":24,"column":162}},"13":{"start":{"line":25,"column":0},"end":{"line":25,"column":128}},"14":{"start":{"line":26,"column":15},"end":{"line":26,"column":21}},"15":{"start":{"line":27,"column":0},"end":{"line":27,"column":27}}},"fnMap":{"0":{"name":"_interopRequireDefault","decl":{"start":{"line":16,"column":9},"end":{"line":16,"column":31}},"loc":{"start":{"line":16,"column":37},"end":{"line":16,"column":95}},"line":16}},"branchMap":{"0":{"loc":{"start":{"line":16,"column":46},"end":{"line":16,"column":92}},"type":"cond-expr","locations":[{"start":{"line":16,"column":70},"end":{"line":16,"column":73}},{"start":{"line":16,"column":76},"end":{"line":16,"column":92}}],"line":16},"1":{"loc":{"start":{"line":16,"column":46},"end":{"line":16,"column":67}},"type":"binary-expr","locations":[{"start":{"line":16,"column":46},"end":{"line":16,"column":49}},{"start":{"line":16,"column":53},"end":{"line":16,"column":67}}],"line":16}},"s":{"0":1,"1":1,"2":1,"3":1,"4":1,"5":1,"6":4,"7":1,"8":1,"9":1,"10":1,"11":1,"12":1,"13":1,"14":1,"15":1},"f":{"0":4},"b":{"0":[3,1],"1":[4,4]},"_coverageSchema":"43e27e138ebf9cfc5966b082cf9a028302ed4184","hash":"4c611f57346a7419695c5dc9fb4620e12cd797be","contentHash":"416a0384ca495bcff9a58c12bc40047cd052f4c2b663a00f776f2b49ba9ea53e"},"C:\\Users\\TM-HP\\Desktop\\politico-app\\src\\controllers\\partyController.js":{"path":"C:\\Users\\TM-HP\\Desktop\\politico-app\\src\\controllers\\partyController.js","statementMap":{"0":{"start":{"line":3,"column":0},"end":{"line":5,"column":3}},"1":{"start":{"line":6,"column":0},"end":{"line":6,"column":25}},"2":{"start":{"line":8,"column":10},"end":{"line":8,"column":57}},"3":{"start":{"line":10,"column":39},"end":{"line":10,"column":93}},"4":{"start":{"line":12,"column":50},"end":{"line":12,"column":151}},"5":{"start":{"line":12,"column":92},"end":{"line":12,"column":149}},"6":{"start":{"line":14,"column":44},"end":{"line":14,"column":315}},"7":{"start":{"line":14,"column":57},"end":{"line":14,"column":58}},"8":{"start":{"line":14,"column":102},"end":{"line":14,"column":110}},"9":{"start":{"line":14,"column":112},"end":{"line":14,"column":167}},"10":{"start":{"line":14,"column":168},"end":{"line":14,"column":199}},"11":{"start":{"line":14,"column":200},"end":{"line":14,"column":254}},"12":{"start":{"line":14,"column":227},"end":{"line":14,"column":254}},"13":{"start":{"line":14,"column":255},"end":{"line":14,"column":313}},"14":{"start":{"line":16,"column":62},"end":{"line":16,"column":131}},"15":{"start":{"line":16,"column":78},"end":{"line":16,"column":131}},"16":{"start":{"line":16,"column":132},"end":{"line":16,"column":193}},"17":{"start":{"line":16,"column":149},"end":{"line":16,"column":193}},"18":{"start":{"line":16,"column":194},"end":{"line":16,"column":213}},"19":{"start":{"line":20,"column":0},"end":{"line":164,"column":3}},"20":{"start":{"line":22,"column":4},"end":{"line":22,"column":43}},"21":{"start":{"line":25,"column":2},"end":{"line":161,"column":6}},"22":{"start":{"line":28,"column":22},"end":{"line":28,"column":30}},"23":{"start":{"line":29,"column":17},"end":{"line":29,"column":31}},"24":{"start":{"line":30,"column":22},"end":{"line":30,"column":41}},"25":{"start":{"line":31,"column":20},"end":{"line":31,"column":37}},"26":{"start":{"line":32,"column":17},"end":{"line":32,"column":91}},"27":{"start":{"line":33,"column":19},"end":{"line":33,"column":45}},"28":{"start":{"line":35,"column":6},"end":{"line":49,"column":9}},"29":{"start":{"line":36,"column":8},"end":{"line":41,"column":11}},"30":{"start":{"line":43,"column":8},"end":{"line":48,"column":11}},"31":{"start":{"line":54,"column":17},"end":{"line":54,"column":39}},"32":{"start":{"line":56,"column":6},"end":{"line":68,"column":9}},"33":{"start":{"line":57,"column":8},"end":{"line":61,"column":11}},"34":{"start":{"line":63,"column":8},"end":{"line":67,"column":11}},"35":{"start":{"line":73,"column":15},"end":{"line":73,"column":28}},"36":{"start":{"line":74,"column":15},"end":{"line":74,"column":27}},"37":{"start":{"line":75,"column":17},"end":{"line":75,"column":53}},"38":{"start":{"line":76,"column":19},"end":{"line":76,"column":23}},"39":{"start":{"line":78,"column":6},"end":{"line":98,"column":9}},"40":{"start":{"line":79,"column":8},"end":{"line":85,"column":9}},"41":{"start":{"line":80,"column":10},"end":{"line":84,"column":13}},"42":{"start":{"line":87,"column":8},"end":{"line":91,"column":11}},"43":{"start":{"line":93,"column":8},"end":{"line":97,"column":11}},"44":{"start":{"line":103,"column":15},"end":{"line":103,"column":28}},"45":{"start":{"line":104,"column":15},"end":{"line":104,"column":27}},"46":{"start":{"line":105,"column":17},"end":{"line":105,"column":30}},"47":{"start":{"line":106,"column":17},"end":{"line":106,"column":71}},"48":{"start":{"line":107,"column":19},"end":{"line":107,"column":29}},"49":{"start":{"line":109,"column":6},"end":{"line":129,"column":9}},"50":{"start":{"line":110,"column":8},"end":{"line":116,"column":9}},"51":{"start":{"line":111,"column":10},"end":{"line":115,"column":13}},"52":{"start":{"line":118,"column":8},"end":{"line":122,"column":11}},"53":{"start":{"line":124,"column":8},"end":{"line":128,"column":11}},"54":{"start":{"line":134,"column":15},"end":{"line":134,"column":38}},"55":{"start":{"line":135,"column":17},"end":{"line":135,"column":63}},"56":{"start":{"line":136,"column":19},"end":{"line":136,"column":23}},"57":{"start":{"line":138,"column":6},"end":{"line":159,"column":9}},"58":{"start":{"line":139,"column":8},"end":{"line":145,"column":9}},"59":{"start":{"line":140,"column":10},"end":{"line":144,"column":13}},"60":{"start":{"line":147,"column":8},"end":{"line":152,"column":11}},"61":{"start":{"line":154,"column":8},"end":{"line":158,"column":11}},"62":{"start":{"line":163,"column":2},"end":{"line":163,"column":25}},"63":{"start":{"line":166,"column":15},"end":{"line":166,"column":30}},"64":{"start":{"line":167,"column":0},"end":{"line":167,"column":27}}},"fnMap":{"0":{"name":"_interopRequireDefault","decl":{"start":{"line":10,"column":9},"end":{"line":10,"column":31}},"loc":{"start":{"line":10,"column":37},"end":{"line":10,"column":95}},"line":10},"1":{"name":"_classCallCheck","decl":{"start":{"line":12,"column":9},"end":{"line":12,"column":24}},"loc":{"start":{"line":12,"column":48},"end":{"line":12,"column":153}},"line":12},"2":{"name":"_defineProperties","decl":{"start":{"line":14,"column":9},"end":{"line":14,"column":26}},"loc":{"start":{"line":14,"column":42},"end":{"line":14,"column":317}},"line":14},"3":{"name":"_createClass","decl":{"start":{"line":16,"column":9},"end":{"line":16,"column":21}},"loc":{"start":{"line":16,"column":60},"end":{"line":16,"column":215}},"line":16},"4":{"name":"(anonymous_4)","decl":{"start":{"line":20,"column":0},"end":{"line":20,"column":1}},"loc":{"start":{"line":20,"column":12},"end":{"line":164,"column":1}},"line":20},"5":{"name":"PartyController","decl":{"start":{"line":21,"column":11},"end":{"line":21,"column":26}},"loc":{"start":{"line":21,"column":29},"end":{"line":23,"column":3}},"line":21},"6":{"name":"createParty","decl":{"start":{"line":27,"column":20},"end":{"line":27,"column":31}},"loc":{"start":{"line":27,"column":42},"end":{"line":50,"column":5}},"line":27},"7":{"name":"(anonymous_7)","decl":{"start":{"line":35,"column":43},"end":{"line":35,"column":44}},"loc":{"start":{"line":35,"column":63},"end":{"line":42,"column":7}},"line":35},"8":{"name":"(anonymous_8)","decl":{"start":{"line":42,"column":15},"end":{"line":42,"column":16}},"loc":{"start":{"line":42,"column":30},"end":{"line":49,"column":7}},"line":42},"9":{"name":"getAllParties","decl":{"start":{"line":53,"column":20},"end":{"line":53,"column":33}},"loc":{"start":{"line":53,"column":44},"end":{"line":69,"column":5}},"line":53},"10":{"name":"(anonymous_10)","decl":{"start":{"line":56,"column":35},"end":{"line":56,"column":36}},"loc":{"start":{"line":56,"column":52},"end":{"line":62,"column":7}},"line":56},"11":{"name":"(anonymous_11)","decl":{"start":{"line":62,"column":15},"end":{"line":62,"column":16}},"loc":{"start":{"line":62,"column":30},"end":{"line":68,"column":7}},"line":62},"12":{"name":"getASpecificParty","decl":{"start":{"line":72,"column":20},"end":{"line":72,"column":37}},"loc":{"start":{"line":72,"column":48},"end":{"line":99,"column":5}},"line":72},"13":{"name":"(anonymous_13)","decl":{"start":{"line":78,"column":43},"end":{"line":78,"column":44}},"loc":{"start":{"line":78,"column":60},"end":{"line":92,"column":7}},"line":78},"14":{"name":"(anonymous_14)","decl":{"start":{"line":92,"column":15},"end":{"line":92,"column":16}},"loc":{"start":{"line":92,"column":30},"end":{"line":98,"column":7}},"line":92},"15":{"name":"editAParty","decl":{"start":{"line":102,"column":20},"end":{"line":102,"column":30}},"loc":{"start":{"line":102,"column":41},"end":{"line":130,"column":5}},"line":102},"16":{"name":"(anonymous_16)","decl":{"start":{"line":109,"column":43},"end":{"line":109,"column":44}},"loc":{"start":{"line":109,"column":60},"end":{"line":123,"column":7}},"line":109},"17":{"name":"(anonymous_17)","decl":{"start":{"line":123,"column":15},"end":{"line":123,"column":16}},"loc":{"start":{"line":123,"column":30},"end":{"line":129,"column":7}},"line":123},"18":{"name":"deleteAParty","decl":{"start":{"line":133,"column":20},"end":{"line":133,"column":32}},"loc":{"start":{"line":133,"column":43},"end":{"line":160,"column":5}},"line":133},"19":{"name":"(anonymous_19)","decl":{"start":{"line":138,"column":43},"end":{"line":138,"column":44}},"loc":{"start":{"line":138,"column":60},"end":{"line":153,"column":7}},"line":138},"20":{"name":"(anonymous_20)","decl":{"start":{"line":153,"column":15},"end":{"line":153,"column":16}},"loc":{"start":{"line":153,"column":32},"end":{"line":159,"column":7}},"line":153}},"branchMap":{"0":{"loc":{"start":{"line":10,"column":46},"end":{"line":10,"column":92}},"type":"cond-expr","locations":[{"start":{"line":10,"column":70},"end":{"line":10,"column":73}},{"start":{"line":10,"column":76},"end":{"line":10,"column":92}}],"line":10},"1":{"loc":{"start":{"line":10,"column":46},"end":{"line":10,"column":67}},"type":"binary-expr","locations":[{"start":{"line":10,"column":46},"end":{"line":10,"column":49}},{"start":{"line":10,"column":53},"end":{"line":10,"column":67}}],"line":10},"2":{"loc":{"start":{"line":12,"column":50},"end":{"line":12,"column":151}},"type":"if","locations":[{"start":{"line":12,"column":50},"end":{"line":12,"column":151}},{"start":{"line":12,"column":50},"end":{"line":12,"column":151}}],"line":12},"3":{"loc":{"start":{"line":14,"column":136},"end":{"line":14,"column":166}},"type":"binary-expr","locations":[{"start":{"line":14,"column":136},"end":{"line":14,"column":157}},{"start":{"line":14,"column":161},"end":{"line":14,"column":166}}],"line":14},"4":{"loc":{"start":{"line":14,"column":200},"end":{"line":14,"column":254}},"type":"if","locations":[{"start":{"line":14,"column":200},"end":{"line":14,"column":254}},{"start":{"line":14,"column":200},"end":{"line":14,"column":254}}],"line":14},"5":{"loc":{"start":{"line":16,"column":62},"end":{"line":16,"column":131}},"type":"if","locations":[{"start":{"line":16,"column":62},"end":{"line":16,"column":131}},{"start":{"line":16,"column":62},"end":{"line":16,"column":131}}],"line":16},"6":{"loc":{"start":{"line":16,"column":132},"end":{"line":16,"column":193}},"type":"if","locations":[{"start":{"line":16,"column":132},"end":{"line":16,"column":193}},{"start":{"line":16,"column":132},"end":{"line":16,"column":193}}],"line":16},"7":{"loc":{"start":{"line":79,"column":8},"end":{"line":85,"column":9}},"type":"if","locations":[{"start":{"line":79,"column":8},"end":{"line":85,"column":9}},{"start":{"line":79,"column":8},"end":{"line":85,"column":9}}],"line":79},"8":{"loc":{"start":{"line":110,"column":8},"end":{"line":116,"column":9}},"type":"if","locations":[{"start":{"line":110,"column":8},"end":{"line":116,"column":9}},{"start":{"line":110,"column":8},"end":{"line":116,"column":9}}],"line":110},"9":{"loc":{"start":{"line":139,"column":8},"end":{"line":145,"column":9}},"type":"if","locations":[{"start":{"line":139,"column":8},"end":{"line":145,"column":9}},{"start":{"line":139,"column":8},"end":{"line":145,"column":9}}],"line":139}},"s":{"0":1,"1":1,"2":1,"3":1,"4":0,"5":0,"6":1,"7":1,"8":5,"9":5,"10":5,"11":5,"12":5,"13":5,"14":1,"15":0,"16":1,"17":1,"18":1,"19":1,"20":0,"21":1,"22":0,"23":0,"24":0,"25":0,"26":0,"27":0,"28":0,"29":0,"30":0,"31":0,"32":0,"33":0,"34":0,"35":0,"36":0,"37":0,"38":0,"39":0,"40":0,"41":0,"42":0,"43":0,"44":0,"45":0,"46":0,"47":0,"48":0,"49":0,"50":0,"51":0,"52":0,"53":0,"54":0,"55":0,"56":0,"57":0,"58":0,"59":0,"60":0,"61":0,"62":1,"63":1,"64":1},"f":{"0":1,"1":0,"2":1,"3":1,"4":1,"5":0,"6":0,"7":0,"8":0,"9":0,"10":0,"11":0,"12":0,"13":0,"14":0,"15":0,"16":0,"17":0,"18":0,"19":0,"20":0},"b":{"0":[1,0],"1":[1,1],"2":[0,0],"3":[5,5],"4":[5,0],"5":[0,1],"6":[1,0],"7":[0,0],"8":[0,0],"9":[0,0]},"_coverageSchema":"43e27e138ebf9cfc5966b082cf9a028302ed4184","hash":"f490abf02e9689a411bcae85c1a64733d99bc014","contentHash":"4b33360e88b415a146062480f3253f702441e81ab64b894a2c8992808da16955"},"C:\\Users\\TM-HP\\Desktop\\politico-app\\src\\models\\db.js":{"path":"C:\\Users\\TM-HP\\Desktop\\politico-app\\src\\models\\db.js","statementMap":{"0":{"start":{"line":3,"column":0},"end":{"line":5,"column":3}},"1":{"start":{"line":6,"column":0},"end":{"line":6,"column":25}},"2":{"start":{"line":8,"column":10},"end":{"line":8,"column":23}},"3":{"start":{"line":10,"column":14},"end":{"line":10,"column":55}},"4":{"start":{"line":12,"column":39},"end":{"line":12,"column":93}},"5":{"start":{"line":14,"column":0},"end":{"line":14,"column":25}},"6":{"start":{"line":18,"column":0},"end":{"line":26,"column":1}},"7":{"start":{"line":19,"column":2},"end":{"line":21,"column":4}},"8":{"start":{"line":23,"column":2},"end":{"line":25,"column":4}},"9":{"start":{"line":28,"column":9},"end":{"line":28,"column":33}},"10":{"start":{"line":29,"column":15},"end":{"line":29,"column":17}},"11":{"start":{"line":30,"column":0},"end":{"line":30,"column":27}}},"fnMap":{"0":{"name":"_interopRequireDefault","decl":{"start":{"line":12,"column":9},"end":{"line":12,"column":31}},"loc":{"start":{"line":12,"column":37},"end":{"line":12,"column":95}},"line":12}},"branchMap":{"0":{"loc":{"start":{"line":12,"column":46},"end":{"line":12,"column":92}},"type":"cond-expr","locations":[{"start":{"line":12,"column":70},"end":{"line":12,"column":73}},{"start":{"line":12,"column":76},"end":{"line":12,"column":92}}],"line":12},"1":{"loc":{"start":{"line":12,"column":46},"end":{"line":12,"column":67}},"type":"binary-expr","locations":[{"start":{"line":12,"column":46},"end":{"line":12,"column":49}},{"start":{"line":12,"column":53},"end":{"line":12,"column":67}}],"line":12},"2":{"loc":{"start":{"line":18,"column":0},"end":{"line":26,"column":1}},"type":"if","locations":[{"start":{"line":18,"column":0},"end":{"line":26,"column":1}},{"start":{"line":18,"column":0},"end":{"line":26,"column":1}}],"line":18}},"s":{"0":1,"1":1,"2":1,"3":1,"4":1,"5":1,"6":1,"7":1,"8":0,"9":1,"10":1,"11":1},"f":{"0":1},"b":{"0":[0,1],"1":[1,1],"2":[1,0]},"_coverageSchema":"43e27e138ebf9cfc5966b082cf9a028302ed4184","hash":"0da685634a9a6f5db6bdcbb7b7d9e0f1693b3f52","contentHash":"baf5943e21e2501531169e5df2b4c7dc38660230ebc4311ffe2055a0278f1e3a"},"C:\\Users\\TM-HP\\Desktop\\politico-app\\src\\middlewares\\partyMiddleware.js":{"path":"C:\\Users\\TM-HP\\Desktop\\politico-app\\src\\middlewares\\partyMiddleware.js","statementMap":{"0":{"start":{"line":3,"column":0},"end":{"line":5,"column":3}},"1":{"start":{"line":6,"column":0},"end":{"line":6,"column":25}},"2":{"start":{"line":8,"column":10},"end":{"line":8,"column":57}},"3":{"start":{"line":10,"column":39},"end":{"line":10,"column":93}},"4":{"start":{"line":12,"column":50},"end":{"line":12,"column":151}},"5":{"start":{"line":12,"column":92},"end":{"line":12,"column":149}},"6":{"start":{"line":14,"column":44},"end":{"line":14,"column":315}},"7":{"start":{"line":14,"column":57},"end":{"line":14,"column":58}},"8":{"start":{"line":14,"column":102},"end":{"line":14,"column":110}},"9":{"start":{"line":14,"column":112},"end":{"line":14,"column":167}},"10":{"start":{"line":14,"column":168},"end":{"line":14,"column":199}},"11":{"start":{"line":14,"column":200},"end":{"line":14,"column":254}},"12":{"start":{"line":14,"column":227},"end":{"line":14,"column":254}},"13":{"start":{"line":14,"column":255},"end":{"line":14,"column":313}},"14":{"start":{"line":16,"column":62},"end":{"line":16,"column":131}},"15":{"start":{"line":16,"column":78},"end":{"line":16,"column":131}},"16":{"start":{"line":16,"column":132},"end":{"line":16,"column":193}},"17":{"start":{"line":16,"column":149},"end":{"line":16,"column":193}},"18":{"start":{"line":16,"column":194},"end":{"line":16,"column":213}},"19":{"start":{"line":20,"column":0},"end":{"line":73,"column":3}},"20":{"start":{"line":22,"column":4},"end":{"line":22,"column":42}},"21":{"start":{"line":25,"column":2},"end":{"line":70,"column":6}},"22":{"start":{"line":28,"column":6},"end":{"line":28,"column":66}},"23":{"start":{"line":29,"column":6},"end":{"line":29,"column":76}},"24":{"start":{"line":30,"column":6},"end":{"line":30,"column":72}},"25":{"start":{"line":31,"column":19},"end":{"line":31,"column":21}},"26":{"start":{"line":32,"column":19},"end":{"line":32,"column":41}},"27":{"start":{"line":34,"column":6},"end":{"line":36,"column":7}},"28":{"start":{"line":34,"column":19},"end":{"line":34,"column":20}},"29":{"start":{"line":35,"column":8},"end":{"line":35,"column":35}},"30":{"start":{"line":38,"column":6},"end":{"line":44,"column":7}},"31":{"start":{"line":39,"column":8},"end":{"line":43,"column":11}},"32":{"start":{"line":46,"column":6},"end":{"line":46,"column":13}},"33":{"start":{"line":51,"column":15},"end":{"line":51,"column":28}},"34":{"start":{"line":52,"column":15},"end":{"line":52,"column":27}},"35":{"start":{"line":57,"column":6},"end":{"line":66,"column":7}},"36":{"start":{"line":58,"column":19},"end":{"line":58,"column":32}},"37":{"start":{"line":59,"column":8},"end":{"line":59,"column":52}},"38":{"start":{"line":59,"column":19},"end":{"line":59,"column":52}},"39":{"start":{"line":61,"column":8},"end":{"line":65,"column":11}},"40":{"start":{"line":68,"column":6},"end":{"line":68,"column":13}},"41":{"start":{"line":72,"column":2},"end":{"line":72,"column":24}},"42":{"start":{"line":75,"column":15},"end":{"line":75,"column":29}},"43":{"start":{"line":76,"column":0},"end":{"line":76,"column":27}}},"fnMap":{"0":{"name":"_interopRequireDefault","decl":{"start":{"line":10,"column":9},"end":{"line":10,"column":31}},"loc":{"start":{"line":10,"column":37},"end":{"line":10,"column":95}},"line":10},"1":{"name":"_classCallCheck","decl":{"start":{"line":12,"column":9},"end":{"line":12,"column":24}},"loc":{"start":{"line":12,"column":48},"end":{"line":12,"column":153}},"line":12},"2":{"name":"_defineProperties","decl":{"start":{"line":14,"column":9},"end":{"line":14,"column":26}},"loc":{"start":{"line":14,"column":42},"end":{"line":14,"column":317}},"line":14},"3":{"name":"_createClass","decl":{"start":{"line":16,"column":9},"end":{"line":16,"column":21}},"loc":{"start":{"line":16,"column":60},"end":{"line":16,"column":215}},"line":16},"4":{"name":"(anonymous_4)","decl":{"start":{"line":20,"column":0},"end":{"line":20,"column":1}},"loc":{"start":{"line":20,"column":12},"end":{"line":73,"column":1}},"line":20},"5":{"name":"partyValidator","decl":{"start":{"line":21,"column":11},"end":{"line":21,"column":25}},"loc":{"start":{"line":21,"column":28},"end":{"line":23,"column":3}},"line":21},"6":{"name":"createParty","decl":{"start":{"line":27,"column":20},"end":{"line":27,"column":31}},"loc":{"start":{"line":27,"column":48},"end":{"line":47,"column":5}},"line":27},"7":{"name":"getAPoliticalParty","decl":{"start":{"line":50,"column":20},"end":{"line":50,"column":38}},"loc":{"start":{"line":50,"column":55},"end":{"line":53,"column":5}},"line":50},"8":{"name":"editAParty","decl":{"start":{"line":56,"column":20},"end":{"line":56,"column":30}},"loc":{"start":{"line":56,"column":47},"end":{"line":69,"column":5}},"line":56}},"branchMap":{"0":{"loc":{"start":{"line":10,"column":46},"end":{"line":10,"column":92}},"type":"cond-expr","locations":[{"start":{"line":10,"column":70},"end":{"line":10,"column":73}},{"start":{"line":10,"column":76},"end":{"line":10,"column":92}}],"line":10},"1":{"loc":{"start":{"line":10,"column":46},"end":{"line":10,"column":67}},"type":"binary-expr","locations":[{"start":{"line":10,"column":46},"end":{"line":10,"column":49}},{"start":{"line":10,"column":53},"end":{"line":10,"column":67}}],"line":10},"2":{"loc":{"start":{"line":12,"column":50},"end":{"line":12,"column":151}},"type":"if","locations":[{"start":{"line":12,"column":50},"end":{"line":12,"column":151}},{"start":{"line":12,"column":50},"end":{"line":12,"column":151}}],"line":12},"3":{"loc":{"start":{"line":14,"column":136},"end":{"line":14,"column":166}},"type":"binary-expr","locations":[{"start":{"line":14,"column":136},"end":{"line":14,"column":157}},{"start":{"line":14,"column":161},"end":{"line":14,"column":166}}],"line":14},"4":{"loc":{"start":{"line":14,"column":200},"end":{"line":14,"column":254}},"type":"if","locations":[{"start":{"line":14,"column":200},"end":{"line":14,"column":254}},{"start":{"line":14,"column":200},"end":{"line":14,"column":254}}],"line":14},"5":{"loc":{"start":{"line":16,"column":62},"end":{"line":16,"column":131}},"type":"if","locations":[{"start":{"line":16,"column":62},"end":{"line":16,"column":131}},{"start":{"line":16,"column":62},"end":{"line":16,"column":131}}],"line":16},"6":{"loc":{"start":{"line":16,"column":132},"end":{"line":16,"column":193}},"type":"if","locations":[{"start":{"line":16,"column":132},"end":{"line":16,"column":193}},{"start":{"line":16,"column":132},"end":{"line":16,"column":193}}],"line":16},"7":{"loc":{"start":{"line":38,"column":6},"end":{"line":44,"column":7}},"type":"if","locations":[{"start":{"line":38,"column":6},"end":{"line":44,"column":7}},{"start":{"line":38,"column":6},"end":{"line":44,"column":7}}],"line":38},"8":{"loc":{"start":{"line":59,"column":8},"end":{"line":59,"column":52}},"type":"if","locations":[{"start":{"line":59,"column":8},"end":{"line":59,"column":52}},{"start":{"line":59,"column":8},"end":{"line":59,"column":52}}],"line":59}},"s":{"0":1,"1":1,"2":1,"3":1,"4":0,"5":0,"6":1,"7":1,"8":3,"9":3,"10":3,"11":3,"12":3,"13":3,"14":1,"15":0,"16":1,"17":1,"18":1,"19":1,"20":0,"21":1,"22":0,"23":0,"24":0,"25":0,"26":0,"27":0,"28":0,"29":0,"30":0,"31":0,"32":0,"33":0,"34":0,"35":0,"36":0,"37":0,"38":0,"39":0,"40":0,"41":1,"42":1,"43":1},"f":{"0":1,"1":0,"2":1,"3":1,"4":1,"5":0,"6":0,"7":0,"8":0},"b":{"0":[1,0],"1":[1,1],"2":[0,0],"3":[3,3],"4":[3,0],"5":[0,1],"6":[1,0],"7":[0,0],"8":[0,0]},"_coverageSchema":"43e27e138ebf9cfc5966b082cf9a028302ed4184","hash":"962b29f27dbaf33572d4e241b84dfcd662b069d9","contentHash":"95a8b4c1ef2f9105b33270f369101ff4057d512a395f9183afa6ffd619acbe36"},"C:\\Users\\TM-HP\\Desktop\\politico-app\\src\\helpers\\authentication.js":{"path":"C:\\Users\\TM-HP\\Desktop\\politico-app\\src\\helpers\\authentication.js","statementMap":{"0":{"start":{"line":3,"column":0},"end":{"line":5,"column":3}},"1":{"start":{"line":6,"column":0},"end":{"line":6,"column":25}},"2":{"start":{"line":8,"column":20},"end":{"line":8,"column":67}},"3":{"start":{"line":10,"column":10},"end":{"line":10,"column":57}},"4":{"start":{"line":12,"column":39},"end":{"line":12,"column":93}},"5":{"start":{"line":14,"column":50},"end":{"line":14,"column":151}},"6":{"start":{"line":14,"column":92},"end":{"line":14,"column":149}},"7":{"start":{"line":16,"column":44},"end":{"line":16,"column":315}},"8":{"start":{"line":16,"column":57},"end":{"line":16,"column":58}},"9":{"start":{"line":16,"column":102},"end":{"line":16,"column":110}},"10":{"start":{"line":16,"column":112},"end":{"line":16,"column":167}},"11":{"start":{"line":16,"column":168},"end":{"line":16,"column":199}},"12":{"start":{"line":16,"column":200},"end":{"line":16,"column":254}},"13":{"start":{"line":16,"column":227},"end":{"line":16,"column":254}},"14":{"start":{"line":16,"column":255},"end":{"line":16,"column":313}},"15":{"start":{"line":18,"column":62},"end":{"line":18,"column":131}},"16":{"start":{"line":18,"column":78},"end":{"line":18,"column":131}},"17":{"start":{"line":18,"column":132},"end":{"line":18,"column":193}},"18":{"start":{"line":18,"column":149},"end":{"line":18,"column":193}},"19":{"start":{"line":18,"column":194},"end":{"line":18,"column":213}},"20":{"start":{"line":22,"column":0},"end":{"line":101,"column":3}},"21":{"start":{"line":24,"column":4},"end":{"line":24,"column":41}},"22":{"start":{"line":27,"column":2},"end":{"line":98,"column":6}},"23":{"start":{"line":30,"column":18},"end":{"line":30,"column":47}},"24":{"start":{"line":32,"column":6},"end":{"line":38,"column":7}},"25":{"start":{"line":33,"column":8},"end":{"line":37,"column":11}},"26":{"start":{"line":40,"column":19},"end":{"line":40,"column":70}},"27":{"start":{"line":42,"column":17},"end":{"line":42,"column":51}},"28":{"start":{"line":44,"column":6},"end":{"line":60,"column":9}},"29":{"start":{"line":45,"column":8},"end":{"line":45,"column":52}},"30":{"start":{"line":47,"column":8},"end":{"line":52,"column":9}},"31":{"start":{"line":48,"column":10},"end":{"line":51,"column":13}},"32":{"start":{"line":54,"column":8},"end":{"line":54,"column":15}},"33":{"start":{"line":56,"column":8},"end":{"line":59,"column":11}},"34":{"start":{"line":65,"column":18},"end":{"line":65,"column":47}},"35":{"start":{"line":67,"column":6},"end":{"line":74,"column":7}},"36":{"start":{"line":68,"column":8},"end":{"line":68,"column":27}},"37":{"start":{"line":69,"column":8},"end":{"line":73,"column":11}},"38":{"start":{"line":76,"column":19},"end":{"line":76,"column":70}},"39":{"start":{"line":78,"column":17},"end":{"line":78,"column":51}},"40":{"start":{"line":80,"column":6},"end":{"line":96,"column":9}},"41":{"start":{"line":81,"column":8},"end":{"line":87,"column":9}},"42":{"start":{"line":82,"column":10},"end":{"line":86,"column":13}},"43":{"start":{"line":89,"column":8},"end":{"line":89,"column":15}},"44":{"start":{"line":91,"column":8},"end":{"line":95,"column":11}},"45":{"start":{"line":100,"column":2},"end":{"line":100,"column":23}},"46":{"start":{"line":103,"column":15},"end":{"line":103,"column":28}},"47":{"start":{"line":104,"column":0},"end":{"line":104,"column":27}}},"fnMap":{"0":{"name":"_interopRequireDefault","decl":{"start":{"line":12,"column":9},"end":{"line":12,"column":31}},"loc":{"start":{"line":12,"column":37},"end":{"line":12,"column":95}},"line":12},"1":{"name":"_classCallCheck","decl":{"start":{"line":14,"column":9},"end":{"line":14,"column":24}},"loc":{"start":{"line":14,"column":48},"end":{"line":14,"column":153}},"line":14},"2":{"name":"_defineProperties","decl":{"start":{"line":16,"column":9},"end":{"line":16,"column":26}},"loc":{"start":{"line":16,"column":42},"end":{"line":16,"column":317}},"line":16},"3":{"name":"_createClass","decl":{"start":{"line":18,"column":9},"end":{"line":18,"column":21}},"loc":{"start":{"line":18,"column":60},"end":{"line":18,"column":215}},"line":18},"4":{"name":"(anonymous_4)","decl":{"start":{"line":22,"column":0},"end":{"line":22,"column":1}},"loc":{"start":{"line":22,"column":12},"end":{"line":101,"column":1}},"line":22},"5":{"name":"aunthenticate","decl":{"start":{"line":23,"column":11},"end":{"line":23,"column":24}},"loc":{"start":{"line":23,"column":27},"end":{"line":25,"column":3}},"line":23},"6":{"name":"verifyToken","decl":{"start":{"line":29,"column":20},"end":{"line":29,"column":31}},"loc":{"start":{"line":29,"column":48},"end":{"line":61,"column":5}},"line":29},"7":{"name":"(anonymous_7)","decl":{"start":{"line":44,"column":45},"end":{"line":44,"column":46}},"loc":{"start":{"line":44,"column":61},"end":{"line":55,"column":7}},"line":44},"8":{"name":"(anonymous_8)","decl":{"start":{"line":55,"column":15},"end":{"line":55,"column":16}},"loc":{"start":{"line":55,"column":30},"end":{"line":60,"column":7}},"line":55},"9":{"name":"verifyUser","decl":{"start":{"line":64,"column":20},"end":{"line":64,"column":30}},"loc":{"start":{"line":64,"column":47},"end":{"line":97,"column":5}},"line":64},"10":{"name":"(anonymous_10)","decl":{"start":{"line":80,"column":45},"end":{"line":80,"column":46}},"loc":{"start":{"line":80,"column":61},"end":{"line":90,"column":7}},"line":80},"11":{"name":"(anonymous_11)","decl":{"start":{"line":90,"column":15},"end":{"line":90,"column":16}},"loc":{"start":{"line":90,"column":30},"end":{"line":96,"column":7}},"line":90}},"branchMap":{"0":{"loc":{"start":{"line":12,"column":46},"end":{"line":12,"column":92}},"type":"cond-expr","locations":[{"start":{"line":12,"column":70},"end":{"line":12,"column":73}},{"start":{"line":12,"column":76},"end":{"line":12,"column":92}}],"line":12},"1":{"loc":{"start":{"line":12,"column":46},"end":{"line":12,"column":67}},"type":"binary-expr","locations":[{"start":{"line":12,"column":46},"end":{"line":12,"column":49}},{"start":{"line":12,"column":53},"end":{"line":12,"column":67}}],"line":12},"2":{"loc":{"start":{"line":14,"column":50},"end":{"line":14,"column":151}},"type":"if","locations":[{"start":{"line":14,"column":50},"end":{"line":14,"column":151}},{"start":{"line":14,"column":50},"end":{"line":14,"column":151}}],"line":14},"3":{"loc":{"start":{"line":16,"column":136},"end":{"line":16,"column":166}},"type":"binary-expr","locations":[{"start":{"line":16,"column":136},"end":{"line":16,"column":157}},{"start":{"line":16,"column":161},"end":{"line":16,"column":166}}],"line":16},"4":{"loc":{"start":{"line":16,"column":200},"end":{"line":16,"column":254}},"type":"if","locations":[{"start":{"line":16,"column":200},"end":{"line":16,"column":254}},{"start":{"line":16,"column":200},"end":{"line":16,"column":254}}],"line":16},"5":{"loc":{"start":{"line":18,"column":62},"end":{"line":18,"column":131}},"type":"if","locations":[{"start":{"line":18,"column":62},"end":{"line":18,"column":131}},{"start":{"line":18,"column":62},"end":{"line":18,"column":131}}],"line":18},"6":{"loc":{"start":{"line":18,"column":132},"end":{"line":18,"column":193}},"type":"if","locations":[{"start":{"line":18,"column":132},"end":{"line":18,"column":193}},{"start":{"line":18,"column":132},"end":{"line":18,"column":193}}],"line":18},"7":{"loc":{"start":{"line":32,"column":6},"end":{"line":38,"column":7}},"type":"if","locations":[{"start":{"line":32,"column":6},"end":{"line":38,"column":7}},{"start":{"line":32,"column":6},"end":{"line":38,"column":7}}],"line":32},"8":{"loc":{"start":{"line":47,"column":8},"end":{"line":52,"column":9}},"type":"if","locations":[{"start":{"line":47,"column":8},"end":{"line":52,"column":9}},{"start":{"line":47,"column":8},"end":{"line":52,"column":9}}],"line":47},"9":{"loc":{"start":{"line":67,"column":6},"end":{"line":74,"column":7}},"type":"if","locations":[{"start":{"line":67,"column":6},"end":{"line":74,"column":7}},{"start":{"line":67,"column":6},"end":{"line":74,"column":7}}],"line":67},"10":{"loc":{"start":{"line":81,"column":8},"end":{"line":87,"column":9}},"type":"if","locations":[{"start":{"line":81,"column":8},"end":{"line":87,"column":9}},{"start":{"line":81,"column":8},"end":{"line":87,"column":9}}],"line":81}},"s":{"0":1,"1":1,"2":1,"3":1,"4":2,"5":0,"6":0,"7":1,"8":1,"9":2,"10":2,"11":2,"12":2,"13":2,"14":2,"15":1,"16":0,"17":1,"18":1,"19":1,"20":1,"21":0,"22":1,"23":7,"24":7,"25":7,"26":0,"27":0,"28":0,"29":0,"30":0,"31":0,"32":0,"33":0,"34":4,"35":4,"36":4,"37":4,"38":0,"39":0,"40":0,"41":0,"42":0,"43":0,"44":0,"45":1,"46":1,"47":1},"f":{"0":2,"1":0,"2":1,"3":1,"4":1,"5":0,"6":7,"7":0,"8":0,"9":4,"10":0,"11":0},"b":{"0":[1,1],"1":[2,2],"2":[0,0],"3":[2,2],"4":[2,0],"5":[0,1],"6":[1,0],"7":[7,0],"8":[0,0],"9":[4,0],"10":[0,0]},"_coverageSchema":"43e27e138ebf9cfc5966b082cf9a028302ed4184","hash":"fdd4edcba6c7c28d9c6084d67792d2b0c12b145c","contentHash":"e0727a724a185a2385f3b92a6fcca9b3dfae1f9136753691bdd10fe3f87f7ee5"},"C:\\Users\\TM-HP\\Desktop\\politico-app\\src\\routes\\officeRouter.js":{"path":"C:\\Users\\TM-HP\\Desktop\\politico-app\\src\\routes\\officeRouter.js","statementMap":{"0":{"start":{"line":3,"column":0},"end":{"line":5,"column":3}},"1":{"start":{"line":6,"column":0},"end":{"line":6,"column":25}},"2":{"start":{"line":8,"column":15},"end":{"line":8,"column":57}},"3":{"start":{"line":10,"column":24},"end":{"line":10,"column":90}},"4":{"start":{"line":12,"column":24},"end":{"line":12,"column":90}},"5":{"start":{"line":14,"column":22},"end":{"line":14,"column":82}},"6":{"start":{"line":16,"column":39},"end":{"line":16,"column":93}},"7":{"start":{"line":18,"column":13},"end":{"line":18,"column":38}},"8":{"start":{"line":20,"column":24},"end":{"line":20,"column":41}},"9":{"start":{"line":21,"column":0},"end":{"line":21,"column":148}},"10":{"start":{"line":22,"column":0},"end":{"line":22,"column":146}},"11":{"start":{"line":23,"column":0},"end":{"line":23,"column":131}},"12":{"start":{"line":24,"column":15},"end":{"line":24,"column":21}},"13":{"start":{"line":25,"column":0},"end":{"line":25,"column":27}}},"fnMap":{"0":{"name":"_interopRequireDefault","decl":{"start":{"line":16,"column":9},"end":{"line":16,"column":31}},"loc":{"start":{"line":16,"column":37},"end":{"line":16,"column":95}},"line":16}},"branchMap":{"0":{"loc":{"start":{"line":16,"column":46},"end":{"line":16,"column":92}},"type":"cond-expr","locations":[{"start":{"line":16,"column":70},"end":{"line":16,"column":73}},{"start":{"line":16,"column":76},"end":{"line":16,"column":92}}],"line":16},"1":{"loc":{"start":{"line":16,"column":46},"end":{"line":16,"column":67}},"type":"binary-expr","locations":[{"start":{"line":16,"column":46},"end":{"line":16,"column":49}},{"start":{"line":16,"column":53},"end":{"line":16,"column":67}}],"line":16}},"s":{"0":1,"1":1,"2":1,"3":1,"4":1,"5":1,"6":4,"7":1,"8":1,"9":1,"10":1,"11":1,"12":1,"13":1},"f":{"0":4},"b":{"0":[3,1],"1":[4,4]},"_coverageSchema":"43e27e138ebf9cfc5966b082cf9a028302ed4184","hash":"b4a23562cb47af3a99058c8eb5fce3ab27baef4f","contentHash":"2799003c46a243a85bf0046ce7b95a84d9327dc484c69d20c3d2444b45e77741"},"C:\\Users\\TM-HP\\Desktop\\politico-app\\src\\controllers\\officeController.js":{"path":"C:\\Users\\TM-HP\\Desktop\\politico-app\\src\\controllers\\officeController.js","statementMap":{"0":{"start":{"line":3,"column":0},"end":{"line":5,"column":3}},"1":{"start":{"line":6,"column":0},"end":{"line":6,"column":25}},"2":{"start":{"line":8,"column":10},"end":{"line":8,"column":57}},"3":{"start":{"line":10,"column":39},"end":{"line":10,"column":93}},"4":{"start":{"line":12,"column":50},"end":{"line":12,"column":151}},"5":{"start":{"line":12,"column":92},"end":{"line":12,"column":149}},"6":{"start":{"line":14,"column":44},"end":{"line":14,"column":315}},"7":{"start":{"line":14,"column":57},"end":{"line":14,"column":58}},"8":{"start":{"line":14,"column":102},"end":{"line":14,"column":110}},"9":{"start":{"line":14,"column":112},"end":{"line":14,"column":167}},"10":{"start":{"line":14,"column":168},"end":{"line":14,"column":199}},"11":{"start":{"line":14,"column":200},"end":{"line":14,"column":254}},"12":{"start":{"line":14,"column":227},"end":{"line":14,"column":254}},"13":{"start":{"line":14,"column":255},"end":{"line":14,"column":313}},"14":{"start":{"line":16,"column":62},"end":{"line":16,"column":131}},"15":{"start":{"line":16,"column":78},"end":{"line":16,"column":131}},"16":{"start":{"line":16,"column":132},"end":{"line":16,"column":193}},"17":{"start":{"line":16,"column":149},"end":{"line":16,"column":193}},"18":{"start":{"line":16,"column":194},"end":{"line":16,"column":213}},"19":{"start":{"line":20,"column":0},"end":{"line":102,"column":3}},"20":{"start":{"line":22,"column":4},"end":{"line":22,"column":44}},"21":{"start":{"line":25,"column":2},"end":{"line":99,"column":6}},"22":{"start":{"line":28,"column":22},"end":{"line":28,"column":30}},"23":{"start":{"line":29,"column":17},"end":{"line":29,"column":31}},"24":{"start":{"line":30,"column":17},"end":{"line":30,"column":31}},"25":{"start":{"line":31,"column":17},"end":{"line":31,"column":74}},"26":{"start":{"line":32,"column":19},"end":{"line":32,"column":31}},"27":{"start":{"line":34,"column":6},"end":{"line":48,"column":9}},"28":{"start":{"line":35,"column":8},"end":{"line":40,"column":11}},"29":{"start":{"line":42,"column":8},"end":{"line":47,"column":11}},"30":{"start":{"line":53,"column":17},"end":{"line":53,"column":39}},"31":{"start":{"line":55,"column":6},"end":{"line":67,"column":9}},"32":{"start":{"line":56,"column":8},"end":{"line":60,"column":11}},"33":{"start":{"line":62,"column":8},"end":{"line":66,"column":11}},"34":{"start":{"line":72,"column":15},"end":{"line":72,"column":28}},"35":{"start":{"line":73,"column":15},"end":{"line":73,"column":27}},"36":{"start":{"line":74,"column":17},"end":{"line":74,"column":54}},"37":{"start":{"line":75,"column":19},"end":{"line":75,"column":23}},"38":{"start":{"line":77,"column":6},"end":{"line":97,"column":9}},"39":{"start":{"line":78,"column":8},"end":{"line":84,"column":9}},"40":{"start":{"line":79,"column":10},"end":{"line":83,"column":13}},"41":{"start":{"line":86,"column":8},"end":{"line":90,"column":11}},"42":{"start":{"line":92,"column":8},"end":{"line":96,"column":11}},"43":{"start":{"line":101,"column":2},"end":{"line":101,"column":26}},"44":{"start":{"line":104,"column":15},"end":{"line":104,"column":31}},"45":{"start":{"line":105,"column":0},"end":{"line":105,"column":27}}},"fnMap":{"0":{"name":"_interopRequireDefault","decl":{"start":{"line":10,"column":9},"end":{"line":10,"column":31}},"loc":{"start":{"line":10,"column":37},"end":{"line":10,"column":95}},"line":10},"1":{"name":"_classCallCheck","decl":{"start":{"line":12,"column":9},"end":{"line":12,"column":24}},"loc":{"start":{"line":12,"column":48},"end":{"line":12,"column":153}},"line":12},"2":{"name":"_defineProperties","decl":{"start":{"line":14,"column":9},"end":{"line":14,"column":26}},"loc":{"start":{"line":14,"column":42},"end":{"line":14,"column":317}},"line":14},"3":{"name":"_createClass","decl":{"start":{"line":16,"column":9},"end":{"line":16,"column":21}},"loc":{"start":{"line":16,"column":60},"end":{"line":16,"column":215}},"line":16},"4":{"name":"(anonymous_4)","decl":{"start":{"line":20,"column":0},"end":{"line":20,"column":1}},"loc":{"start":{"line":20,"column":12},"end":{"line":102,"column":1}},"line":20},"5":{"name":"officeController","decl":{"start":{"line":21,"column":11},"end":{"line":21,"column":27}},"loc":{"start":{"line":21,"column":30},"end":{"line":23,"column":3}},"line":21},"6":{"name":"createOffice","decl":{"start":{"line":27,"column":20},"end":{"line":27,"column":32}},"loc":{"start":{"line":27,"column":43},"end":{"line":49,"column":5}},"line":27},"7":{"name":"(anonymous_7)","decl":{"start":{"line":34,"column":43},"end":{"line":34,"column":44}},"loc":{"start":{"line":34,"column":61},"end":{"line":41,"column":7}},"line":34},"8":{"name":"(anonymous_8)","decl":{"start":{"line":41,"column":15},"end":{"line":41,"column":16}},"loc":{"start":{"line":41,"column":30},"end":{"line":48,"column":7}},"line":41},"9":{"name":"getAllOffice","decl":{"start":{"line":52,"column":20},"end":{"line":52,"column":32}},"loc":{"start":{"line":52,"column":43},"end":{"line":68,"column":5}},"line":52},"10":{"name":"(anonymous_10)","decl":{"start":{"line":55,"column":35},"end":{"line":55,"column":36}},"loc":{"start":{"line":55,"column":53},"end":{"line":61,"column":7}},"line":55},"11":{"name":"(anonymous_11)","decl":{"start":{"line":61,"column":15},"end":{"line":61,"column":16}},"loc":{"start":{"line":61,"column":30},"end":{"line":67,"column":7}},"line":61},"12":{"name":"getASpecificOffice","decl":{"start":{"line":71,"column":20},"end":{"line":71,"column":38}},"loc":{"start":{"line":71,"column":49},"end":{"line":98,"column":5}},"line":71},"13":{"name":"(anonymous_13)","decl":{"start":{"line":77,"column":43},"end":{"line":77,"column":44}},"loc":{"start":{"line":77,"column":61},"end":{"line":91,"column":7}},"line":77},"14":{"name":"(anonymous_14)","decl":{"start":{"line":91,"column":15},"end":{"line":91,"column":16}},"loc":{"start":{"line":91,"column":30},"end":{"line":97,"column":7}},"line":91}},"branchMap":{"0":{"loc":{"start":{"line":10,"column":46},"end":{"line":10,"column":92}},"type":"cond-expr","locations":[{"start":{"line":10,"column":70},"end":{"line":10,"column":73}},{"start":{"line":10,"column":76},"end":{"line":10,"column":92}}],"line":10},"1":{"loc":{"start":{"line":10,"column":46},"end":{"line":10,"column":67}},"type":"binary-expr","locations":[{"start":{"line":10,"column":46},"end":{"line":10,"column":49}},{"start":{"line":10,"column":53},"end":{"line":10,"column":67}}],"line":10},"2":{"loc":{"start":{"line":12,"column":50},"end":{"line":12,"column":151}},"type":"if","locations":[{"start":{"line":12,"column":50},"end":{"line":12,"column":151}},{"start":{"line":12,"column":50},"end":{"line":12,"column":151}}],"line":12},"3":{"loc":{"start":{"line":14,"column":136},"end":{"line":14,"column":166}},"type":"binary-expr","locations":[{"start":{"line":14,"column":136},"end":{"line":14,"column":157}},{"start":{"line":14,"column":161},"end":{"line":14,"column":166}}],"line":14},"4":{"loc":{"start":{"line":14,"column":200},"end":{"line":14,"column":254}},"type":"if","locations":[{"start":{"line":14,"column":200},"end":{"line":14,"column":254}},{"start":{"line":14,"column":200},"end":{"line":14,"column":254}}],"line":14},"5":{"loc":{"start":{"line":16,"column":62},"end":{"line":16,"column":131}},"type":"if","locations":[{"start":{"line":16,"column":62},"end":{"line":16,"column":131}},{"start":{"line":16,"column":62},"end":{"line":16,"column":131}}],"line":16},"6":{"loc":{"start":{"line":16,"column":132},"end":{"line":16,"column":193}},"type":"if","locations":[{"start":{"line":16,"column":132},"end":{"line":16,"column":193}},{"start":{"line":16,"column":132},"end":{"line":16,"column":193}}],"line":16},"7":{"loc":{"start":{"line":78,"column":8},"end":{"line":84,"column":9}},"type":"if","locations":[{"start":{"line":78,"column":8},"end":{"line":84,"column":9}},{"start":{"line":78,"column":8},"end":{"line":84,"column":9}}],"line":78}},"s":{"0":1,"1":1,"2":1,"3":1,"4":0,"5":0,"6":1,"7":1,"8":3,"9":3,"10":3,"11":3,"12":3,"13":3,"14":1,"15":0,"16":1,"17":1,"18":1,"19":1,"20":0,"21":1,"22":0,"23":0,"24":0,"25":0,"26":0,"27":0,"28":0,"29":0,"30":0,"31":0,"32":0,"33":0,"34":0,"35":0,"36":0,"37":0,"38":0,"39":0,"40":0,"41":0,"42":0,"43":1,"44":1,"45":1},"f":{"0":1,"1":0,"2":1,"3":1,"4":1,"5":0,"6":0,"7":0,"8":0,"9":0,"10":0,"11":0,"12":0,"13":0,"14":0},"b":{"0":[1,0],"1":[1,1],"2":[0,0],"3":[3,3],"4":[3,0],"5":[0,1],"6":[1,0],"7":[0,0]},"_coverageSchema":"43e27e138ebf9cfc5966b082cf9a028302ed4184","hash":"b975190f127ea9e6ba2a2b786e780addde9d5876","contentHash":"a530cbd5d4e4495c4579df70105316dd45bad199bdb42b3aa88bf459b4a96114"},"C:\\Users\\TM-HP\\Desktop\\politico-app\\src\\middlewares\\officeMiddleware.js":{"path":"C:\\Users\\TM-HP\\Desktop\\politico-app\\src\\middlewares\\officeMiddleware.js","statementMap":{"0":{"start":{"line":3,"column":0},"end":{"line":5,"column":3}},"1":{"start":{"line":6,"column":0},"end":{"line":6,"column":25}},"2":{"start":{"line":8,"column":10},"end":{"line":8,"column":57}},"3":{"start":{"line":10,"column":39},"end":{"line":10,"column":93}},"4":{"start":{"line":12,"column":50},"end":{"line":12,"column":151}},"5":{"start":{"line":12,"column":92},"end":{"line":12,"column":149}},"6":{"start":{"line":14,"column":44},"end":{"line":14,"column":315}},"7":{"start":{"line":14,"column":57},"end":{"line":14,"column":58}},"8":{"start":{"line":14,"column":102},"end":{"line":14,"column":110}},"9":{"start":{"line":14,"column":112},"end":{"line":14,"column":167}},"10":{"start":{"line":14,"column":168},"end":{"line":14,"column":199}},"11":{"start":{"line":14,"column":200},"end":{"line":14,"column":254}},"12":{"start":{"line":14,"column":227},"end":{"line":14,"column":254}},"13":{"start":{"line":14,"column":255},"end":{"line":14,"column":313}},"14":{"start":{"line":16,"column":62},"end":{"line":16,"column":131}},"15":{"start":{"line":16,"column":78},"end":{"line":16,"column":131}},"16":{"start":{"line":16,"column":132},"end":{"line":16,"column":193}},"17":{"start":{"line":16,"column":149},"end":{"line":16,"column":193}},"18":{"start":{"line":16,"column":194},"end":{"line":16,"column":213}},"19":{"start":{"line":20,"column":0},"end":{"line":83,"column":3}},"20":{"start":{"line":22,"column":4},"end":{"line":22,"column":43}},"21":{"start":{"line":25,"column":2},"end":{"line":80,"column":6}},"22":{"start":{"line":28,"column":6},"end":{"line":28,"column":66}},"23":{"start":{"line":29,"column":6},"end":{"line":29,"column":66}},"24":{"start":{"line":30,"column":19},"end":{"line":30,"column":21}},"25":{"start":{"line":31,"column":19},"end":{"line":31,"column":41}},"26":{"start":{"line":33,"column":6},"end":{"line":35,"column":7}},"27":{"start":{"line":33,"column":19},"end":{"line":33,"column":20}},"28":{"start":{"line":34,"column":8},"end":{"line":34,"column":35}},"29":{"start":{"line":37,"column":6},"end":{"line":43,"column":7}},"30":{"start":{"line":38,"column":8},"end":{"line":42,"column":11}},"31":{"start":{"line":45,"column":6},"end":{"line":45,"column":13}},"32":{"start":{"line":50,"column":17},"end":{"line":50,"column":39}},"33":{"start":{"line":52,"column":6},"end":{"line":60,"column":9}},"34":{"start":{"line":53,"column":8},"end":{"line":59,"column":9}},"35":{"start":{"line":54,"column":10},"end":{"line":58,"column":13}},"36":{"start":{"line":62,"column":6},"end":{"line":62,"column":13}},"37":{"start":{"line":67,"column":6},"end":{"line":76,"column":7}},"38":{"start":{"line":68,"column":19},"end":{"line":68,"column":32}},"39":{"start":{"line":69,"column":8},"end":{"line":69,"column":53}},"40":{"start":{"line":69,"column":19},"end":{"line":69,"column":53}},"41":{"start":{"line":71,"column":8},"end":{"line":75,"column":11}},"42":{"start":{"line":78,"column":6},"end":{"line":78,"column":13}},"43":{"start":{"line":82,"column":2},"end":{"line":82,"column":25}},"44":{"start":{"line":85,"column":15},"end":{"line":85,"column":30}},"45":{"start":{"line":86,"column":0},"end":{"line":86,"column":27}}},"fnMap":{"0":{"name":"_interopRequireDefault","decl":{"start":{"line":10,"column":9},"end":{"line":10,"column":31}},"loc":{"start":{"line":10,"column":37},"end":{"line":10,"column":95}},"line":10},"1":{"name":"_classCallCheck","decl":{"start":{"line":12,"column":9},"end":{"line":12,"column":24}},"loc":{"start":{"line":12,"column":48},"end":{"line":12,"column":153}},"line":12},"2":{"name":"_defineProperties","decl":{"start":{"line":14,"column":9},"end":{"line":14,"column":26}},"loc":{"start":{"line":14,"column":42},"end":{"line":14,"column":317}},"line":14},"3":{"name":"_createClass","decl":{"start":{"line":16,"column":9},"end":{"line":16,"column":21}},"loc":{"start":{"line":16,"column":60},"end":{"line":16,"column":215}},"line":16},"4":{"name":"(anonymous_4)","decl":{"start":{"line":20,"column":0},"end":{"line":20,"column":1}},"loc":{"start":{"line":20,"column":12},"end":{"line":83,"column":1}},"line":20},"5":{"name":"officeValidator","decl":{"start":{"line":21,"column":11},"end":{"line":21,"column":26}},"loc":{"start":{"line":21,"column":29},"end":{"line":23,"column":3}},"line":21},"6":{"name":"createOffice","decl":{"start":{"line":27,"column":20},"end":{"line":27,"column":32}},"loc":{"start":{"line":27,"column":49},"end":{"line":46,"column":5}},"line":27},"7":{"name":"getAllOffice","decl":{"start":{"line":49,"column":20},"end":{"line":49,"column":32}},"loc":{"start":{"line":49,"column":49},"end":{"line":63,"column":5}},"line":49},"8":{"name":"(anonymous_8)","decl":{"start":{"line":52,"column":35},"end":{"line":52,"column":36}},"loc":{"start":{"line":52,"column":53},"end":{"line":60,"column":7}},"line":52},"9":{"name":"editAOffice","decl":{"start":{"line":66,"column":20},"end":{"line":66,"column":31}},"loc":{"start":{"line":66,"column":48},"end":{"line":79,"column":5}},"line":66}},"branchMap":{"0":{"loc":{"start":{"line":10,"column":46},"end":{"line":10,"column":92}},"type":"cond-expr","locations":[{"start":{"line":10,"column":70},"end":{"line":10,"column":73}},{"start":{"line":10,"column":76},"end":{"line":10,"column":92}}],"line":10},"1":{"loc":{"start":{"line":10,"column":46},"end":{"line":10,"column":67}},"type":"binary-expr","locations":[{"start":{"line":10,"column":46},"end":{"line":10,"column":49}},{"start":{"line":10,"column":53},"end":{"line":10,"column":67}}],"line":10},"2":{"loc":{"start":{"line":12,"column":50},"end":{"line":12,"column":151}},"type":"if","locations":[{"start":{"line":12,"column":50},"end":{"line":12,"column":151}},{"start":{"line":12,"column":50},"end":{"line":12,"column":151}}],"line":12},"3":{"loc":{"start":{"line":14,"column":136},"end":{"line":14,"column":166}},"type":"binary-expr","locations":[{"start":{"line":14,"column":136},"end":{"line":14,"column":157}},{"start":{"line":14,"column":161},"end":{"line":14,"column":166}}],"line":14},"4":{"loc":{"start":{"line":14,"column":200},"end":{"line":14,"column":254}},"type":"if","locations":[{"start":{"line":14,"column":200},"end":{"line":14,"column":254}},{"start":{"line":14,"column":200},"end":{"line":14,"column":254}}],"line":14},"5":{"loc":{"start":{"line":16,"column":62},"end":{"line":16,"column":131}},"type":"if","locations":[{"start":{"line":16,"column":62},"end":{"line":16,"column":131}},{"start":{"line":16,"column":62},"end":{"line":16,"column":131}}],"line":16},"6":{"loc":{"start":{"line":16,"column":132},"end":{"line":16,"column":193}},"type":"if","locations":[{"start":{"line":16,"column":132},"end":{"line":16,"column":193}},{"start":{"line":16,"column":132},"end":{"line":16,"column":193}}],"line":16},"7":{"loc":{"start":{"line":37,"column":6},"end":{"line":43,"column":7}},"type":"if","locations":[{"start":{"line":37,"column":6},"end":{"line":43,"column":7}},{"start":{"line":37,"column":6},"end":{"line":43,"column":7}}],"line":37},"8":{"loc":{"start":{"line":53,"column":8},"end":{"line":59,"column":9}},"type":"if","locations":[{"start":{"line":53,"column":8},"end":{"line":59,"column":9}},{"start":{"line":53,"column":8},"end":{"line":59,"column":9}}],"line":53},"9":{"loc":{"start":{"line":69,"column":8},"end":{"line":69,"column":53}},"type":"if","locations":[{"start":{"line":69,"column":8},"end":{"line":69,"column":53}},{"start":{"line":69,"column":8},"end":{"line":69,"column":53}}],"line":69}},"s":{"0":1,"1":1,"2":1,"3":1,"4":0,"5":0,"6":1,"7":1,"8":3,"9":3,"10":3,"11":3,"12":3,"13":3,"14":1,"15":0,"16":1,"17":1,"18":1,"19":1,"20":0,"21":1,"22":0,"23":0,"24":0,"25":0,"26":0,"27":0,"28":0,"29":0,"30":0,"31":0,"32":0,"33":0,"34":0,"35":0,"36":0,"37":0,"38":0,"39":0,"40":0,"41":0,"42":0,"43":1,"44":1,"45":1},"f":{"0":1,"1":0,"2":1,"3":1,"4":1,"5":0,"6":0,"7":0,"8":0,"9":0},"b":{"0":[1,0],"1":[1,1],"2":[0,0],"3":[3,3],"4":[3,0],"5":[0,1],"6":[1,0],"7":[0,0],"8":[0,0],"9":[0,0]},"_coverageSchema":"43e27e138ebf9cfc5966b082cf9a028302ed4184","hash":"692eb71cb1a94604cc1f5f9094f13b8e02472710","contentHash":"59aaea0ee13eb2bcdca3868e5f57b8220f0193f7708d76b46ac1557d87cd95f4"},"C:\\Users\\TM-HP\\Desktop\\politico-app\\src\\routes\\userRouter.js":{"path":"C:\\Users\\TM-HP\\Desktop\\politico-app\\src\\routes\\userRouter.js","statementMap":{"0":{"start":{"line":3,"column":0},"end":{"line":5,"column":3}},"1":{"start":{"line":6,"column":0},"end":{"line":6,"column":25}},"2":{"start":{"line":8,"column":15},"end":{"line":8,"column":57}},"3":{"start":{"line":10,"column":22},"end":{"line":10,"column":86}},"4":{"start":{"line":12,"column":22},"end":{"line":12,"column":86}},"5":{"start":{"line":14,"column":23},"end":{"line":14,"column":84}},"6":{"start":{"line":16,"column":39},"end":{"line":16,"column":93}},"7":{"start":{"line":18,"column":17},"end":{"line":18,"column":42}},"8":{"start":{"line":20,"column":0},"end":{"line":20,"column":144}},"9":{"start":{"line":21,"column":0},"end":{"line":21,"column":143}},"10":{"start":{"line":22,"column":15},"end":{"line":22,"column":25}},"11":{"start":{"line":23,"column":0},"end":{"line":23,"column":27}}},"fnMap":{"0":{"name":"_interopRequireDefault","decl":{"start":{"line":16,"column":9},"end":{"line":16,"column":31}},"loc":{"start":{"line":16,"column":37},"end":{"line":16,"column":95}},"line":16}},"branchMap":{"0":{"loc":{"start":{"line":16,"column":46},"end":{"line":16,"column":92}},"type":"cond-expr","locations":[{"start":{"line":16,"column":70},"end":{"line":16,"column":73}},{"start":{"line":16,"column":76},"end":{"line":16,"column":92}}],"line":16},"1":{"loc":{"start":{"line":16,"column":46},"end":{"line":16,"column":67}},"type":"binary-expr","locations":[{"start":{"line":16,"column":46},"end":{"line":16,"column":49}},{"start":{"line":16,"column":53},"end":{"line":16,"column":67}}],"line":16}},"s":{"0":1,"1":1,"2":1,"3":1,"4":1,"5":1,"6":4,"7":1,"8":1,"9":1,"10":1,"11":1},"f":{"0":4},"b":{"0":[3,1],"1":[4,4]},"_coverageSchema":"43e27e138ebf9cfc5966b082cf9a028302ed4184","hash":"c0d90c114a12359296b5bc5e74d84d7bebbb2483","contentHash":"2d47e020c908e6c20fcc9fa7202311bb4419c4a4e6444ab6515f1a8288d66fea"},"C:\\Users\\TM-HP\\Desktop\\politico-app\\src\\controllers\\userController.js":{"path":"C:\\Users\\TM-HP\\Desktop\\politico-app\\src\\controllers\\userController.js","statementMap":{"0":{"start":{"line":3,"column":0},"end":{"line":5,"column":3}},"1":{"start":{"line":6,"column":0},"end":{"line":6,"column":25}},"2":{"start":{"line":8,"column":10},"end":{"line":8,"column":57}},"3":{"start":{"line":10,"column":20},"end":{"line":10,"column":68}},"4":{"start":{"line":12,"column":20},"end":{"line":12,"column":67}},"5":{"start":{"line":14,"column":39},"end":{"line":14,"column":93}},"6":{"start":{"line":16,"column":50},"end":{"line":16,"column":151}},"7":{"start":{"line":16,"column":92},"end":{"line":16,"column":149}},"8":{"start":{"line":18,"column":44},"end":{"line":18,"column":315}},"9":{"start":{"line":18,"column":57},"end":{"line":18,"column":58}},"10":{"start":{"line":18,"column":102},"end":{"line":18,"column":110}},"11":{"start":{"line":18,"column":112},"end":{"line":18,"column":167}},"12":{"start":{"line":18,"column":168},"end":{"line":18,"column":199}},"13":{"start":{"line":18,"column":200},"end":{"line":18,"column":254}},"14":{"start":{"line":18,"column":227},"end":{"line":18,"column":254}},"15":{"start":{"line":18,"column":255},"end":{"line":18,"column":313}},"16":{"start":{"line":20,"column":62},"end":{"line":20,"column":131}},"17":{"start":{"line":20,"column":78},"end":{"line":20,"column":131}},"18":{"start":{"line":20,"column":132},"end":{"line":20,"column":193}},"19":{"start":{"line":20,"column":149},"end":{"line":20,"column":193}},"20":{"start":{"line":20,"column":194},"end":{"line":20,"column":213}},"21":{"start":{"line":24,"column":0},"end":{"line":120,"column":3}},"22":{"start":{"line":26,"column":4},"end":{"line":26,"column":42}},"23":{"start":{"line":29,"column":2},"end":{"line":117,"column":6}},"24":{"start":{"line":32,"column":22},"end":{"line":32,"column":30}},"25":{"start":{"line":33,"column":22},"end":{"line":33,"column":41}},"26":{"start":{"line":34,"column":21},"end":{"line":34,"column":39}},"27":{"start":{"line":35,"column":22},"end":{"line":35,"column":41}},"28":{"start":{"line":36,"column":18},"end":{"line":36,"column":33}},"29":{"start":{"line":37,"column":24},"end":{"line":37,"column":45}},"30":{"start":{"line":38,"column":24},"end":{"line":38,"column":45}},"31":{"start":{"line":39,"column":21},"end":{"line":39,"column":39}},"32":{"start":{"line":40,"column":20},"end":{"line":40,"column":37}},"33":{"start":{"line":42,"column":25},"end":{"line":42,"column":65}},"34":{"start":{"line":44,"column":17},"end":{"line":44,"column":172}},"35":{"start":{"line":45,"column":19},"end":{"line":45,"column":107}},"36":{"start":{"line":47,"column":6},"end":{"line":69,"column":9}},"37":{"start":{"line":48,"column":8},"end":{"line":48,"column":26}},"38":{"start":{"line":49,"column":8},"end":{"line":62,"column":11}},"39":{"start":{"line":64,"column":8},"end":{"line":68,"column":11}},"40":{"start":{"line":74,"column":23},"end":{"line":74,"column":31}},"41":{"start":{"line":75,"column":18},"end":{"line":75,"column":34}},"42":{"start":{"line":76,"column":21},"end":{"line":76,"column":40}},"43":{"start":{"line":77,"column":17},"end":{"line":77,"column":56}},"44":{"start":{"line":78,"column":19},"end":{"line":78,"column":26}},"45":{"start":{"line":80,"column":6},"end":{"line":115,"column":9}},"46":{"start":{"line":81,"column":8},"end":{"line":81,"column":83}},"47":{"start":{"line":83,"column":30},"end":{"line":83,"column":91}},"48":{"start":{"line":85,"column":8},"end":{"line":107,"column":9}},"49":{"start":{"line":86,"column":10},"end":{"line":100,"column":13}},"50":{"start":{"line":102,"column":10},"end":{"line":106,"column":13}},"51":{"start":{"line":109,"column":8},"end":{"line":109,"column":27}},"52":{"start":{"line":110,"column":8},"end":{"line":114,"column":11}},"53":{"start":{"line":119,"column":2},"end":{"line":119,"column":24}},"54":{"start":{"line":122,"column":15},"end":{"line":122,"column":29}},"55":{"start":{"line":123,"column":0},"end":{"line":123,"column":27}}},"fnMap":{"0":{"name":"_interopRequireDefault","decl":{"start":{"line":14,"column":9},"end":{"line":14,"column":31}},"loc":{"start":{"line":14,"column":37},"end":{"line":14,"column":95}},"line":14},"1":{"name":"_classCallCheck","decl":{"start":{"line":16,"column":9},"end":{"line":16,"column":24}},"loc":{"start":{"line":16,"column":48},"end":{"line":16,"column":153}},"line":16},"2":{"name":"_defineProperties","decl":{"start":{"line":18,"column":9},"end":{"line":18,"column":26}},"loc":{"start":{"line":18,"column":42},"end":{"line":18,"column":317}},"line":18},"3":{"name":"_createClass","decl":{"start":{"line":20,"column":9},"end":{"line":20,"column":21}},"loc":{"start":{"line":20,"column":60},"end":{"line":20,"column":215}},"line":20},"4":{"name":"(anonymous_4)","decl":{"start":{"line":24,"column":0},"end":{"line":24,"column":1}},"loc":{"start":{"line":24,"column":12},"end":{"line":120,"column":1}},"line":24},"5":{"name":"userController","decl":{"start":{"line":25,"column":11},"end":{"line":25,"column":25}},"loc":{"start":{"line":25,"column":28},"end":{"line":27,"column":3}},"line":25},"6":{"name":"userSignup","decl":{"start":{"line":31,"column":20},"end":{"line":31,"column":30}},"loc":{"start":{"line":31,"column":41},"end":{"line":70,"column":5}},"line":31},"7":{"name":"(anonymous_7)","decl":{"start":{"line":47,"column":43},"end":{"line":47,"column":44}},"loc":{"start":{"line":47,"column":59},"end":{"line":63,"column":7}},"line":47},"8":{"name":"(anonymous_8)","decl":{"start":{"line":63,"column":15},"end":{"line":63,"column":16}},"loc":{"start":{"line":63,"column":30},"end":{"line":69,"column":7}},"line":63},"9":{"name":"userSignin","decl":{"start":{"line":73,"column":20},"end":{"line":73,"column":30}},"loc":{"start":{"line":73,"column":41},"end":{"line":116,"column":5}},"line":73},"10":{"name":"(anonymous_10)","decl":{"start":{"line":80,"column":43},"end":{"line":80,"column":44}},"loc":{"start":{"line":80,"column":59},"end":{"line":108,"column":7}},"line":80},"11":{"name":"(anonymous_11)","decl":{"start":{"line":108,"column":15},"end":{"line":108,"column":16}},"loc":{"start":{"line":108,"column":32},"end":{"line":115,"column":7}},"line":108}},"branchMap":{"0":{"loc":{"start":{"line":14,"column":46},"end":{"line":14,"column":92}},"type":"cond-expr","locations":[{"start":{"line":14,"column":70},"end":{"line":14,"column":73}},{"start":{"line":14,"column":76},"end":{"line":14,"column":92}}],"line":14},"1":{"loc":{"start":{"line":14,"column":46},"end":{"line":14,"column":67}},"type":"binary-expr","locations":[{"start":{"line":14,"column":46},"end":{"line":14,"column":49}},{"start":{"line":14,"column":53},"end":{"line":14,"column":67}}],"line":14},"2":{"loc":{"start":{"line":16,"column":50},"end":{"line":16,"column":151}},"type":"if","locations":[{"start":{"line":16,"column":50},"end":{"line":16,"column":151}},{"start":{"line":16,"column":50},"end":{"line":16,"column":151}}],"line":16},"3":{"loc":{"start":{"line":18,"column":136},"end":{"line":18,"column":166}},"type":"binary-expr","locations":[{"start":{"line":18,"column":136},"end":{"line":18,"column":157}},{"start":{"line":18,"column":161},"end":{"line":18,"column":166}}],"line":18},"4":{"loc":{"start":{"line":18,"column":200},"end":{"line":18,"column":254}},"type":"if","locations":[{"start":{"line":18,"column":200},"end":{"line":18,"column":254}},{"start":{"line":18,"column":200},"end":{"line":18,"column":254}}],"line":18},"5":{"loc":{"start":{"line":20,"column":62},"end":{"line":20,"column":131}},"type":"if","locations":[{"start":{"line":20,"column":62},"end":{"line":20,"column":131}},{"start":{"line":20,"column":62},"end":{"line":20,"column":131}}],"line":20},"6":{"loc":{"start":{"line":20,"column":132},"end":{"line":20,"column":193}},"type":"if","locations":[{"start":{"line":20,"column":132},"end":{"line":20,"column":193}},{"start":{"line":20,"column":132},"end":{"line":20,"column":193}}],"line":20},"7":{"loc":{"start":{"line":85,"column":8},"end":{"line":107,"column":9}},"type":"if","locations":[{"start":{"line":85,"column":8},"end":{"line":107,"column":9}},{"start":{"line":85,"column":8},"end":{"line":107,"column":9}}],"line":85}},"s":{"0":1,"1":1,"2":1,"3":1,"4":1,"5":3,"6":0,"7":0,"8":1,"9":1,"10":2,"11":2,"12":2,"13":2,"14":2,"15":2,"16":1,"17":0,"18":1,"19":1,"20":1,"21":1,"22":0,"23":1,"24":0,"25":0,"26":0,"27":0,"28":0,"29":0,"30":0,"31":0,"32":0,"33":0,"34":0,"35":0,"36":0,"37":0,"38":0,"39":0,"40":0,"41":0,"42":0,"43":0,"44":0,"45":0,"46":0,"47":0,"48":0,"49":0,"50":0,"51":0,"52":0,"53":1,"54":1,"55":1},"f":{"0":3,"1":0,"2":1,"3":1,"4":1,"5":0,"6":0,"7":0,"8":0,"9":0,"10":0,"11":0},"b":{"0":[1,2],"1":[3,3],"2":[0,0],"3":[2,2],"4":[2,0],"5":[0,1],"6":[1,0],"7":[0,0]},"_coverageSchema":"43e27e138ebf9cfc5966b082cf9a028302ed4184","hash":"145969ca9bc98ded0c95b90d3985cf580f1c97b1","contentHash":"f690c5fa91c3a079884f683bb4a777074e2aafbf8ef16f4820d902743874e49f"},"C:\\Users\\TM-HP\\Desktop\\politico-app\\src\\middlewares\\userMiddleware.js":{"path":"C:\\Users\\TM-HP\\Desktop\\politico-app\\src\\middlewares\\userMiddleware.js","statementMap":{"0":{"start":{"line":3,"column":0},"end":{"line":5,"column":3}},"1":{"start":{"line":6,"column":0},"end":{"line":6,"column":25}},"2":{"start":{"line":8,"column":24},"end":{"line":8,"column":76}},"3":{"start":{"line":10,"column":10},"end":{"line":10,"column":57}},"4":{"start":{"line":12,"column":39},"end":{"line":12,"column":93}},"5":{"start":{"line":14,"column":50},"end":{"line":14,"column":151}},"6":{"start":{"line":14,"column":92},"end":{"line":14,"column":149}},"7":{"start":{"line":16,"column":44},"end":{"line":16,"column":315}},"8":{"start":{"line":16,"column":57},"end":{"line":16,"column":58}},"9":{"start":{"line":16,"column":102},"end":{"line":16,"column":110}},"10":{"start":{"line":16,"column":112},"end":{"line":16,"column":167}},"11":{"start":{"line":16,"column":168},"end":{"line":16,"column":199}},"12":{"start":{"line":16,"column":200},"end":{"line":16,"column":254}},"13":{"start":{"line":16,"column":227},"end":{"line":16,"column":254}},"14":{"start":{"line":16,"column":255},"end":{"line":16,"column":313}},"15":{"start":{"line":18,"column":62},"end":{"line":18,"column":131}},"16":{"start":{"line":18,"column":78},"end":{"line":18,"column":131}},"17":{"start":{"line":18,"column":132},"end":{"line":18,"column":193}},"18":{"start":{"line":18,"column":149},"end":{"line":18,"column":193}},"19":{"start":{"line":18,"column":194},"end":{"line":18,"column":213}},"20":{"start":{"line":22,"column":0},"end":{"line":96,"column":3}},"21":{"start":{"line":24,"column":4},"end":{"line":24,"column":42}},"22":{"start":{"line":27,"column":2},"end":{"line":93,"column":6}},"23":{"start":{"line":30,"column":22},"end":{"line":30,"column":30}},"24":{"start":{"line":31,"column":22},"end":{"line":31,"column":41}},"25":{"start":{"line":32,"column":21},"end":{"line":32,"column":39}},"26":{"start":{"line":33,"column":22},"end":{"line":33,"column":41}},"27":{"start":{"line":34,"column":18},"end":{"line":34,"column":33}},"28":{"start":{"line":35,"column":24},"end":{"line":35,"column":45}},"29":{"start":{"line":36,"column":24},"end":{"line":36,"column":45}},"30":{"start":{"line":37,"column":21},"end":{"line":37,"column":39}},"31":{"start":{"line":38,"column":21},"end":{"line":38,"column":39}},"32":{"start":{"line":39,"column":6},"end":{"line":39,"column":77}},"33":{"start":{"line":40,"column":6},"end":{"line":40,"column":75}},"34":{"start":{"line":41,"column":6},"end":{"line":41,"column":77}},"35":{"start":{"line":42,"column":6},"end":{"line":42,"column":68}},"36":{"start":{"line":43,"column":6},"end":{"line":43,"column":68}},"37":{"start":{"line":44,"column":6},"end":{"line":44,"column":80}},"38":{"start":{"line":45,"column":6},"end":{"line":45,"column":81}},"39":{"start":{"line":46,"column":6},"end":{"line":46,"column":67}},"40":{"start":{"line":47,"column":6},"end":{"line":49,"column":9}},"41":{"start":{"line":50,"column":6},"end":{"line":50,"column":61}},"42":{"start":{"line":51,"column":19},"end":{"line":51,"column":21}},"43":{"start":{"line":52,"column":19},"end":{"line":52,"column":41}},"44":{"start":{"line":54,"column":6},"end":{"line":56,"column":7}},"45":{"start":{"line":54,"column":19},"end":{"line":54,"column":20}},"46":{"start":{"line":55,"column":8},"end":{"line":55,"column":35}},"47":{"start":{"line":58,"column":6},"end":{"line":64,"column":7}},"48":{"start":{"line":59,"column":8},"end":{"line":63,"column":11}},"49":{"start":{"line":66,"column":6},"end":{"line":66,"column":13}},"50":{"start":{"line":71,"column":23},"end":{"line":71,"column":31}},"51":{"start":{"line":72,"column":18},"end":{"line":72,"column":34}},"52":{"start":{"line":73,"column":21},"end":{"line":73,"column":40}},"53":{"start":{"line":74,"column":6},"end":{"line":74,"column":142}},"54":{"start":{"line":75,"column":6},"end":{"line":75,"column":74}},"55":{"start":{"line":76,"column":19},"end":{"line":76,"column":21}},"56":{"start":{"line":77,"column":19},"end":{"line":77,"column":41}},"57":{"start":{"line":79,"column":6},"end":{"line":81,"column":7}},"58":{"start":{"line":79,"column":19},"end":{"line":79,"column":20}},"59":{"start":{"line":80,"column":8},"end":{"line":80,"column":35}},"60":{"start":{"line":83,"column":6},"end":{"line":89,"column":7}},"61":{"start":{"line":84,"column":8},"end":{"line":88,"column":11}},"62":{"start":{"line":91,"column":6},"end":{"line":91,"column":13}},"63":{"start":{"line":95,"column":2},"end":{"line":95,"column":24}},"64":{"start":{"line":98,"column":15},"end":{"line":98,"column":29}},"65":{"start":{"line":99,"column":0},"end":{"line":99,"column":27}}},"fnMap":{"0":{"name":"_interopRequireDefault","decl":{"start":{"line":12,"column":9},"end":{"line":12,"column":31}},"loc":{"start":{"line":12,"column":37},"end":{"line":12,"column":95}},"line":12},"1":{"name":"_classCallCheck","decl":{"start":{"line":14,"column":9},"end":{"line":14,"column":24}},"loc":{"start":{"line":14,"column":48},"end":{"line":14,"column":153}},"line":14},"2":{"name":"_defineProperties","decl":{"start":{"line":16,"column":9},"end":{"line":16,"column":26}},"loc":{"start":{"line":16,"column":42},"end":{"line":16,"column":317}},"line":16},"3":{"name":"_createClass","decl":{"start":{"line":18,"column":9},"end":{"line":18,"column":21}},"loc":{"start":{"line":18,"column":60},"end":{"line":18,"column":215}},"line":18},"4":{"name":"(anonymous_4)","decl":{"start":{"line":22,"column":0},"end":{"line":22,"column":1}},"loc":{"start":{"line":22,"column":12},"end":{"line":96,"column":1}},"line":22},"5":{"name":"userMiddleware","decl":{"start":{"line":23,"column":11},"end":{"line":23,"column":25}},"loc":{"start":{"line":23,"column":28},"end":{"line":25,"column":3}},"line":23},"6":{"name":"signUpValidate","decl":{"start":{"line":29,"column":20},"end":{"line":29,"column":34}},"loc":{"start":{"line":29,"column":51},"end":{"line":67,"column":5}},"line":29},"7":{"name":"signInValidate","decl":{"start":{"line":70,"column":20},"end":{"line":70,"column":34}},"loc":{"start":{"line":70,"column":51},"end":{"line":92,"column":5}},"line":70}},"branchMap":{"0":{"loc":{"start":{"line":12,"column":46},"end":{"line":12,"column":92}},"type":"cond-expr","locations":[{"start":{"line":12,"column":70},"end":{"line":12,"column":73}},{"start":{"line":12,"column":76},"end":{"line":12,"column":92}}],"line":12},"1":{"loc":{"start":{"line":12,"column":46},"end":{"line":12,"column":67}},"type":"binary-expr","locations":[{"start":{"line":12,"column":46},"end":{"line":12,"column":49}},{"start":{"line":12,"column":53},"end":{"line":12,"column":67}}],"line":12},"2":{"loc":{"start":{"line":14,"column":50},"end":{"line":14,"column":151}},"type":"if","locations":[{"start":{"line":14,"column":50},"end":{"line":14,"column":151}},{"start":{"line":14,"column":50},"end":{"line":14,"column":151}}],"line":14},"3":{"loc":{"start":{"line":16,"column":136},"end":{"line":16,"column":166}},"type":"binary-expr","locations":[{"start":{"line":16,"column":136},"end":{"line":16,"column":157}},{"start":{"line":16,"column":161},"end":{"line":16,"column":166}}],"line":16},"4":{"loc":{"start":{"line":16,"column":200},"end":{"line":16,"column":254}},"type":"if","locations":[{"start":{"line":16,"column":200},"end":{"line":16,"column":254}},{"start":{"line":16,"column":200},"end":{"line":16,"column":254}}],"line":16},"5":{"loc":{"start":{"line":18,"column":62},"end":{"line":18,"column":131}},"type":"if","locations":[{"start":{"line":18,"column":62},"end":{"line":18,"column":131}},{"start":{"line":18,"column":62},"end":{"line":18,"column":131}}],"line":18},"6":{"loc":{"start":{"line":18,"column":132},"end":{"line":18,"column":193}},"type":"if","locations":[{"start":{"line":18,"column":132},"end":{"line":18,"column":193}},{"start":{"line":18,"column":132},"end":{"line":18,"column":193}}],"line":18},"7":{"loc":{"start":{"line":58,"column":6},"end":{"line":64,"column":7}},"type":"if","locations":[{"start":{"line":58,"column":6},"end":{"line":64,"column":7}},{"start":{"line":58,"column":6},"end":{"line":64,"column":7}}],"line":58},"8":{"loc":{"start":{"line":83,"column":6},"end":{"line":89,"column":7}},"type":"if","locations":[{"start":{"line":83,"column":6},"end":{"line":89,"column":7}},{"start":{"line":83,"column":6},"end":{"line":89,"column":7}}],"line":83}},"s":{"0":1,"1":1,"2":1,"3":1,"4":2,"5":0,"6":0,"7":1,"8":1,"9":2,"10":2,"11":2,"12":2,"13":2,"14":2,"15":1,"16":0,"17":1,"18":1,"19":1,"20":1,"21":0,"22":1,"23":0,"24":0,"25":0,"26":0,"27":0,"28":0,"29":0,"30":0,"31":0,"32":0,"33":0,"34":0,"35":0,"36":0,"37":0,"38":0,"39":0,"40":0,"41":0,"42":0,"43":0,"44":0,"45":0,"46":0,"47":0,"48":0,"49":0,"50":0,"51":0,"52":0,"53":0,"54":0,"55":0,"56":0,"57":0,"58":0,"59":0,"60":0,"61":0,"62":0,"63":1,"64":1,"65":1},"f":{"0":2,"1":0,"2":1,"3":1,"4":1,"5":0,"6":0,"7":0},"b":{"0":[1,1],"1":[2,2],"2":[0,0],"3":[2,2],"4":[2,0],"5":[0,1],"6":[1,0],"7":[0,0],"8":[0,0]},"_coverageSchema":"43e27e138ebf9cfc5966b082cf9a028302ed4184","hash":"997a480ba8ef600780595bb2e40960a47ecb6bb0","contentHash":"7de91ae625713b2dccf436fc29125ad1e153d8a323c6c9b1e8916800c4107fb0"},"C:\\Users\\TM-HP\\Desktop\\politico-app\\src\\helpers\\versionEndpoint.js":{"path":"C:\\Users\\TM-HP\\Desktop\\politico-app\\src\\helpers\\versionEndpoint.js","statementMap":{"0":{"start":{"line":3,"column":0},"end":{"line":5,"column":3}},"1":{"start":{"line":6,"column":0},"end":{"line":6,"column":25}},"2":{"start":{"line":7,"column":24},"end":{"line":7,"column":34}},"3":{"start":{"line":8,"column":15},"end":{"line":8,"column":32}},"4":{"start":{"line":9,"column":0},"end":{"line":9,"column":27}}},"fnMap":{},"branchMap":{},"s":{"0":1,"1":1,"2":1,"3":1,"4":1},"f":{},"b":{},"_coverageSchema":"43e27e138ebf9cfc5966b082cf9a028302ed4184","hash":"14be4d129bdf5b8eb624a766aa85c72e844c89fb","contentHash":"30dadfc2f078b31bfab7ed33d74bb94e5010959c3fd9ef20d47ba36e070f9aca"},"C:\\Users\\TM-HP\\Desktop\\politico-app\\src\\routes\\candidateRouter.js":{"path":"C:\\Users\\TM-HP\\Desktop\\politico-app\\src\\routes\\candidateRouter.js","statementMap":{"0":{"start":{"line":3,"column":0},"end":{"line":5,"column":3}},"1":{"start":{"line":6,"column":0},"end":{"line":6,"column":25}},"2":{"start":{"line":8,"column":15},"end":{"line":8,"column":57}},"3":{"start":{"line":10,"column":27},"end":{"line":10,"column":96}},"4":{"start":{"line":12,"column":23},"end":{"line":12,"column":88}},"5":{"start":{"line":14,"column":23},"end":{"line":14,"column":84}},"6":{"start":{"line":16,"column":22},"end":{"line":16,"column":82}},"7":{"start":{"line":18,"column":39},"end":{"line":18,"column":93}},"8":{"start":{"line":20,"column":13},"end":{"line":20,"column":38}},"9":{"start":{"line":22,"column":0},"end":{"line":22,"column":197}},"10":{"start":{"line":23,"column":15},"end":{"line":23,"column":21}},"11":{"start":{"line":24,"column":0},"end":{"line":24,"column":27}}},"fnMap":{"0":{"name":"_interopRequireDefault","decl":{"start":{"line":18,"column":9},"end":{"line":18,"column":31}},"loc":{"start":{"line":18,"column":37},"end":{"line":18,"column":95}},"line":18}},"branchMap":{"0":{"loc":{"start":{"line":18,"column":46},"end":{"line":18,"column":92}},"type":"cond-expr","locations":[{"start":{"line":18,"column":70},"end":{"line":18,"column":73}},{"start":{"line":18,"column":76},"end":{"line":18,"column":92}}],"line":18},"1":{"loc":{"start":{"line":18,"column":46},"end":{"line":18,"column":67}},"type":"binary-expr","locations":[{"start":{"line":18,"column":46},"end":{"line":18,"column":49}},{"start":{"line":18,"column":53},"end":{"line":18,"column":67}}],"line":18}},"s":{"0":1,"1":1,"2":1,"3":1,"4":1,"5":1,"6":1,"7":5,"8":1,"9":1,"10":1,"11":1},"f":{"0":5},"b":{"0":[4,1],"1":[5,5]},"_coverageSchema":"43e27e138ebf9cfc5966b082cf9a028302ed4184","hash":"ea0ef0b7d43b289e4b91c738b998c7ecee26cc76","contentHash":"a5ff35535ff3ef2155a81e1a972b1a8566ce92b3a0c75db6b8a344e49a42db27"},"C:\\Users\\TM-HP\\Desktop\\politico-app\\src\\middlewares\\candidateMiddleware.js":{"path":"C:\\Users\\TM-HP\\Desktop\\politico-app\\src\\middlewares\\candidateMiddleware.js","statementMap":{"0":{"start":{"line":3,"column":0},"end":{"line":5,"column":3}},"1":{"start":{"line":6,"column":0},"end":{"line":6,"column":25}},"2":{"start":{"line":8,"column":10},"end":{"line":8,"column":57}},"3":{"start":{"line":10,"column":39},"end":{"line":10,"column":93}},"4":{"start":{"line":12,"column":50},"end":{"line":12,"column":151}},"5":{"start":{"line":12,"column":92},"end":{"line":12,"column":149}},"6":{"start":{"line":14,"column":44},"end":{"line":14,"column":315}},"7":{"start":{"line":14,"column":57},"end":{"line":14,"column":58}},"8":{"start":{"line":14,"column":102},"end":{"line":14,"column":110}},"9":{"start":{"line":14,"column":112},"end":{"line":14,"column":167}},"10":{"start":{"line":14,"column":168},"e
[...]
"start":{"line":16,"column":0},"end":{"line":47,"column":3}},"18":{"start":{"line":18,"column":4},"end":{"line":18,"column":42}},"19":{"start":{"line":21,"column":2},"end":{"line":44,"column":6}},"20":{"start":{"line":24,"column":6},"end":{"line":24,"column":146}},"21":{"start":{"line":25,"column":6},"end":{"line":25,"column":137}},"22":{"start":{"line":26,"column":6},"end":{"line":26,"column":134}},"23":{"start":{"line":27,"column":19},"end":{"line":27,"column":21}},"24":{"start":{"line":28,"column":19},"end":{"line":28,"column":41}},"25":{"start":{"line":30,"column":6},"end":{"line":32,"column":7}},"26":{"start":{"line":30,"column":19},"end":{"line":30,"column":20}},"27":{"start":{"line":31,"column":8},"end":{"line":31,"column":35}},"28":{"start":{"line":34,"column":6},"end":{"line":40,"column":7}},"29":{"start":{"line":35,"column":8},"end":{"line":39,"column":11}},"30":{"start":{"line":42,"column":6},"end":{"line":42,"column":13}},"31":{"start":{"line":46,"column":2},"end":{"line":46,"column":24}},"32":{"start":{"line":49,"column":15},"end":{"line":49,"column":29}},"33":{"start":{"line":50,"column":0},"end":{"line":50,"column":27}}},"fnMap":{"0":{"name":"_classCallCheck","decl":{"start":{"line":8,"column":9},"end":{"line":8,"column":24}},"loc":{"start":{"line":8,"column":48},"end":{"line":8,"column":153}},"line":8},"1":{"name":"_defineProperties","decl":{"start":{"line":10,"column":9},"end":{"line":10,"column":26}},"loc":{"start":{"line":10,"column":42},"end":{"line":10,"column":317}},"line":10},"2":{"name":"_createClass","decl":{"start":{"line":12,"column":9},"end":{"line":12,"column":21}},"loc":{"start":{"line":12,"column":60},"end":{"line":12,"column":215}},"line":12},"3":{"name":"(anonymous_3)","decl":{"start":{"line":16,"column":0},"end":{"line":16,"column":1}},"loc":{"start":{"line":16,"column":12},"end":{"line":47,"column":1}},"line":16},"4":{"name":"voteValidation","decl":{"start":{"line":17,"column":11},"end":{"line":17,"column":25}},"loc":{"start":{"line":17,"column":28},"end":{"line":19,"column":3}},"line":17},"5":{"name":"vote","decl":{"start":{"line":23,"column":20},"end":{"line":23,"column":24}},"loc":{"start":{"line":23,"column":41},"end":{"line":43,"column":5}},"line":23}},"branchMap":{"0":{"loc":{"start":{"line":8,"column":50},"end":{"line":8,"column":151}},"type":"if","locations":[{"start":{"line":8,"column":50},"end":{"line":8,"column":151}},{"start":{"line":8,"column":50},"end":{"line":8,"column":151}}],"line":8},"1":{"loc":{"start":{"line":10,"column":136},"end":{"line":10,"column":166}},"type":"binary-expr","locations":[{"start":{"line":10,"column":136},"end":{"line":10,"column":157}},{"start":{"line":10,"column":161},"end":{"line":10,"column":166}}],"line":10},"2":{"loc":{"start":{"line":10,"column":200},"end":{"line":10,"column":254}},"type":"if","locations":[{"start":{"line":10,"column":200},"end":{"line":10,"column":254}},{"start":{"line":10,"column":200},"end":{"line":10,"column":254}}],"line":10},"3":{"loc":{"start":{"line":12,"column":62},"end":{"line":12,"column":131}},"type":"if","locations":[{"start":{"line":12,"column":62},"end":{"line":12,"column":131}},{"start":{"line":12,"column":62},"end":{"line":12,"column":131}}],"line":12},"4":{"loc":{"start":{"line":12,"column":132},"end":{"line":12,"column":193}},"type":"if","locations":[{"start":{"line":12,"column":132},"end":{"line":12,"column":193}},{"start":{"line":12,"column":132},"end":{"line":12,"column":193}}],"line":12},"5":{"loc":{"start":{"line":34,"column":6},"end":{"line":40,"column":7}},"type":"if","locations":[{"start":{"line":34,"column":6},"end":{"line":40,"column":7}},{"start":{"line":34,"column":6},"end":{"line":40,"column":7}}],"line":34}},"s":{"0":1,"1":1,"2":0,"3":0,"4":1,"5":1,"6":1,"7":1,"8":1,"9":1,"10":1,"11":1,"12":1,"13":0,"14":1,"15":1,"16":1,"17":1,"18":0,"19":1,"20":0,"21":0,"22":0,"23":0,"24":0,"25":0,"26":0,"27":0,"28":0,"29":0,"30":0,"31":1,"32":1,"33":1},"f":{"0":0,"1":1,"2":1,"3":1,"4":0,"5":0},"b":{"0":[0,0],"1":[1,1],"2":[1,0],"3":[0,1],"4":[1,0],"5":[0,0]},"_coverageSchema":"43e27e138ebf9cfc5966b082cf9a028302ed4184","hash":"d37be0da42c4cbbc8fd67a9e3e85fdb72dff2a5f","contentHash":"415c0044cbd46e8fb75a64066541a222716070a5b379ce6ab98f16589f73eae0"},"C:\\Users\\TM-HP\\Desktop\\politico-app\\src\\controllers\\voteCandidate.js":{"path":"C:\\Users\\TM-HP\\Desktop\\politico-app\\src\\controllers\\voteCandidate.js","statementMap":{"0":{"start":{"line":3,"column":0},"end":{"line":5,"column":3}},"1":{"start":{"line":6,"column":0},"end":{"line":6,"column":25}},"2":{"start":{"line":8,"column":10},"end":{"line":8,"column":57}},"3":{"start":{"line":10,"column":39},"end":{"line":10,"column":93}},"4":{"start":{"line":12,"column":50},"end":{"line":12,"column":151}},"5":{"start":{"line":12,"column":92},"end":{"line":12,"column":149}},"6":{"start":{"line":14,"column":44},"end":{"line":14,"column":315}},"7":{"start":{"line":14,"column":57},"end":{"line":14,"column":58}},"8":{"start":{"line":14,"column":102},"end":{"line":14,"column":110}},"9":{"start":{"line":14,"column":112},"end":{"line":14,"column":167}},"10":{"start":{"line":14,"column":168},"end":{"line":14,"column":199}},"11":{"start":{"line":14,"column":200},"end":{"line":14,"column":254}},"12":{"start":{"line":14,"column":227},"end":{"line":14,"column":254}},"13":{"start":{"line":14,"column":255},"end":{"line":14,"column":313}},"14":{"start":{"line":16,"column":62},"end":{"line":16,"column":131}},"15":{"start":{"line":16,"column":78},"end":{"line":16,"column":131}},"16":{"start":{"line":16,"column":132},"end":{"line":16,"column":193}},"17":{"start":{"line":16,"column":149},"end":{"line":16,"column":193}},"18":{"start":{"line":16,"column":194},"end":{"line":16,"column":213}},"19":{"start":{"line":20,"column":0},"end":{"line":56,"column":3}},"20":{"start":{"line":22,"column":4},"end":{"line":22,"column":41}},"21":{"start":{"line":25,"column":2},"end":{"line":53,"column":6}},"22":{"start":{"line":28,"column":22},"end":{"line":28,"column":30}},"23":{"start":{"line":29,"column":19},"end":{"line":29,"column":35}},"24":{"start":{"line":30,"column":22},"end":{"line":30,"column":41}},"25":{"start":{"line":31,"column":18},"end":{"line":31,"column":33}},"26":{"start":{"line":32,"column":17},"end":{"line":32,"column":90}},"27":{"start":{"line":33,"column":19},"end":{"line":33,"column":45}},"28":{"start":{"line":35,"column":6},"end":{"line":51,"column":9}},"29":{"start":{"line":36,"column":8},"end":{"line":44,"column":11}},"30":{"start":{"line":46,"column":8},"end":{"line":50,"column":11}},"31":{"start":{"line":55,"column":2},"end":{"line":55,"column":23}},"32":{"start":{"line":58,"column":15},"end":{"line":58,"column":28}},"33":{"start":{"line":59,"column":0},"end":{"line":59,"column":27}}},"fnMap":{"0":{"name":"_interopRequireDefault","decl":{"start":{"line":10,"column":9},"end":{"line":10,"column":31}},"loc":{"start":{"line":10,"column":37},"end":{"line":10,"column":95}},"line":10},"1":{"name":"_classCallCheck","decl":{"start":{"line":12,"column":9},"end":{"line":12,"column":24}},"loc":{"start":{"line":12,"column":48},"end":{"line":12,"column":153}},"line":12},"2":{"name":"_defineProperties","decl":{"start":{"line":14,"column":9},"end":{"line":14,"column":26}},"loc":{"start":{"line":14,"column":42},"end":{"line":14,"column":317}},"line":14},"3":{"name":"_createClass","decl":{"start":{"line":16,"column":9},"end":{"line":16,"column":21}},"loc":{"start":{"line":16,"column":60},"end":{"line":16,"column":215}},"line":16},"4":{"name":"(anonymous_4)","decl":{"start":{"line":20,"column":0},"end":{"line":20,"column":1}},"loc":{"start":{"line":20,"column":12},"end":{"line":56,"column":1}},"line":20},"5":{"name":"voteCandidate","decl":{"start":{"line":21,"column":11},"end":{"line":21,"column":24}},"loc":{"start":{"line":21,"column":27},"end":{"line":23,"column":3}},"line":21},"6":{"name":"vote","decl":{"start":{"line":27,"column":20},"end":{"line":27,"column":24}},"loc":{"start":{"line":27,"column":35},"end":{"line":52,"column":5}},"line":27},"7":{"name":"(anonymous_7)","decl":{"start":{"line":35,"column":43},"end":{"line":35,"column":44}},"loc":{"start":{"line":35,"column":60},"end":{"line":45,"column":7}},"line":35},"8":{"name":"(anonymous_8)","decl":{"start":{"line":45,"column":15},"end":{"line":45,"column":16}},"loc":{"start":{"line":45,"column":30},"end":{"line":51,"column":7}},"line":45}},"branchMap":{"0":{"loc":{"start":{"line":10,"column":46},"end":{"line":10,"column":92}},"type":"cond-expr","locations":[{"start":{"line":10,"column":70},"end":{"line":10,"column":73}},{"start":{"line":10,"column":76},"end":{"line":10,"column":92}}],"line":10},"1":{"loc":{"start":{"line":10,"column":46},"end":{"line":10,"column":67}},"type":"binary-expr","locations":[{"start":{"line":10,"column":46},"end":{"line":10,"column":49}},{"start":{"line":10,"column":53},"end":{"line":10,"column":67}}],"line":10},"2":{"loc":{"start":{"line":12,"column":50},"end":{"line":12,"column":151}},"type":"if","locations":[{"start":{"line":12,"column":50},"end":{"line":12,"column":151}},{"start":{"line":12,"column":50},"end":{"line":12,"column":151}}],"line":12},"3":{"loc":{"start":{"line":14,"column":136},"end":{"line":14,"column":166}},"type":"binary-expr","locations":[{"start":{"line":14,"column":136},"end":{"line":14,"column":157}},{"start":{"line":14,"column":161},"end":{"line":14,"column":166}}],"line":14},"4":{"loc":{"start":{"line":14,"column":200},"end":{"line":14,"column":254}},"type":"if","locations":[{"start":{"line":14,"column":200},"end":{"line":14,"column":254}},{"start":{"line":14,"column":200},"end":{"line":14,"column":254}}],"line":14},"5":{"loc":{"start":{"line":16,"column":62},"end":{"line":16,"column":131}},"type":"if","locations":[{"start":{"line":16,"column":62},"end":{"line":16,"column":131}},{"start":{"line":16,"column":62},"end":{"line":16,"column":131}}],"line":16},"6":{"loc":{"start":{"line":16,"column":132},"end":{"line":16,"column":193}},"type":"if","locations":[{"start":{"line":16,"column":132},"end":{"line":16,"column":193}},{"start":{"line":16,"column":132},"end":{"line":16,"column":193}}],"line":16}},"s":{"0":1,"1":1,"2":1,"3":1,"4":0,"5":0,"6":1,"7":1,"8":1,"9":1,"10":1,"11":1,"12":1,"13":1,"14":1,"15":0,"16":1,"17":1,"18":1,"19":1,"20":0,"21":1,"22":0,"23":0,"24":0,"25":0,"26":0,"27":0,"28":0,"29":0,"30":0,"31":1,"32":1,"33":1},"f":{"0":1,"1":0,"2":1,"3":1,"4":1,"5":0,"6":0,"7":0,"8":0},"b":{"0":[1,0],"1":[1,1],"2":[0,0],"3":[1,1],"4":[1,0],"5":[0,1],"6":[1,0]},"_coverageSchema":"43e27e138ebf9cfc5966b082cf9a028302ed4184","hash":"e372f3205482b4077e1674023676d9abf5ce3013","contentHash":"f84e9023b5d30ce906ad8b17cf66fe8a4c8bdeac631d5a293a72b1b28d1c25a5"},"C:\\Users\\TM-HP\\Desktop\\politico-app\\src\\routes\\resultRouter.js":{"path":"C:\\Users\\TM-HP\\Desktop\\politico-app\\src\\routes\\resultRouter.js","statementMap":{"0":{"start":{"line":3,"column":0},"end":{"line":5,"column":3}},"1":{"start":{"line":6,"column":0},"end":{"line":6,"column":25}},"2":{"start":{"line":8,"column":15},"end":{"line":8,"column":57}},"3":{"start":{"line":10,"column":24},"end":{"line":10,"column":90}},"4":{"start":{"line":12,"column":23},"end":{"line":12,"column":84}},"5":{"start":{"line":14,"column":22},"end":{"line":14,"column":82}},"6":{"start":{"line":16,"column":39},"end":{"line":16,"column":93}},"7":{"start":{"line":18,"column":13},"end":{"line":18,"column":38}},"8":{"start":{"line":20,"column":0},"end":{"line":20,"column":100}},"9":{"start":{"line":21,"column":15},"end":{"line":21,"column":21}},"10":{"start":{"line":22,"column":0},"end":{"line":22,"column":27}}},"fnMap":{"0":{"name":"_interopRequireDefault","decl":{"start":{"line":16,"column":9},"end":{"line":16,"column":31}},"loc":{"start":{"line":16,"column":37},"end":{"line":16,"column":95}},"line":16}},"branchMap":{"0":{"loc":{"start":{"line":16,"column":46},"end":{"line":16,"column":92}},"type":"cond-expr","locations":[{"start":{"line":16,"column":70},"end":{"line":16,"column":73}},{"start":{"line":16,"column":76},"end":{"line":16,"column":92}}],"line":16},"1":{"loc":{"start":{"line":16,"column":46},"end":{"line":16,"column":67}},"type":"binary-expr","locations":[{"start":{"line":16,"column":46},"end":{"line":16,"column":49}},{"start":{"line":16,"column":53},"end":{"line":16,"column":67}}],"line":16}},"s":{"0":1,"1":1,"2":1,"3":1,"4":1,"5":1,"6":4,"7":1,"8":1,"9":1,"10":1},"f":{"0":4},"b":{"0":[3,1],"1":[4,4]},"_coverageSchema":"43e27e138ebf9cfc5966b082cf9a028302ed4184","hash":"e8776e54fbb9d752b64582be5397bbc79dc42431","contentHash":"69a4036481796d255976cdbe43fcbb4015a287c705c9fde8c19c98d97ca97ae9"},"C:\\Users\\TM-HP\\Desktop\\politico-app\\src\\controllers\\resultController.js":{"path":"C:\\Users\\TM-HP\\Desktop\\politico-app\\src\\controllers\\resultController.js","statementMap":{"0":{"start":{"line":3,"column":0},"end":{"line":5,"column":3}},"1":{"start":{"line":6,"column":0},"end":{"line":6,"column":25}},"2":{"start":{"line":8,"column":10},"end":{"line":8,"column":57}},"3":{"start":{"line":10,"column":39},"end":{"line":10,"column":93}},"4":{"start":{"line":12,"column":50},"end":{"line":12,"column":151}},"5":{"start":{"line":12,"column":92},"end":{"line":12,"column":149}},"6":{"start":{"line":14,"column":44},"end":{"line":14,"column":315}},"7":{"start":{"line":14,"column":57},"end":{"line":14,"column":58}},"8":{"start":{"line":14,"column":102},"end":{"line":14,"column":110}},"9":{"start":{"line":14,"column":112},"end":{"line":14,"column":167}},"10":{"start":{"line":14,"column":168},"end":{"line":14,"column":199}},"11":{"start":{"line":14,"column":200},"end":{"line":14,"column":254}},"12":{"start":{"line":14,"column":227},"end":{"line":14,"column":254}},"13":{"start":{"line":14,"column":255},"end":{"line":14,"column":313}},"14":{"start":{"line":16,"column":62},"end":{"line":16,"column":131}},"15":{"start":{"line":16,"column":78},"end":{"line":16,"column":131}},"16":{"start":{"line":16,"column":132},"end":{"line":16,"column":193}},"17":{"start":{"line":16,"column":149},"end":{"line":16,"column":193}},"18":{"start":{"line":16,"column":194},"end":{"line":16,"column":213}},"19":{"start":{"line":20,"column":0},"end":{"line":57,"column":3}},"20":{"start":{"line":22,"column":4},"end":{"line":22,"column":44}},"21":{"start":{"line":25,"column":2},"end":{"line":54,"column":6}},"22":{"start":{"line":28,"column":19},"end":{"line":28,"column":42}},"23":{"start":{"line":29,"column":17},"end":{"line":29,"column":114}},"24":{"start":{"line":30,"column":19},"end":{"line":30,"column":27}},"25":{"start":{"line":32,"column":6},"end":{"line":52,"column":9}},"26":{"start":{"line":33,"column":8},"end":{"line":39,"column":9}},"27":{"start":{"line":34,"column":10},"end":{"line":38,"column":13}},"28":{"start":{"line":41,"column":8},"end":{"line":45,"column":11}},"29":{"start":{"line":47,"column":8},"end":{"line":51,"column":11}},"30":{"start":{"line":56,"column":2},"end":{"line":56,"column":26}},"31":{"start":{"line":59,"column":15},"end":{"line":59,"column":31}},"32":{"start":{"line":60,"column":0},"end":{"line":60,"column":27}}},"fnMap":{"0":{"name":"_interopRequireDefault","decl":{"start":{"line":10,"column":9},"end":{"line":10,"column":31}},"loc":{"start":{"line":10,"column":37},"end":{"line":10,"column":95}},"line":10},"1":{"name":"_classCallCheck","decl":{"start":{"line":12,"column":9},"end":{"line":12,"column":24}},"loc":{"start":{"line":12,"column":48},"end":{"line":12,"column":153}},"line":12},"2":{"name":"_defineProperties","decl":{"start":{"line":14,"column":9},"end":{"line":14,"column":26}},"loc":{"start":{"line":14,"column":42},"end":{"line":14,"column":317}},"line":14},"3":{"name":"_createClass","decl":{"start":{"line":16,"column":9},"end":{"line":16,"column":21}},"loc":{"start":{"line":16,"column":60},"end":{"line":16,"column":215}},"line":16},"4":{"name":"(anonymous_4)","decl":{"start":{"line":20,"column":0},"end":{"line":20,"column":1}},"loc":{"start":{"line":20,"column":12},"end":{"line":57,"column":1}},"line":20},"5":{"name":"resultController","decl":{"start":{"line":21,"column":11},"end":{"line":21,"column":27}},"loc":{"start":{"line":21,"column":30},"end":{"line":23,"column":3}},"line":21},"6":{"name":"viewResult","decl":{"start":{"line":27,"column":20},"end":{"line":27,"column":30}},"loc":{"start":{"line":27,"column":41},"end":{"line":53,"column":5}},"line":27},"7":{"name":"(anonymous_7)","decl":{"start":{"line":32,"column":43},"end":{"line":32,"column":44}},"loc":{"start":{"line":32,"column":61},"end":{"line":46,"column":7}},"line":32},"8":{"name":"(anonymous_8)","decl":{"start":{"line":46,"column":15},"end":{"line":46,"column":16}},"loc":{"start":{"line":46,"column":30},"end":{"line":52,"column":7}},"line":46}},"branchMap":{"0":{"loc":{"start":{"line":10,"column":46},"end":{"line":10,"column":92}},"type":"cond-expr","locations":[{"start":{"line":10,"column":70},"end":{"line":10,"column":73}},{"start":{"line":10,"column":76},"end":{"line":10,"column":92}}],"line":10},"1":{"loc":{"start":{"line":10,"column":46},"end":{"line":10,"column":67}},"type":"binary-expr","locations":[{"start":{"line":10,"column":46},"end":{"line":10,"column":49}},{"start":{"line":10,"column":53},"end":{"line":10,"column":67}}],"line":10},"2":{"loc":{"start":{"line":12,"column":50},"end":{"line":12,"column":151}},"type":"if","locations":[{"start":{"line":12,"column":50},"end":{"line":12,"column":151}},{"start":{"line":12,"column":50},"end":{"line":12,"column":151}}],"line":12},"3":{"loc":{"start":{"line":14,"column":136},"end":{"line":14,"column":166}},"type":"binary-expr","locations":[{"start":{"line":14,"column":136},"end":{"line":14,"column":157}},{"start":{"line":14,"column":161},"end":{"line":14,"column":166}}],"line":14},"4":{"loc":{"start":{"line":14,"column":200},"end":{"line":14,"column":254}},"type":"if","locations":[{"start":{"line":14,"column":200},"end":{"line":14,"column":254}},{"start":{"line":14,"column":200},"end":{"line":14,"column":254}}],"line":14},"5":{"loc":{"start":{"line":16,"column":62},"end":{"line":16,"column":131}},"type":"if","locations":[{"start":{"line":16,"column":62},"end":{"line":16,"column":131}},{"start":{"line":16,"column":62},"end":{"line":16,"column":131}}],"line":16},"6":{"loc":{"start":{"line":16,"column":132},"end":{"line":16,"column":193}},"type":"if","locations":[{"start":{"line":16,"column":132},"end":{"line":16,"column":193}},{"start":{"line":16,"column":132},"end":{"line":16,"column":193}}],"line":16},"7":{"loc":{"start":{"line":33,"column":8},"end":{"line":39,"column":9}},"type":"if","locations":[{"start":{"line":33,"column":8},"end":{"line":39,"column":9}},{"start":{"line":33,"column":8},"end":{"line":39,"column":9}}],"line":33}},"s":{"0":1,"1":1,"2":1,"3":1,"4":0,"5":0,"6":1,"7":1,"8":1,"9":1,"10":1,"11":1,"12":1,"13":1,"14":1,"15":0,"16":1,"17":1,"18":1,"19":1,"20":0,"21":1,"22":0,"23":0,"24":0,"25":0,"26":0,"27":0,"28":0,"29":0,"30":1,"31":1,"32":1},"f":{"0":1,"1":0,"2":1,"3":1,"4":1,"5":0,"6":0,"7":0,"8":0},"b":{"0":[1,0],"1":[1,1],"2":[0,0],"3":[1,1],"4":[1,0],"5":[0,1],"6":[1,0],"7":[0,0]},"_coverageSchema":"43e27e138ebf9cfc5966b082cf9a028302ed4184","hash":"9be60b482c486ce562e3f035f5643a159cee41f0","contentHash":"58318dcc302677ca9a16b6a2fc236a6f8fa7df487c3767ec5354802ce664b622"},"C:\\Users\\TM-HP\\Desktop\\politico-app\\src\\db\\officeDb.js":{"path":"C:\\Users\\TM-HP\\Desktop\\politico-app\\src\\db\\officeDb.js","statementMap":{"0":{"start":{"line":3,"column":0},"end":{"line":5,"column":3}},"1":{"start":{"line":6,"column":0},"end":{"line":6,"column":25}},"2":{"start":{"line":7,"column":13},"end":{"line":15,"column":2}},"3":{"start":{"line":16,"column":15},"end":{"line":16,"column":21}},"4":{"start":{"line":17,"column":0},"end":{"line":17,"column":27}}},"fnMap":{},"branchMap":{},"s":{"0":1,"1":1,"2":1,"3":1,"4":1},"f":{},"b":{},"_coverageSchema":"43e27e138ebf9cfc5966b082cf9a028302ed4184","hash":"be63c4e04a7e5672df3bc56949ad0182f589b232","contentHash":"a243cf7eff8821281da6b58d45145b9ee0a712e6996d2ae949231b545267e85f"}}